#
# There is insufficient memory for the Java Runtime Environment to continue.
# Native memory allocation (malloc) failed to allocate 242896 bytes. Error detail: Chunk::new
# Possible reasons:
#   The system is out of physical RAM or swap space
#   This process is running with CompressedOops enabled, and the Java Heap may be blocking the growth of the native heap
# Possible solutions:
#   Reduce memory load on the system
#   Increase physical memory or swap space
#   Check if swap backing store is full
#   Decrease Java heap size (-Xmx/-Xms)
#   Decrease number of Java threads
#   Decrease Java thread stack sizes (-Xss)
#   Set larger code cache with -XX:ReservedCodeCacheSize=
#   JVM is running with Unscaled Compressed Oops mode in which the Java heap is
#     placed in the first 4GB address space. The Java Heap base address is the
#     maximum limit for the native heap growth. Please use -XX:HeapBaseMinAddress
#     to set the Java Heap base and to place the Java Heap above 4GB virtual address.
# This output file may be truncated or incomplete.
#
#  Out of Memory Error (arena.cpp:168), pid=18572, tid=24068
#
# JRE version: OpenJDK Runtime Environment Temurin-21.0.8+9 (21.0.8+9) (build 21.0.8+9-LTS)
# Java VM: OpenJDK 64-Bit Server VM Temurin-21.0.8+9 (21.0.8+9-LTS, mixed mode, sharing, tiered, compressed oops, compressed class ptrs, parallel gc, windows-amd64)
# No core dump will be written. Minidumps are not enabled by default on client versions of Windows
#

---------------  S U M M A R Y ------------

Command Line: --add-modules=ALL-SYSTEM --add-opens=java.base/java.util=ALL-UNNAMED --add-opens=java.base/java.lang=ALL-UNNAMED --add-opens=java.base/sun.nio.fs=ALL-UNNAMED -Declipse.application=org.eclipse.jdt.ls.core.id1 -Dosgi.bundles.defaultStartLevel=4 -Declipse.product=org.eclipse.jdt.ls.core.product -Djava.import.generatesMetadataFilesAtProjectRoot=false -DDetectVMInstallationsJob.disabled=true -Dfile.encoding=utf8 -XX:+UseParallelGC -XX:GCTimeRatio=4 -XX:AdaptiveSizePolicyWeight=90 -Dsun.zip.disableMemoryMapping=true -Xmx2G -Xms100m -Xlog:disable -javaagent:c:\Users\12345\.vscode\extensions\redhat.java-1.46.0-win32-x64\lombok\lombok-1.18.39-4050.jar -XX:+HeapDumpOnOutOfMemoryError -XX:HeapDumpPath=c:\Users\12345\AppData\Roaming\Code\User\workspaceStorage\676b7cd3ff3015699f0f15c4871616e0\redhat.java -Daether.dependencyCollector.impl=bf c:\Users\12345\.vscode\extensions\redhat.java-1.46.0-win32-x64\server\plugins\org.eclipse.equinox.launcher_1.7.0.v20250519-0528.jar -configuration c:\Users\12345\AppData\Roaming\Code\User\globalStorage\redhat.java\1.46.0\config_win -data c:\Users\12345\AppData\Roaming\Code\User\workspaceStorage\676b7cd3ff3015699f0f15c4871616e0\redhat.java\jdt_ws --pipe=\\.\pipe\lsp-00edc49ded0af13b22205d1c2d10e31e-sock

Host: AMD Ryzen 5 7600 6-Core Processor              , 12 cores, 15G,  Windows 11 , 64 bit Build 22621 (10.0.22621.5415)
Time: Sat Oct 11 22:37:15 2025 India Standard Time elapsed time: 0.512708 seconds (0d 0h 0m 0s)

---------------  T H R E A D  ---------------

Current thread (0x000001d98a345f50):  JavaThread "C2 CompilerThread0" daemon [_thread_in_native, id=24068, stack(0x0000007ff7b00000,0x0000007ff7c00000) (1024K)]


Current CompileTask:
C2:512  630       4       lombok.patcher.scripts.MethodLevelPatchScript::patch (21 bytes)

Stack: [0x0000007ff7b00000,0x0000007ff7c00000]
Native frames: (J=compiled Java code, j=interpreted, Vv=VM code, C=native code)
V  [jvm.dll+0x6d2449]
V  [jvm.dll+0x8ae341]
V  [jvm.dll+0x8b08be]
V  [jvm.dll+0x8b0fa3]
V  [jvm.dll+0x280c96]
V  [jvm.dll+0xc581d]
V  [jvm.dll+0xc5d53]
V  [jvm.dll+0x3b919c]
V  [jvm.dll+0x1e1409]
V  [jvm.dll+0x249022]
V  [jvm.dll+0x2484af]
V  [jvm.dll+0x1c89ee]
V  [jvm.dll+0x257d4d]
V  [jvm.dll+0x2562ea]
V  [jvm.dll+0x3f2d16]
V  [jvm.dll+0x857e6b]
V  [jvm.dll+0x6d0b0d]
C  [ucrtbase.dll+0x29333]
C  [KERNEL32.DLL+0x1259d]
C  [ntdll.dll+0x5af78]


---------------  P R O C E S S  ---------------

Threads class SMR info:
_java_thread_list=0x000001d99046c320, length=14, elements={
0x000001d931493370, 0x000001d947f09350, 0x000001d93153d5f0, 0x000001d947f0ca40,
0x000001d947f11b60, 0x000001d947f133e0, 0x000001d947f145d0, 0x000001d98a345f50,
0x000001d98a349780, 0x000001d98a4208f0, 0x000001d98a5e59b0, 0x000001d98a5d9a70,
0x000001d98b397f70, 0x000001d99046adb0
}

Java Threads: ( => current thread )
  0x000001d931493370 JavaThread "main"                              [_thread_in_vm, id=2236, stack(0x0000007ff7100000,0x0000007ff7200000) (1024K)]
  0x000001d947f09350 JavaThread "Reference Handler"          daemon [_thread_blocked, id=17000, stack(0x0000007ff7500000,0x0000007ff7600000) (1024K)]
  0x000001d93153d5f0 JavaThread "Finalizer"                  daemon [_thread_blocked, id=22680, stack(0x0000007ff7600000,0x0000007ff7700000) (1024K)]
  0x000001d947f0ca40 JavaThread "Signal Dispatcher"          daemon [_thread_blocked, id=22852, stack(0x0000007ff7700000,0x0000007ff7800000) (1024K)]
  0x000001d947f11b60 JavaThread "Attach Listener"            daemon [_thread_blocked, id=24164, stack(0x0000007ff7800000,0x0000007ff7900000) (1024K)]
  0x000001d947f133e0 JavaThread "Service Thread"             daemon [_thread_blocked, id=24568, stack(0x0000007ff7900000,0x0000007ff7a00000) (1024K)]
  0x000001d947f145d0 JavaThread "Monitor Deflation Thread"   daemon [_thread_blocked, id=22540, stack(0x0000007ff7a00000,0x0000007ff7b00000) (1024K)]
=>0x000001d98a345f50 JavaThread "C2 CompilerThread0"         daemon [_thread_in_native, id=24068, stack(0x0000007ff7b00000,0x0000007ff7c00000) (1024K)]
  0x000001d98a349780 JavaThread "C1 CompilerThread0"         daemon [_thread_blocked, id=17424, stack(0x0000007ff7c00000,0x0000007ff7d00000) (1024K)]
  0x000001d98a4208f0 JavaThread "Common-Cleaner"             daemon [_thread_blocked, id=18212, stack(0x0000007ff7d00000,0x0000007ff7e00000) (1024K)]
  0x000001d98a5e59b0 JavaThread "C2 CompilerThread1"         daemon [_thread_in_native, id=18872, stack(0x0000007ff7e00000,0x0000007ff7f00000) (1024K)]
  0x000001d98a5d9a70 JavaThread "Notification Thread"        daemon [_thread_blocked, id=7440, stack(0x0000007ff7f00000,0x0000007ff8000000) (1024K)]
  0x000001d98b397f70 JavaThread "C2 CompilerThread2"         daemon [_thread_blocked, id=5976, stack(0x0000007ff8000000,0x0000007ff8100000) (1024K)]
  0x000001d99046adb0 JavaThread "Active Thread: Equinox Container: c9b75ea2-7718-419c-9c53-6c4e5dcfd053"        [_thread_blocked, id=24292, stack(0x0000007ff8700000,0x0000007ff8800000) (1024K)]
Total: 14

Other Threads:
  0x000001d98a340d70 VMThread "VM Thread"                           [id=4880, stack(0x0000007ff7400000,0x0000007ff7500000) (1024K)]
  0x000001d9314f8630 WatcherThread "VM Periodic Task Thread"        [id=9240, stack(0x0000007ff7300000,0x0000007ff7400000) (1024K)]
  0x000001d9314a9500 WorkerThread "GC Thread#0"                     [id=12928, stack(0x0000007ff7200000,0x0000007ff7300000) (1024K)]
  0x000001d98b60f980 WorkerThread "GC Thread#1"                     [id=17848, stack(0x0000007ff8100000,0x0000007ff8200000) (1024K)]
  0x000001d98b348190 WorkerThread "GC Thread#2"                     [id=23816, stack(0x0000007ff8200000,0x0000007ff8300000) (1024K)]
  0x000001d98b348530 WorkerThread "GC Thread#3"                     [id=7772, stack(0x0000007ff8300000,0x0000007ff8400000) (1024K)]
  0x000001d98b92e550 WorkerThread "GC Thread#4"                     [id=15740, stack(0x0000007ff8400000,0x0000007ff8500000) (1024K)]
  0x000001d99016db60 WorkerThread "GC Thread#5"                     [id=5284, stack(0x0000007ff8500000,0x0000007ff8600000) (1024K)]
  0x000001d98b92e8f0 WorkerThread "GC Thread#6"                     [id=8780, stack(0x0000007ff8600000,0x0000007ff8700000) (1024K)]
Total: 9

Threads with active compile tasks:
C2 CompilerThread0  520  630       4       lombok.patcher.scripts.MethodLevelPatchScript::patch (21 bytes)
C2 CompilerThread1  520 1709 %     4       java.io.WinNTFileSystem::normalize @ 58 (224 bytes)
C2 CompilerThread2  520 1715       4       java.io.WinNTFileSystem::normalize (143 bytes)
Total: 3

VM state: not at safepoint (normal execution)

VM Mutex/Monitor currently owned by a thread: None

Heap address: 0x0000000080000000, size: 2048 MB, Compressed Oops mode: 32-bit

CDS archive(s) mapped at: [0x000001d948000000-0x000001d948ba0000-0x000001d948ba0000), size 12189696, SharedBaseAddress: 0x000001d948000000, ArchiveRelocationMode: 1.
Compressed class space mapped at: 0x000001d949000000-0x000001d989000000, reserved size: 1073741824
Narrow klass base: 0x000001d948000000, Narrow klass shift: 0, Narrow klass range: 0x100000000

GC Precious Log:
 CardTable entry size: 512
 CPUs: 12 total, 12 available
 Memory: 15400M
 Large Page Support: Disabled
 NUMA Support: Disabled
 Compressed Oops: Enabled (32-bit)
 Alignments: Space 512K, Generation 512K, Heap 2M
 Heap Min Capacity: 100M
 Heap Initial Capacity: 100M
 Heap Max Capacity: 2G
 Pre-touch: Disabled
 Parallel Workers: 10

Heap:
 PSYoungGen      total 29696K, used 28341K [0x00000000d5580000, 0x00000000d7680000, 0x0000000100000000)
  eden space 25600K, 97% used [0x00000000d5580000,0x00000000d6deb8e8,0x00000000d6e80000)
  from space 4096K, 81% used [0x00000000d6e80000,0x00000000d71c1e18,0x00000000d7280000)
  to   space 4096K, 0% used [0x00000000d7280000,0x00000000d7280000,0x00000000d7680000)
 ParOldGen       total 68608K, used 16K [0x0000000080000000, 0x0000000084300000, 0x00000000d5580000)
  object space 68608K, 0% used [0x0000000080000000,0x0000000080004000,0x0000000084300000)
 Metaspace       used 7886K, committed 8192K, reserved 1114112K
  class space    used 829K, committed 960K, reserved 1048576K

Card table byte_map: [0x000001d930e50000,0x000001d931260000] _byte_map_base: 0x000001d930a50000

Marking Bits: (ParMarkBitMap*) 0x00007ffdee8ba340
 Begin Bits: [0x000001d943920000, 0x000001d945920000)
 End Bits:   [0x000001d945920000, 0x000001d947920000)

Polling page: 0x000001d930c40000

Metaspace:

Usage:
  Non-class:      6.89 MB used.
      Class:    829.40 KB used.
       Both:      7.70 MB used.

Virtual space:
  Non-class space:       64.00 MB reserved,       7.06 MB ( 11%) committed,  1 nodes.
      Class space:        1.00 GB reserved,     960.00 KB ( <1%) committed,  1 nodes.
             Both:        1.06 GB reserved,       8.00 MB ( <1%) committed. 

Chunk freelists:
   Non-Class:  8.84 MB
       Class:  14.91 MB
        Both:  23.75 MB

MaxMetaspaceSize: unlimited
CompressedClassSpaceSize: 1.00 GB
Initial GC threshold: 21.00 MB
Current GC threshold: 21.00 MB
CDS: on
 - commit_granule_bytes: 65536.
 - commit_granule_words: 8192.
 - virtual_space_node_default_size: 8388608.
 - enlarge_chunks_in_place: 1.
 - use_allocation_guard: 0.


Internal statistics:

num_allocs_failed_limit: 0.
num_arena_births: 228.
num_arena_deaths: 0.
num_vsnodes_births: 2.
num_vsnodes_deaths: 0.
num_space_committed: 128.
num_space_uncommitted: 0.
num_chunks_returned_to_freelist: 0.
num_chunks_taken_from_freelist: 413.
num_chunk_merges: 0.
num_chunk_splits: 266.
num_chunks_enlarged: 181.
num_inconsistent_stats: 0.

CodeHeap 'non-profiled nmethods': size=120000Kb used=705Kb max_used=705Kb free=119294Kb
 bounds [0x000001d93c140000, 0x000001d93c3b0000, 0x000001d943670000]
CodeHeap 'profiled nmethods': size=120000Kb used=3036Kb max_used=3036Kb free=116963Kb
 bounds [0x000001d934670000, 0x000001d934970000, 0x000001d93bba0000]
CodeHeap 'non-nmethods': size=5760Kb used=1227Kb max_used=1255Kb free=4533Kb
 bounds [0x000001d93bba0000, 0x000001d93be10000, 0x000001d93c140000]
CodeCache: size=245760Kb, used=4968Kb, max_used=4996Kb, free=240790Kb
 total_blobs=2195, nmethods=1712, adapters=390, full_count=0
Compilation: enabled, stopped_count=0, restarted_count=0

Compilation events (20 events):
Event: 0.218 Thread 0x000001d98a5e59b0 nmethod 711 0x000001d93c180e90 code [0x000001d93c181020, 0x000001d93c181158]
Event: 0.218 Thread 0x000001d98a5e59b0  712       4       java.lang.String::isLatin1 (19 bytes)
Event: 0.219 Thread 0x000001d98a5e59b0 nmethod 712 0x000001d93c181290 code [0x000001d93c181420, 0x000001d93c1814b0]
Event: 0.220 Thread 0x000001d98a5e59b0  716       4       java.util.Collections$UnmodifiableCollection::iterator (9 bytes)
Event: 0.221 Thread 0x000001d98a349780 nmethod 714 0x000001d934771c90 code [0x000001d934772500, 0x000001d934777510]
Event: 0.221 Thread 0x000001d98a349780  718       3       java.lang.String::toLowerCase (29 bytes)
Event: 0.222 Thread 0x000001d98a349780 nmethod 718 0x000001d934778f90 code [0x000001d934779160, 0x000001d934779418]
Event: 0.222 Thread 0x000001d98a349780  719       3       java.security.Provider$ServiceKey::<init> (39 bytes)
Event: 0.222 Thread 0x000001d98a349780 nmethod 719 0x000001d934779510 code [0x000001d934779700, 0x000001d934779b40]
Event: 0.222 Thread 0x000001d98a349780  720       3       java.security.Provider$ServiceKey::hashCode (19 bytes)
Event: 0.222 Thread 0x000001d98a349780 nmethod 720 0x000001d934779d10 code [0x000001d934779ec0, 0x000001d93477a058]
Event: 0.222 Thread 0x000001d98a349780  721       1       java.security.Provider$UString::toString (5 bytes)
Event: 0.222 Thread 0x000001d98a349780 nmethod 721 0x000001d93c181590 code [0x000001d93c181720, 0x000001d93c1817e8]
Event: 0.222 Thread 0x000001d98a349780  722       1       java.security.Provider$Service::getProvider (5 bytes)
Event: 0.222 Thread 0x000001d98a349780 nmethod 722 0x000001d93c181d10 code [0x000001d93c181ea0, 0x000001d93c181f68]
Event: 0.222 Thread 0x000001d98a349780  723       1       java.security.Provider$Service::getClassName (5 bytes)
Event: 0.222 Thread 0x000001d98a349780 nmethod 723 0x000001d93c182010 code [0x000001d93c1821a0, 0x000001d93c182268]
Event: 0.223 Thread 0x000001d98a349780  725       3       sun.security.provider.SHA2::implCompress0 (448 bytes)
Event: 0.223 Thread 0x000001d98a349780 nmethod 725 0x000001d93477a190 code [0x000001d93477a3e0, 0x000001d93477af90]
Event: 0.224 Thread 0x000001d98a349780  727       3       sun.security.provider.ByteArrayAccess::b2iBig64 (231 bytes)

GC Heap History (0 events):
No events

Dll operation events (8 events):
Event: 0.006 Loaded shared library c:\Users\12345\.vscode\extensions\redhat.java-1.46.0-win32-x64\jre\21.0.8-win32-x86_64\bin\java.dll
Event: 0.055 Loaded shared library c:\Users\12345\.vscode\extensions\redhat.java-1.46.0-win32-x64\jre\21.0.8-win32-x86_64\bin\zip.dll
Event: 0.066 Loaded shared library C:\Users\12345\.vscode\extensions\redhat.java-1.46.0-win32-x64\jre\21.0.8-win32-x86_64\bin\instrument.dll
Event: 0.068 Loaded shared library C:\Users\12345\.vscode\extensions\redhat.java-1.46.0-win32-x64\jre\21.0.8-win32-x86_64\bin\net.dll
Event: 0.069 Loaded shared library C:\Users\12345\.vscode\extensions\redhat.java-1.46.0-win32-x64\jre\21.0.8-win32-x86_64\bin\nio.dll
Event: 0.070 Loaded shared library C:\Users\12345\.vscode\extensions\redhat.java-1.46.0-win32-x64\jre\21.0.8-win32-x86_64\bin\zip.dll
Event: 0.080 Loaded shared library C:\Users\12345\.vscode\extensions\redhat.java-1.46.0-win32-x64\jre\21.0.8-win32-x86_64\bin\jimage.dll
Event: 0.109 Loaded shared library c:\Users\12345\.vscode\extensions\redhat.java-1.46.0-win32-x64\jre\21.0.8-win32-x86_64\bin\verify.dll

Deoptimization events (20 events):
Event: 0.210 Thread 0x000001d931493370 DEOPT PACKING pc=0x000001d934764f04 sp=0x0000007ff71fd600
Event: 0.210 Thread 0x000001d931493370 DEOPT UNPACKING pc=0x000001d93bbf78e2 sp=0x0000007ff71fca58 mode 0
Event: 0.210 Thread 0x000001d931493370 DEOPT PACKING pc=0x000001d934764f04 sp=0x0000007ff71fd600
Event: 0.210 Thread 0x000001d931493370 DEOPT UNPACKING pc=0x000001d93bbf78e2 sp=0x0000007ff71fca58 mode 0
Event: 0.212 Thread 0x000001d931493370 Uncommon trap: trap_request=0xffffffde fr.pc=0x000001d93c14fa8c relative=0x000000000000092c
Event: 0.212 Thread 0x000001d931493370 Uncommon trap: reason=class_check action=maybe_recompile pc=0x000001d93c14fa8c method=java.util.HashMap.putVal(ILjava/lang/Object;Ljava/lang/Object;ZZ)Ljava/lang/Object; @ 91 c2
Event: 0.212 Thread 0x000001d931493370 DEOPT PACKING pc=0x000001d93c14fa8c sp=0x0000007ff71fdc00
Event: 0.212 Thread 0x000001d931493370 DEOPT UNPACKING pc=0x000001d93bbf6da2 sp=0x0000007ff71fdbc0 mode 2
Event: 0.212 Thread 0x000001d931493370 Uncommon trap: trap_request=0xffffffde fr.pc=0x000001d93c14fa8c relative=0x000000000000092c
Event: 0.212 Thread 0x000001d931493370 Uncommon trap: reason=class_check action=maybe_recompile pc=0x000001d93c14fa8c method=java.util.HashMap.putVal(ILjava/lang/Object;Ljava/lang/Object;ZZ)Ljava/lang/Object; @ 91 c2
Event: 0.212 Thread 0x000001d931493370 DEOPT PACKING pc=0x000001d93c14fa8c sp=0x0000007ff71fdd20
Event: 0.212 Thread 0x000001d931493370 DEOPT UNPACKING pc=0x000001d93bbf6da2 sp=0x0000007ff71fdcb0 mode 2
Event: 0.212 Thread 0x000001d931493370 Uncommon trap: trap_request=0xffffffde fr.pc=0x000001d93c14fa8c relative=0x000000000000092c
Event: 0.212 Thread 0x000001d931493370 Uncommon trap: reason=class_check action=maybe_recompile pc=0x000001d93c14fa8c method=java.util.HashMap.putVal(ILjava/lang/Object;Ljava/lang/Object;ZZ)Ljava/lang/Object; @ 91 c2
Event: 0.212 Thread 0x000001d931493370 DEOPT PACKING pc=0x000001d93c14fa8c sp=0x0000007ff71fdd20
Event: 0.212 Thread 0x000001d931493370 DEOPT UNPACKING pc=0x000001d93bbf6da2 sp=0x0000007ff71fdcb0 mode 2
Event: 0.215 Thread 0x000001d931493370 Uncommon trap: trap_request=0xffffff6e fr.pc=0x000001d93c17fbe8 relative=0x0000000000000348
Event: 0.215 Thread 0x000001d931493370 Uncommon trap: reason=loop_limit_check action=maybe_recompile pc=0x000001d93c17fbe8 method=java.math.BigInteger.implMulAdd([I[IIII)I @ 26 c2
Event: 0.215 Thread 0x000001d931493370 DEOPT PACKING pc=0x000001d93c17fbe8 sp=0x0000007ff71fd6d0
Event: 0.215 Thread 0x000001d931493370 DEOPT UNPACKING pc=0x000001d93bbf6da2 sp=0x0000007ff71fd620 mode 2

Classes loaded (20 events):
Event: 0.219 Loading class java/security/interfaces/ECKey
Event: 0.219 Loading class java/security/interfaces/ECKey done
Event: 0.219 Loading class java/security/interfaces/XECKey
Event: 0.219 Loading class java/security/interfaces/XECKey done
Event: 0.219 Loading class sun/security/util/KeyUtil
Event: 0.219 Loading class sun/security/util/KeyUtil done
Event: 0.219 Loading class sun/security/util/Length
Event: 0.219 Loading class sun/security/util/Length done
Event: 0.219 Loading class javax/crypto/SecretKey
Event: 0.219 Loading class javax/crypto/SecretKey done
Event: 0.220 Loading class java/util/Base64
Event: 0.220 Loading class java/util/Base64 done
Event: 0.220 Loading class java/util/Base64$Decoder
Event: 0.221 Loading class java/util/Base64$Decoder done
Event: 0.221 Loading class java/util/Base64$Encoder
Event: 0.221 Loading class java/util/Base64$Encoder done
Event: 0.221 Loading class java/util/jar/JarVerifier$VerifierStream
Event: 0.221 Loading class java/util/jar/JarVerifier$VerifierStream done
Event: 0.221 Loading class sun/security/util/ManifestEntryVerifier$SunProviderHolder
Event: 0.221 Loading class sun/security/util/ManifestEntryVerifier$SunProviderHolder done

Classes unloaded (0 events):
No events

Classes redefined (0 events):
No events

Internal exceptions (12 events):
Event: 0.050 Thread 0x000001d931493370 Exception <a 'java/lang/NoSuchMethodError'{0x00000000d57aa348}: 'void java.lang.invoke.DirectMethodHandle$Holder.invokeStatic(java.lang.Object, java.lang.Object, java.lang.Object)'> (0x00000000d57aa348) 
thrown [s\src\hotspot\share\interpreter\linkResolver.cpp, line 773]
Event: 0.076 Thread 0x000001d931493370 Exception <a 'java/lang/NoSuchMethodError'{0x00000000d5912bc8}: 'java.lang.Object java.lang.invoke.Invokers$Holder.invokeExact_MT(java.lang.Object, java.lang.Object, java.lang.Object, java.lang.Object, java.lang.Object)'> (0x00000000d5912bc8) 
thrown [s\src\hotspot\share\interpreter\linkResolver.cpp, line 773]
Event: 0.093 Thread 0x000001d931493370 Exception <a 'java/lang/NoSuchMethodError'{0x00000000d59cba40}: 'int java.lang.invoke.DirectMethodHandle$Holder.invokeSpecial(java.lang.Object, java.lang.Object, java.lang.Object, int)'> (0x00000000d59cba40) 
thrown [s\src\hotspot\share\interpreter\linkResolver.cpp, line 773]
Event: 0.094 Thread 0x000001d931493370 Exception <a 'java/lang/NoSuchMethodError'{0x00000000d59de428}: 'java.lang.Object java.lang.invoke.DirectMethodHandle$Holder.invokeStatic(java.lang.Object, java.lang.Object, java.lang.Object, java.lang.Object, int)'> (0x00000000d59de428) 
thrown [s\src\hotspot\share\interpreter\linkResolver.cpp, line 773]
Event: 0.094 Thread 0x000001d931493370 Exception <a 'java/lang/NoSuchMethodError'{0x00000000d59e9868}: 'void java.lang.invoke.DelegatingMethodHandle$Holder.reinvoke_L(java.lang.Object, java.lang.Object, java.lang.Object, int, java.lang.Object)'> (0x00000000d59e9868) 
thrown [s\src\hotspot\share\interpreter\linkResolver.cpp, line 773]
Event: 0.095 Thread 0x000001d931493370 Exception <a 'java/lang/NoSuchMethodError'{0x00000000d59fa1b8}: 'int java.lang.invoke.DirectMethodHandle$Holder.invokeSpecial(java.lang.Object, java.lang.Object, java.lang.Object)'> (0x00000000d59fa1b8) 
thrown [s\src\hotspot\share\interpreter\linkResolver.cpp, line 773]
Event: 0.096 Thread 0x000001d931493370 Exception <a 'java/lang/NoSuchMethodError'{0x00000000d5a05e78}: 'java.lang.Object java.lang.invoke.DirectMethodHandle$Holder.invokeStatic(java.lang.Object, java.lang.Object, int)'> (0x00000000d5a05e78) 
thrown [s\src\hotspot\share\interpreter\linkResolver.cpp, line 773]
Event: 0.096 Thread 0x000001d931493370 Exception <a 'java/lang/NoSuchMethodError'{0x00000000d5a0a7c8}: 'void java.lang.invoke.DirectMethodHandle$Holder.invokeStatic(java.lang.Object, java.lang.Object, int, java.lang.Object)'> (0x00000000d5a0a7c8) 
thrown [s\src\hotspot\share\interpreter\linkResolver.cpp, line 773]
Event: 0.097 Thread 0x000001d931493370 Exception <a 'java/lang/NoSuchMethodError'{0x00000000d5a0e358}: 'void java.lang.invoke.DirectMethodHandle$Holder.invokeSpecial(java.lang.Object, java.lang.Object, java.lang.Object, int, java.lang.Object)'> (0x00000000d5a0e358) 
thrown [s\src\hotspot\share\interpreter\linkResolver.cpp, line 773]
Event: 0.097 Thread 0x000001d931493370 Exception <a 'java/lang/NoSuchMethodError'{0x00000000d5a117c8}: 'void java.lang.invoke.DelegatingMethodHandle$Holder.delegate(java.lang.Object, java.lang.Object, int, java.lang.Object)'> (0x00000000d5a117c8) 
thrown [s\src\hotspot\share\interpreter\linkResolver.cpp, line 773]
Event: 0.119 Thread 0x000001d931493370 Exception <a 'java/lang/NoSuchMethodError'{0x00000000d5bd0e40}: 'void java.lang.invoke.DelegatingMethodHandle$Holder.reinvoke_L(java.lang.Object, java.lang.Object, java.lang.Object, int)'> (0x00000000d5bd0e40) 
thrown [s\src\hotspot\share\interpreter\linkResolver.cpp, line 773]
Event: 0.172 Thread 0x000001d931493370 Exception <a 'java/lang/NoSuchMethodError'{0x00000000d605db98}: 'void java.lang.invoke.DirectMethodHandle$Holder.invokeVirtual(java.lang.Object, java.lang.Object)'> (0x00000000d605db98) 
thrown [s\src\hotspot\share\interpreter\linkResolver.cpp, line 773]

ZGC Phase Switch (0 events):
No events

VM Operations (6 events):
Event: 0.052 Executing VM operation: HandshakeAllThreads (Deoptimize)
Event: 0.052 Executing VM operation: HandshakeAllThreads (Deoptimize) done
Event: 0.086 Executing VM operation: HandshakeAllThreads (Deoptimize)
Event: 0.086 Executing VM operation: HandshakeAllThreads (Deoptimize) done
Event: 0.219 Executing VM operation: HandshakeAllThreads (Deoptimize)
Event: 0.219 Executing VM operation: HandshakeAllThreads (Deoptimize) done

Memory protections (0 events):
No events

Nmethod flushes (0 events):
No events

Events (13 events):
Event: 0.014 Thread 0x000001d931493370 Thread added: 0x000001d931493370
Event: 0.023 Thread 0x000001d931493370 Thread added: 0x000001d947f09350
Event: 0.023 Thread 0x000001d931493370 Thread added: 0x000001d93153d5f0
Event: 0.023 Thread 0x000001d931493370 Thread added: 0x000001d947f0ca40
Event: 0.023 Thread 0x000001d931493370 Thread added: 0x000001d947f11b60
Event: 0.023 Thread 0x000001d931493370 Thread added: 0x000001d947f133e0
Event: 0.023 Thread 0x000001d931493370 Thread added: 0x000001d947f145d0
Event: 0.023 Thread 0x000001d931493370 Thread added: 0x000001d98a345f50
Event: 0.023 Thread 0x000001d931493370 Thread added: 0x000001d98a349780
Event: 0.036 Thread 0x000001d931493370 Thread added: 0x000001d98a4208f0
Event: 0.107 Thread 0x000001d98a349780 Thread added: 0x000001d98a5e59b0
Event: 0.144 Thread 0x000001d931493370 Thread added: 0x000001d98a5d9a70
Event: 0.186 Thread 0x000001d98a349780 Thread added: 0x000001d98b397f70


Dynamic libraries:
0x00007ff6881c0000 - 0x00007ff6881ce000 	c:\Users\12345\.vscode\extensions\redhat.java-1.46.0-win32-x64\jre\21.0.8-win32-x86_64\bin\java.exe
0x00007ffe7ddb0000 - 0x00007ffe7dfc7000 	C:\WINDOWS\SYSTEM32\ntdll.dll
0x00007ffe7c4e0000 - 0x00007ffe7c5a4000 	C:\WINDOWS\System32\KERNEL32.DLL
0x00007ffe7b320000 - 0x00007ffe7b6f2000 	C:\WINDOWS\System32\KERNELBASE.dll
0x00007ffe75270000 - 0x00007ffe75307000 	C:\WINDOWS\SYSTEM32\apphelp.dll
0x00007ffe7b140000 - 0x00007ffe7b251000 	C:\WINDOWS\System32\ucrtbase.dll
0x00007ffe55000000 - 0x00007ffe55018000 	c:\Users\12345\.vscode\extensions\redhat.java-1.46.0-win32-x64\jre\21.0.8-win32-x86_64\bin\jli.dll
0x00007ffe54fe0000 - 0x00007ffe54ffe000 	c:\Users\12345\.vscode\extensions\redhat.java-1.46.0-win32-x64\jre\21.0.8-win32-x86_64\bin\VCRUNTIME140.dll
0x00007ffe7da50000 - 0x00007ffe7dc01000 	C:\WINDOWS\System32\USER32.dll
0x00007ffe7ba10000 - 0x00007ffe7ba36000 	C:\WINDOWS\System32\win32u.dll
0x00007ffe69470000 - 0x00007ffe6970b000 	C:\WINDOWS\WinSxS\amd64_microsoft.windows.common-controls_6595b64144ccf1df_6.0.22621.5697_none_27154c497380d676\COMCTL32.dll
0x00007ffe7ba40000 - 0x00007ffe7ba69000 	C:\WINDOWS\System32\GDI32.dll
0x00007ffe7b010000 - 0x00007ffe7b133000 	C:\WINDOWS\System32\gdi32full.dll
0x00007ffe7d720000 - 0x00007ffe7d7c7000 	C:\WINDOWS\System32\msvcrt.dll
0x00007ffe7b830000 - 0x00007ffe7b8ca000 	C:\WINDOWS\System32\msvcp_win.dll
0x00007ffe7dc10000 - 0x00007ffe7dc41000 	C:\WINDOWS\System32\IMM32.DLL
0x00007ffe772c0000 - 0x00007ffe772cc000 	c:\Users\12345\.vscode\extensions\redhat.java-1.46.0-win32-x64\jre\21.0.8-win32-x86_64\bin\vcruntime140_1.dll
0x00007ffe484b0000 - 0x00007ffe4853d000 	c:\Users\12345\.vscode\extensions\redhat.java-1.46.0-win32-x64\jre\21.0.8-win32-x86_64\bin\msvcp140.dll
0x00007ffdedc00000 - 0x00007ffdee997000 	c:\Users\12345\.vscode\extensions\redhat.java-1.46.0-win32-x64\jre\21.0.8-win32-x86_64\bin\server\jvm.dll
0x00007ffe7c670000 - 0x00007ffe7c721000 	C:\WINDOWS\System32\ADVAPI32.dll
0x00007ffe7c5c0000 - 0x00007ffe7c668000 	C:\WINDOWS\System32\sechost.dll
0x00007ffe7b800000 - 0x00007ffe7b828000 	C:\WINDOWS\System32\bcrypt.dll
0x00007ffe7dc50000 - 0x00007ffe7dd67000 	C:\WINDOWS\System32\RPCRT4.dll
0x00007ffe7c130000 - 0x00007ffe7c1a1000 	C:\WINDOWS\System32\WS2_32.dll
0x00007ffe79c90000 - 0x00007ffe79cdd000 	C:\WINDOWS\SYSTEM32\POWRPROF.dll
0x00007ffe73a30000 - 0x00007ffe73a3a000 	C:\WINDOWS\SYSTEM32\VERSION.dll
0x00007ffe70ef0000 - 0x00007ffe70f24000 	C:\WINDOWS\SYSTEM32\WINMM.dll
0x00007ffe79c70000 - 0x00007ffe79c83000 	C:\WINDOWS\SYSTEM32\UMPDC.dll
0x00007ffe79f30000 - 0x00007ffe79f48000 	C:\WINDOWS\SYSTEM32\kernel.appcore.dll
0x00007ffe74ef0000 - 0x00007ffe74efa000 	c:\Users\12345\.vscode\extensions\redhat.java-1.46.0-win32-x64\jre\21.0.8-win32-x86_64\bin\jimage.dll
0x00007ffe78300000 - 0x00007ffe78533000 	C:\WINDOWS\SYSTEM32\DBGHELP.DLL
0x00007ffe7c890000 - 0x00007ffe7cc22000 	C:\WINDOWS\System32\combase.dll
0x00007ffe7d7d0000 - 0x00007ffe7d8a8000 	C:\WINDOWS\System32\OLEAUT32.dll
0x00007ffe641e0000 - 0x00007ffe64212000 	C:\WINDOWS\SYSTEM32\dbgcore.DLL
0x00007ffe7b780000 - 0x00007ffe7b7fb000 	C:\WINDOWS\System32\bcryptPrimitives.dll
0x00007ffe72f30000 - 0x00007ffe72f3f000 	c:\Users\12345\.vscode\extensions\redhat.java-1.46.0-win32-x64\jre\21.0.8-win32-x86_64\bin\instrument.dll
0x00007ffe54db0000 - 0x00007ffe54dcf000 	c:\Users\12345\.vscode\extensions\redhat.java-1.46.0-win32-x64\jre\21.0.8-win32-x86_64\bin\java.dll
0x00007ffe7ce00000 - 0x00007ffe7d6a1000 	C:\WINDOWS\System32\SHELL32.dll
0x00007ffe7b8d0000 - 0x00007ffe7ba0f000 	C:\WINDOWS\System32\wintypes.dll
0x00007ffe78d40000 - 0x00007ffe7965a000 	C:\WINDOWS\SYSTEM32\windows.storage.dll
0x00007ffe7ba70000 - 0x00007ffe7bb7b000 	C:\WINDOWS\System32\SHCORE.dll
0x00007ffe7c0b0000 - 0x00007ffe7c119000 	C:\WINDOWS\System32\shlwapi.dll
0x00007ffe7add0000 - 0x00007ffe7adfb000 	C:\WINDOWS\SYSTEM32\profapi.dll
0x00007ffe54d90000 - 0x00007ffe54da8000 	c:\Users\12345\.vscode\extensions\redhat.java-1.46.0-win32-x64\jre\21.0.8-win32-x86_64\bin\zip.dll
0x00007ffe6a9e0000 - 0x00007ffe6a9f0000 	C:\Users\12345\.vscode\extensions\redhat.java-1.46.0-win32-x64\jre\21.0.8-win32-x86_64\bin\net.dll
0x00007ffe75f30000 - 0x00007ffe7605c000 	C:\WINDOWS\SYSTEM32\WINHTTP.dll
0x00007ffe7a3f0000 - 0x00007ffe7a459000 	C:\WINDOWS\system32\mswsock.dll
0x00007ffe54ca0000 - 0x00007ffe54cb6000 	C:\Users\12345\.vscode\extensions\redhat.java-1.46.0-win32-x64\jre\21.0.8-win32-x86_64\bin\nio.dll
0x00007ffe6a8d0000 - 0x00007ffe6a8e0000 	c:\Users\12345\.vscode\extensions\redhat.java-1.46.0-win32-x64\jre\21.0.8-win32-x86_64\bin\verify.dll

JVMTI agents:
c:\Users\12345\.vscode\extensions\redhat.java-1.46.0-win32-x64\lombok\lombok-1.18.39-4050.jar path:c:\Users\12345\.vscode\extensions\redhat.java-1.46.0-win32-x64\jre\21.0.8-win32-x86_64\bin\instrument.dll, loaded, initialized, instrumentlib options:none

dbghelp: loaded successfully - version: 4.0.5 - missing functions: none
symbol engine: initialized successfully - sym options: 0x614 - pdb path: .;c:\Users\12345\.vscode\extensions\redhat.java-1.46.0-win32-x64\jre\21.0.8-win32-x86_64\bin;C:\WINDOWS\SYSTEM32;C:\WINDOWS\WinSxS\amd64_microsoft.windows.common-controls_6595b64144ccf1df_6.0.22621.5697_none_27154c497380d676;c:\Users\12345\.vscode\extensions\redhat.java-1.46.0-win32-x64\jre\21.0.8-win32-x86_64\bin\server

VM Arguments:
jvm_args: --add-modules=ALL-SYSTEM --add-opens=java.base/java.util=ALL-UNNAMED --add-opens=java.base/java.lang=ALL-UNNAMED --add-opens=java.base/sun.nio.fs=ALL-UNNAMED -Declipse.application=org.eclipse.jdt.ls.core.id1 -Dosgi.bundles.defaultStartLevel=4 -Declipse.product=org.eclipse.jdt.ls.core.product -Djava.import.generatesMetadataFilesAtProjectRoot=false -DDetectVMInstallationsJob.disabled=true -Dfile.encoding=utf8 -XX:+UseParallelGC -XX:GCTimeRatio=4 -XX:AdaptiveSizePolicyWeight=90 -Dsun.zip.disableMemoryMapping=true -Xmx2G -Xms100m -Xlog:disable -javaagent:c:\Users\12345\.vscode\extensions\redhat.java-1.46.0-win32-x64\lombok\lombok-1.18.39-4050.jar -XX:+HeapDumpOnOutOfMemoryError -XX:HeapDumpPath=c:\Users\12345\AppData\Roaming\Code\User\workspaceStorage\676b7cd3ff3015699f0f15c4871616e0\redhat.java -Daether.dependencyCollector.impl=bf 
java_command: c:\Users\12345\.vscode\extensions\redhat.java-1.46.0-win32-x64\server\plugins\org.eclipse.equinox.launcher_1.7.0.v20250519-0528.jar -configuration c:\Users\12345\AppData\Roaming\Code\User\globalStorage\redhat.java\1.46.0\config_win -data c:\Users\12345\AppData\Roaming\Code\User\workspaceStorage\676b7cd3ff3015699f0f15c4871616e0\redhat.java\jdt_ws --pipe=\\.\pipe\lsp-00edc49ded0af13b22205d1c2d10e31e-sock
java_class_path (initial): c:\Users\12345\.vscode\extensions\redhat.java-1.46.0-win32-x64\server\plugins\org.eclipse.equinox.launcher_1.7.0.v20250519-0528.jar
Launcher Type: SUN_STANDARD

[Global flags]
    uintx AdaptiveSizePolicyWeight                 = 90                                        {product} {command line}
     intx CICompilerCount                          = 4                                         {product} {ergonomic}
    uintx GCTimeRatio                              = 4                                         {product} {command line}
     bool HeapDumpOnOutOfMemoryError               = true                                   {manageable} {command line}
    ccstr HeapDumpPath                             = c:\Users\12345\AppData\Roaming\Code\User\workspaceStorage\676b7cd3ff3015699f0f15c4871616e0\redhat.java         {manageable} {command line}
   size_t InitialHeapSize                          = 104857600                                 {product} {command line}
   size_t MaxHeapSize                              = 2147483648                                {product} {command line}
   size_t MaxNewSize                               = 715653120                                 {product} {ergonomic}
   size_t MinHeapDeltaBytes                        = 524288                                    {product} {ergonomic}
   size_t MinHeapSize                              = 104857600                                 {product} {command line}
   size_t NewSize                                  = 34603008                                  {product} {ergonomic}
    uintx NonNMethodCodeHeapSize                   = 5839372                                {pd product} {ergonomic}
    uintx NonProfiledCodeHeapSize                  = 122909434                              {pd product} {ergonomic}
   size_t OldSize                                  = 70254592                                  {product} {ergonomic}
    uintx ProfiledCodeHeapSize                     = 122909434                              {pd product} {ergonomic}
    uintx ReservedCodeCacheSize                    = 251658240                              {pd product} {ergonomic}
     bool SegmentedCodeCache                       = true                                      {product} {ergonomic}
   size_t SoftMaxHeapSize                          = 2147483648                             {manageable} {ergonomic}
     bool UseCompressedOops                        = true                           {product lp64_product} {ergonomic}
     bool UseLargePagesIndividualAllocation        = false                                  {pd product} {ergonomic}
     bool UseParallelGC                            = true                                      {product} {command line}

Logging:
Log output configuration:
 #0: stdout all=off uptime,level,tags foldmultilines=false
 #1: stderr all=off uptime,level,tags foldmultilines=false

Environment Variables:
PATH=C:\Program Files (x86)\Razer Chroma SDK\bin;C:\Program Files\Razer Chroma SDK\bin;C:\Program Files (x86)\Common Files\Oracle\Java\javapath;C:\Program Files (x86)\Common Files\Intel\Shared Libraries\redist\intel64\compiler;C:\WINDOWS\system32;C:\WINDOWS;C:\WINDOWS\System32\Wbem;C:\WINDOWS\System32\WindowsPowerShell\v1.0\;C:\WINDOWS\System32\OpenSSH\;C:\Program Files\NVIDIA Corporation\NVIDIA app\NvDLISR;C:\Program Files (x86)\NVIDIA Corporation\PhysX\Common;C:\WINDOWS\system32\config\systemprofile\AppData\Local\Microsoft\WindowsApps;C:\Program Files (x86)\Razer\ChromaBroadcast\bin;C:\Program Files\Razer\ChromaBroadcast\bin;C:\Users\12345\AppData\Local\Microsoft\WindowsApps;C:\Users\12345\AppData\Local\spicetify;C:\Program Files\nodejs\;C:\WINDOWS\system32;C:\WINDOWS;C:\WINDOWS\System32\Wbem;C:\WINDOWS\System32\WindowsPowerShell\v1.0\;C:\WINDOWS\System32\OpenSSH\;C:\Program Files\dotnet\;C:\Program Files\Cloudflare\Cloudflare WARP\;C:\Program Files\Git\cmd;C:\Users\12345\AppData\Local\Microsoft\WindowsApps;C:\Users\12345\AppData\Local\spicetify;G:\program files\Microsoft VS Code\bin;C:\Users\12345\AppData\Roaming\npm;C:\Users\12345\AppData\Local\Programs\Windsurf\bin;C:\Users\12345\AppData\Local\Microsoft\WindowsApps;D:\flutter\flutter\bin
USERNAME=12345
OS=Windows_NT
PROCESSOR_IDENTIFIER=AMD64 Family 25 Model 97 Stepping 2, AuthenticAMD
TMP=C:\Users\12345\AppData\Local\Temp
TEMP=C:\Users\12345\AppData\Local\Temp




Periodic native trim disabled

---------------  S Y S T E M  ---------------

OS:
 Windows 11 , 64 bit Build 22621 (10.0.22621.5415)
OS uptime: 0 days 0:30 hours
Hyper-V role detected

CPU: total 12 (initial active 12) (12 cores per cpu, 2 threads per core) family 25 model 97 stepping 2 microcode 0x0, cx8, cmov, fxsr, ht, mmx, 3dnowpref, sse, sse2, sse3, ssse3, sse4a, sse4.1, sse4.2, popcnt, lzcnt, tsc, tscinvbit, avx, avx2, aes, erms, clmul, bmi1, bmi2, adx, avx512f, avx512dq, avx512cd, avx512bw, avx512vl, sha, fma, vzeroupper, avx512_vpopcntdq, avx512_vpclmulqdq, avx512_vaes, avx512_vnni, clflush, clflushopt, avx512_vbmi2, avx512_vbmi, hv, rdtscp, rdpid, fsrm, gfni, avx512_bitalg, f16c, cet_ss, avx512_ifma
Processor Information for the first 12 processors :
  Max Mhz: 3801, Current Mhz: 3801, Mhz Limit: 3801

Memory: 4k page, system-wide physical 15400M (4734M free)
TotalPageFile size 15400M (AvailPageFile size 14M)
current process WorkingSet (physical memory assigned to process): 92M, peak: 92M
current process commit charge ("private bytes"): 250M, peak: 250M

vm_info: OpenJDK 64-Bit Server VM (21.0.8+9-LTS) for windows-amd64 JRE (21.0.8+9-LTS), built on 2025-07-15T00:00:00Z by "admin" with MS VC++ 17.7 (VS2022)

END.
