#
# There is insufficient memory for the Java Runtime Environment to continue.
# Native memory allocation (malloc) failed to allocate 2181536 bytes. Error detail: Chunk::new
# Possible reasons:
#   The system is out of physical RAM or swap space
#   This process is running with CompressedOops enabled, and the Java Heap may be blocking the growth of the native heap
# Possible solutions:
#   Reduce memory load on the system
#   Increase physical memory or swap space
#   Check if swap backing store is full
#   Decrease Java heap size (-Xmx/-Xms)
#   Decrease number of Java threads
#   Decrease Java thread stack sizes (-Xss)
#   Set larger code cache with -XX:ReservedCodeCacheSize=
#   JVM is running with Unscaled Compressed Oops mode in which the Java heap is
#     placed in the first 4GB address space. The Java Heap base address is the
#     maximum limit for the native heap growth. Please use -XX:HeapBaseMinAddress
#     to set the Java Heap base and to place the Java Heap above 4GB virtual address.
# This output file may be truncated or incomplete.
#
#  Out of Memory Error (arena.cpp:168), pid=13296, tid=23848
#
# JRE version: OpenJDK Runtime Environment Temurin-21.0.8+9 (21.0.8+9) (build 21.0.8+9-LTS)
# Java VM: OpenJDK 64-Bit Server VM Temurin-21.0.8+9 (21.0.8+9-LTS, mixed mode, sharing, tiered, compressed oops, compressed class ptrs, parallel gc, windows-amd64)
# No core dump will be written. Minidumps are not enabled by default on client versions of Windows
#

---------------  S U M M A R Y ------------

Command Line: --add-modules=ALL-SYSTEM --add-opens=java.base/java.util=ALL-UNNAMED --add-opens=java.base/java.lang=ALL-UNNAMED --add-opens=java.base/sun.nio.fs=ALL-UNNAMED -Declipse.application=org.eclipse.jdt.ls.core.id1 -Dosgi.bundles.defaultStartLevel=4 -Declipse.product=org.eclipse.jdt.ls.core.product -Djava.import.generatesMetadataFilesAtProjectRoot=false -DDetectVMInstallationsJob.disabled=true -Dfile.encoding=utf8 -XX:+UseParallelGC -XX:GCTimeRatio=4 -XX:AdaptiveSizePolicyWeight=90 -Dsun.zip.disableMemoryMapping=true -Xmx2G -Xms100m -Xlog:disable -javaagent:c:\Users\12345\.vscode\extensions\redhat.java-1.46.0-win32-x64\lombok\lombok-1.18.39-4050.jar -XX:+HeapDumpOnOutOfMemoryError -XX:HeapDumpPath=c:\Users\12345\AppData\Roaming\Code\User\workspaceStorage\676b7cd3ff3015699f0f15c4871616e0\redhat.java -Daether.dependencyCollector.impl=bf c:\Users\12345\.vscode\extensions\redhat.java-1.46.0-win32-x64\server\plugins\org.eclipse.equinox.launcher_1.7.0.v20250519-0528.jar -configuration c:\Users\12345\AppData\Roaming\Code\User\globalStorage\redhat.java\1.46.0\config_win -data c:\Users\12345\AppData\Roaming\Code\User\workspaceStorage\676b7cd3ff3015699f0f15c4871616e0\redhat.java\jdt_ws --pipe=\\.\pipe\lsp-a46249d2f427c8a4a56bfcb95043af31-sock

Host: AMD Ryzen 5 7600 6-Core Processor              , 12 cores, 15G,  Windows 11 , 64 bit Build 22621 (10.0.22621.5415)
Time: Sat Oct 11 22:31:30 2025 India Standard Time elapsed time: 4.084093 seconds (0d 0h 0m 4s)

---------------  T H R E A D  ---------------

Current thread (0x000002080ab13cc0):  JavaThread "C2 CompilerThread2" daemon [_thread_in_native, id=23848, stack(0x000000ada5e00000,0x000000ada5f00000) (1024K)]


Current CompileTask:
C2:4084 8449 %     4       org.lombokweb.asm.SymbolTable::<init> @ 98 (554 bytes)

Stack: [0x000000ada5e00000,0x000000ada5f00000]
Native frames: (J=compiled Java code, j=interpreted, Vv=VM code, C=native code)
V  [jvm.dll+0x6d2449]
V  [jvm.dll+0x8ae341]
V  [jvm.dll+0x8b08be]
V  [jvm.dll+0x8b0fa3]
V  [jvm.dll+0x280c96]
V  [jvm.dll+0xc581d]
V  [jvm.dll+0xc5d53]
V  [jvm.dll+0x3b919c]
V  [jvm.dll+0x1e1409]
V  [jvm.dll+0x249022]
V  [jvm.dll+0x2484af]
V  [jvm.dll+0x1c89ee]
V  [jvm.dll+0x257d4d]
V  [jvm.dll+0x2562ea]
V  [jvm.dll+0x3f2d16]
V  [jvm.dll+0x857e6b]
V  [jvm.dll+0x6d0b0d]
C  [ucrtbase.dll+0x29333]
C  [KERNEL32.DLL+0x1259d]
C  [ntdll.dll+0x5af78]


---------------  P R O C E S S  ---------------

Threads class SMR info:
_java_thread_list=0x00000208140c10f0, length=57, elements={
0x00000207a78d58b0, 0x00000207a79743e0, 0x00000207a787bd90, 0x00000207a7976540,
0x00000207a7977250, 0x00000207a7978d00, 0x00000207a797b280, 0x00000207a7987fc0,
0x00000207a797cef0, 0x000002080079d240, 0x0000020800959fe0, 0x00000208009c04a0,
0x0000020806043720, 0x00000208019d2f70, 0x0000020806188f90, 0x00000208061895f0,
0x00000208060e7430, 0x0000020806d67680, 0x0000020806d51d30, 0x0000020806d50980,
0x0000020806d52a50, 0x0000020806d523c0, 0x0000020806d51010, 0x0000020806d4f5d0,
0x0000020808c90460, 0x0000020808c95320, 0x0000020808c8f0b0, 0x0000020808c91810,
0x0000020808c8fdd0, 0x0000020808c93f70, 0x0000020808c90af0, 0x0000020808c91ea0,
0x0000020808c959b0, 0x0000020808c92530, 0x0000020808c94c90, 0x0000020808c93250,
0x0000020808c91180, 0x0000020808c8f740, 0x0000020808c938e0, 0x0000020808c94600,
0x0000020808c8ea20, 0x0000020808c96040, 0x0000020808831ff0, 0x0000020808830c40,
0x0000020808832680, 0x0000020808835470, 0x0000020808831960, 0x00000208088305b0,
0x0000020808834750, 0x00000208088312d0, 0x0000020808836190, 0x000002080882ff20,
0x0000020808836820, 0x0000020807dce990, 0x0000020807dcf020, 0x0000020807dcdc70,
0x000002080ab13cc0
}

Java Threads: ( => current thread )
  0x00000207a78d58b0 JavaThread "main"                              [_thread_blocked, id=20440, stack(0x000000ada4f00000,0x000000ada5000000) (1024K)]
  0x00000207a79743e0 JavaThread "Reference Handler"          daemon [_thread_blocked, id=16176, stack(0x000000ada5300000,0x000000ada5400000) (1024K)]
  0x00000207a787bd90 JavaThread "Finalizer"                  daemon [_thread_blocked, id=18636, stack(0x000000ada5400000,0x000000ada5500000) (1024K)]
  0x00000207a7976540 JavaThread "Signal Dispatcher"          daemon [_thread_blocked, id=3692, stack(0x000000ada5500000,0x000000ada5600000) (1024K)]
  0x00000207a7977250 JavaThread "Attach Listener"            daemon [_thread_blocked, id=9444, stack(0x000000ada5600000,0x000000ada5700000) (1024K)]
  0x00000207a7978d00 JavaThread "Service Thread"             daemon [_thread_blocked, id=22552, stack(0x000000ada5700000,0x000000ada5800000) (1024K)]
  0x00000207a797b280 JavaThread "Monitor Deflation Thread"   daemon [_thread_blocked, id=24276, stack(0x000000ada5800000,0x000000ada5900000) (1024K)]
  0x00000207a7987fc0 JavaThread "C2 CompilerThread0"         daemon [_thread_blocked, id=14272, stack(0x000000ada5900000,0x000000ada5a00000) (1024K)]
  0x00000207a797cef0 JavaThread "C1 CompilerThread0"         daemon [_thread_blocked, id=19876, stack(0x000000ada5a00000,0x000000ada5b00000) (1024K)]
  0x000002080079d240 JavaThread "Common-Cleaner"             daemon [_thread_blocked, id=15628, stack(0x000000ada5b00000,0x000000ada5c00000) (1024K)]
  0x0000020800959fe0 JavaThread "C2 CompilerThread1"         daemon [_thread_blocked, id=9096, stack(0x000000ada5c00000,0x000000ada5d00000) (1024K)]
  0x00000208009c04a0 JavaThread "Notification Thread"        daemon [_thread_blocked, id=14868, stack(0x000000ada5d00000,0x000000ada5e00000) (1024K)]
  0x0000020806043720 JavaThread "Active Thread: Equinox Container: 5293a6ab-1100-4c7c-8b65-129f08355c05"        [_thread_blocked, id=6528, stack(0x000000ada6500000,0x000000ada6600000) (1024K)]
  0x00000208019d2f70 JavaThread "Refresh Thread: Equinox Container: 5293a6ab-1100-4c7c-8b65-129f08355c05" daemon [_thread_blocked, id=3192, stack(0x000000ada6600000,0x000000ada6700000) (1024K)]
  0x0000020806188f90 JavaThread "Framework Event Dispatcher: Equinox Container: 5293a6ab-1100-4c7c-8b65-129f08355c05" daemon [_thread_blocked, id=16632, stack(0x000000ada6800000,0x000000ada6900000) (1024K)]
  0x00000208061895f0 JavaThread "Start Level: Equinox Container: 5293a6ab-1100-4c7c-8b65-129f08355c05" daemon [_thread_blocked, id=8008, stack(0x000000ada6900000,0x000000ada6a00000) (1024K)]
  0x00000208060e7430 JavaThread "Bundle File Closer"         daemon [_thread_blocked, id=2320, stack(0x000000ada6c00000,0x000000ada6d00000) (1024K)]
  0x0000020806d67680 JavaThread "SCR Component Actor"        daemon [_thread_blocked, id=8408, stack(0x000000ada6d00000,0x000000ada6e00000) (1024K)]
  0x0000020806d51d30 JavaThread "Worker-JM"                         [_thread_blocked, id=10316, stack(0x000000ada6e00000,0x000000ada6f00000) (1024K)]
  0x0000020806d50980 JavaThread "JNA Cleaner"                daemon [_thread_blocked, id=10428, stack(0x000000ada6f00000,0x000000ada7000000) (1024K)]
  0x0000020806d52a50 JavaThread "Worker-0: Java indexing... "        [_thread_blocked, id=21832, stack(0x000000ada7000000,0x000000ada7100000) (1024K)]
  0x0000020806d523c0 JavaThread "Worker-1: Initialize workspace"        [_thread_blocked, id=22556, stack(0x000000ada7100000,0x000000ada7200000) (1024K)]
  0x0000020806d51010 JavaThread "Worker-2"                          [_thread_blocked, id=2672, stack(0x000000ada7200000,0x000000ada7300000) (1024K)]
  0x0000020806d4f5d0 JavaThread "Java indexing"              daemon [_thread_blocked, id=23040, stack(0x000000ada7300000,0x000000ada7400000) (1024K)]
  0x0000020808c90460 JavaThread "Worker-3"                          [_thread_blocked, id=6496, stack(0x000000ada7400000,0x000000ada7500000) (1024K)]
  0x0000020808c95320 JavaThread "Thread-1"                   daemon [_thread_in_native, id=17820, stack(0x000000ada7500000,0x000000ada7600000) (1024K)]
  0x0000020808c8f0b0 JavaThread "Thread-2"                   daemon [_thread_in_native, id=23048, stack(0x000000ada7600000,0x000000ada7700000) (1024K)]
  0x0000020808c91810 JavaThread "Thread-3"                   daemon [_thread_in_native, id=21692, stack(0x000000ada7700000,0x000000ada7800000) (1024K)]
  0x0000020808c8fdd0 JavaThread "Thread-4"                   daemon [_thread_in_native, id=24064, stack(0x000000ada7800000,0x000000ada7900000) (1024K)]
  0x0000020808c93f70 JavaThread "Thread-5"                   daemon [_thread_in_native, id=19496, stack(0x000000ada7900000,0x000000ada7a00000) (1024K)]
  0x0000020808c90af0 JavaThread "Thread-6"                   daemon [_thread_in_native, id=5148, stack(0x000000ada7a00000,0x000000ada7b00000) (1024K)]
  0x0000020808c91ea0 JavaThread "Thread-7"                   daemon [_thread_in_native, id=22040, stack(0x000000ada7b00000,0x000000ada7c00000) (1024K)]
  0x0000020808c959b0 JavaThread "Thread-8"                   daemon [_thread_in_native, id=6176, stack(0x000000ada7c00000,0x000000ada7d00000) (1024K)]
  0x0000020808c92530 JavaThread "Thread-9"                   daemon [_thread_in_native, id=23612, stack(0x000000ada7d00000,0x000000ada7e00000) (1024K)]
  0x0000020808c94c90 JavaThread "Thread-10"                  daemon [_thread_in_native, id=22060, stack(0x000000ada7e00000,0x000000ada7f00000) (1024K)]
  0x0000020808c93250 JavaThread "Thread-11"                  daemon [_thread_in_native, id=19920, stack(0x000000ada7f00000,0x000000ada8000000) (1024K)]
  0x0000020808c91180 JavaThread "Thread-12"                  daemon [_thread_in_native, id=4628, stack(0x000000ada8000000,0x000000ada8100000) (1024K)]
  0x0000020808c8f740 JavaThread "Thread-13"                  daemon [_thread_in_native, id=24496, stack(0x000000ada8100000,0x000000ada8200000) (1024K)]
  0x0000020808c938e0 JavaThread "pool-2-thread-1"                   [_thread_blocked, id=5552, stack(0x000000ada8200000,0x000000ada8300000) (1024K)]
  0x0000020808c94600 JavaThread "WorkspaceEventsHandler"            [_thread_blocked, id=22456, stack(0x000000ada8300000,0x000000ada8400000) (1024K)]
  0x0000020808c8ea20 JavaThread "pool-1-thread-1"                   [_thread_blocked, id=7244, stack(0x000000ada8400000,0x000000ada8500000) (1024K)]
  0x0000020808c96040 JavaThread "LocalFile Deleter"          daemon [_thread_blocked, id=16436, stack(0x000000ada8500000,0x000000ada8600000) (1024K)]
  0x0000020808831ff0 JavaThread "LocalFile Deleter"          daemon [_thread_blocked, id=24424, stack(0x000000ada8600000,0x000000ada8700000) (1024K)]
  0x0000020808830c40 JavaThread "LocalFile Deleter"          daemon [_thread_blocked, id=20080, stack(0x000000ada8700000,0x000000ada8800000) (1024K)]
  0x0000020808832680 JavaThread "Compiler Source File Reader" daemon [_thread_blocked, id=16456, stack(0x000000ada8800000,0x000000ada8900000) (1024K)]
  0x0000020808835470 JavaThread "Compiler Source File Reader" daemon [_thread_blocked, id=9632, stack(0x000000ada8900000,0x000000ada8a00000) (1024K)]
  0x0000020808831960 JavaThread "Compiler Source File Reader" daemon [_thread_blocked, id=17132, stack(0x000000ada8a00000,0x000000ada8b00000) (1024K)]
  0x00000208088305b0 JavaThread "Compiler Source File Reader" daemon [_thread_blocked, id=8636, stack(0x000000ada8b00000,0x000000ada8c00000) (1024K)]
  0x0000020808834750 JavaThread "Compiler Processing Task"   daemon [_thread_blocked, id=8084, stack(0x000000ada8c00000,0x000000ada8d00000) (1024K)]
  0x00000208088312d0 JavaThread "Compiler Class File Writer" daemon [_thread_blocked, id=20704, stack(0x000000ada8d00000,0x000000ada8e00000) (1024K)]
  0x0000020808836190 JavaThread "Compiler Class File Writer" daemon [_thread_blocked, id=5560, stack(0x000000ada8e00000,0x000000ada8f00000) (1024K)]
  0x000002080882ff20 JavaThread "Compiler Class File Writer" daemon [_thread_blocked, id=7080, stack(0x000000ada8f00000,0x000000ada9000000) (1024K)]
  0x0000020808836820 JavaThread "Compiler Class File Writer" daemon [_thread_blocked, id=11424, stack(0x000000ada9000000,0x000000ada9100000) (1024K)]
  0x0000020807dce990 JavaThread "LocalFile Deleter"          daemon [_thread_blocked, id=18280, stack(0x000000ada9100000,0x000000ada9200000) (1024K)]
  0x0000020807dcf020 JavaThread "Compiler Source File Reader" daemon [_thread_blocked, id=24448, stack(0x000000ada9200000,0x000000ada9300000) (1024K)]
  0x0000020807dcdc70 JavaThread "Compiler Class File Writer" daemon [_thread_blocked, id=16416, stack(0x000000ada9300000,0x000000ada9400000) (1024K)]
=>0x000002080ab13cc0 JavaThread "C2 CompilerThread2"         daemon [_thread_in_native, id=23848, stack(0x000000ada5e00000,0x000000ada5f00000) (1024K)]
Total: 57

Other Threads:
  0x00000207a796fb60 VMThread "VM Thread"                           [id=15056, stack(0x000000ada5200000,0x000000ada5300000) (1024K)]
  0x00000207a7941d30 WatcherThread "VM Periodic Task Thread"        [id=17560, stack(0x000000ada5100000,0x000000ada5200000) (1024K)]
  0x00000207a78f3a20 WorkerThread "GC Thread#0"                     [id=16356, stack(0x000000ada5000000,0x000000ada5100000) (1024K)]
  0x0000020801d43fb0 WorkerThread "GC Thread#1"                     [id=6696, stack(0x000000ada5f00000,0x000000ada6000000) (1024K)]
  0x00000208060b0350 WorkerThread "GC Thread#2"                     [id=4524, stack(0x000000ada6000000,0x000000ada6100000) (1024K)]
  0x0000020801ca8df0 WorkerThread "GC Thread#3"                     [id=10084, stack(0x000000ada6100000,0x000000ada6200000) (1024K)]
  0x0000020801ca9190 WorkerThread "GC Thread#4"                     [id=8460, stack(0x000000ada6200000,0x000000ada6300000) (1024K)]
  0x0000020806014490 WorkerThread "GC Thread#5"                     [id=5072, stack(0x000000ada6300000,0x000000ada6400000) (1024K)]
  0x0000020806014830 WorkerThread "GC Thread#6"                     [id=13256, stack(0x000000ada6400000,0x000000ada6500000) (1024K)]
  0x00000208019d35d0 WorkerThread "GC Thread#7"                     [id=2208, stack(0x000000ada6700000,0x000000ada6800000) (1024K)]
  0x0000020806622b50 WorkerThread "GC Thread#8"                     [id=4228, stack(0x000000ada6a00000,0x000000ada6b00000) (1024K)]
  0x000002080647bb60 WorkerThread "GC Thread#9"                     [id=14876, stack(0x000000ada6b00000,0x000000ada6c00000) (1024K)]
Total: 12

Threads with active compile tasks:
C2 CompilerThread2  4093 8449 %     4       org.lombokweb.asm.SymbolTable::<init> @ 98 (554 bytes)
Total: 1

VM state: not at safepoint (normal execution)

VM Mutex/Monitor currently owned by a thread: None

Heap address: 0x0000000080000000, size: 2048 MB, Compressed Oops mode: 32-bit

CDS archive(s) mapped at: [0x00000207bf000000-0x00000207bfba0000-0x00000207bfba0000), size 12189696, SharedBaseAddress: 0x00000207bf000000, ArchiveRelocationMode: 1.
Compressed class space mapped at: 0x00000207c0000000-0x0000020800000000, reserved size: 1073741824
Narrow klass base: 0x00000207bf000000, Narrow klass shift: 0, Narrow klass range: 0x100000000

GC Precious Log:
 CardTable entry size: 512
 CPUs: 12 total, 12 available
 Memory: 15400M
 Large Page Support: Disabled
 NUMA Support: Disabled
 Compressed Oops: Enabled (32-bit)
 Alignments: Space 512K, Generation 512K, Heap 2M
 Heap Min Capacity: 100M
 Heap Initial Capacity: 100M
 Heap Max Capacity: 2G
 Pre-touch: Disabled
 Parallel Workers: 10

Heap:
 PSYoungGen      total 1536K, used 789K [0x00000000d5580000, 0x00000000d5800000, 0x0000000100000000)
  eden space 512K, 25% used [0x00000000d5580000,0x00000000d55a0710,0x00000000d5600000)
  from space 1024K, 64% used [0x00000000d5700000,0x00000000d57a4fd0,0x00000000d5800000)
  to   space 1024K, 0% used [0x00000000d5600000,0x00000000d5600000,0x00000000d5700000)
 ParOldGen       total 357888K, used 357435K [0x0000000080000000, 0x0000000095d80000, 0x00000000d5580000)
  object space 357888K, 99% used [0x0000000080000000,0x0000000095d0eca0,0x0000000095d80000)
 Metaspace       used 59285K, committed 60736K, reserved 1114112K
  class space    used 6464K, committed 7104K, reserved 1048576K

Card table byte_map: [0x00000207a7270000,0x00000207a7680000] _byte_map_base: 0x00000207a6e70000

Marking Bits: (ParMarkBitMap*) 0x00007ffdf0c7a340
 Begin Bits: [0x00000207b9d70000, 0x00000207bbd70000)
 End Bits:   [0x00000207bbd70000, 0x00000207bdd70000)

Polling page: 0x00000207a54a0000

Metaspace:

Usage:
  Non-class:     51.58 MB used.
      Class:      6.31 MB used.
       Both:     57.90 MB used.

Virtual space:
  Non-class space:       64.00 MB reserved,      52.38 MB ( 82%) committed,  1 nodes.
      Class space:        1.00 GB reserved,       6.94 MB ( <1%) committed,  1 nodes.
             Both:        1.06 GB reserved,      59.31 MB (  5%) committed. 

Chunk freelists:
   Non-Class:  11.27 MB
       Class:  9.05 MB
        Both:  20.31 MB

MaxMetaspaceSize: unlimited
CompressedClassSpaceSize: 1.00 GB
Initial GC threshold: 21.00 MB
Current GC threshold: 97.31 MB
CDS: on
 - commit_granule_bytes: 65536.
 - commit_granule_words: 8192.
 - virtual_space_node_default_size: 8388608.
 - enlarge_chunks_in_place: 1.
 - use_allocation_guard: 0.


Internal statistics:

num_allocs_failed_limit: 9.
num_arena_births: 1182.
num_arena_deaths: 16.
num_vsnodes_births: 2.
num_vsnodes_deaths: 0.
num_space_committed: 949.
num_space_uncommitted: 0.
num_chunks_returned_to_freelist: 26.
num_chunks_taken_from_freelist: 4080.
num_chunk_merges: 15.
num_chunk_splits: 2441.
num_chunks_enlarged: 1282.
num_inconsistent_stats: 0.

CodeHeap 'non-profiled nmethods': size=120000Kb used=5002Kb max_used=5002Kb free=114998Kb
 bounds [0x00000207b2590000, 0x00000207b2a80000, 0x00000207b9ac0000]
CodeHeap 'profiled nmethods': size=120000Kb used=15104Kb max_used=15104Kb free=104895Kb
 bounds [0x00000207aaac0000, 0x00000207ab990000, 0x00000207b1ff0000]
CodeHeap 'non-nmethods': size=5760Kb used=1436Kb max_used=1504Kb free=4323Kb
 bounds [0x00000207b1ff0000, 0x00000207b2260000, 0x00000207b2590000]
CodeCache: size=245760Kb, used=21542Kb, max_used=21610Kb, free=224216Kb
 total_blobs=8469, nmethods=7728, adapters=645, full_count=0
Compilation: enabled, stopped_count=0, restarted_count=0

Compilation events (20 events):
Event: 4.003 Thread 0x0000020800959fe0 nmethod 8456 0x00000207b2a65a10 code [0x00000207b2a65f00, 0x00000207b2a67910]
Event: 4.003 Thread 0x0000020800959fe0 8445       4       java.util.LinkedHashMap::afterNodeInsertion (40 bytes)
Event: 4.004 Thread 0x0000020800959fe0 nmethod 8445 0x00000207b2a68c90 code [0x00000207b2a68e20, 0x00000207b2a68ef0]
Event: 4.004 Thread 0x0000020800959fe0 8453       4       org.lombokweb.asm.MethodWriter::visitVarInsn (302 bytes)
Event: 4.005 Thread 0x0000020800959fe0 nmethod 8453 0x00000207b2a68f90 code [0x00000207b2a69180, 0x00000207b2a696c8]
Event: 4.005 Thread 0x0000020800959fe0 8460       4       java.util.Hashtable::addEntry (87 bytes)
Event: 4.008 Thread 0x0000020800959fe0 nmethod 8460 0x00000207b2a69a90 code [0x00000207b2a69c60, 0x00000207b2a69fb0]
Event: 4.008 Thread 0x0000020800959fe0 8447       4       java.lang.AbstractStringBuilder::appendChars (207 bytes)
Event: 4.009 Thread 0x0000020800959fe0 nmethod 8447 0x00000207b2a6a290 code [0x00000207b2a6a460, 0x00000207b2a6a810]
Event: 4.009 Thread 0x0000020800959fe0 8450       4       org.lombokweb.asm.SymbolTable::addConstantUtf8Reference (20 bytes)
Event: 4.011 Thread 0x0000020800959fe0 nmethod 8450 0x00000207b2a6ab10 code [0x00000207b2a6acc0, 0x00000207b2a6afa0]
Event: 4.011 Thread 0x0000020800959fe0 8454       4       org.lombokweb.asm.MethodWriter::computeMethodInfoSize (571 bytes)
Event: 4.013 Thread 0x0000020800959fe0 nmethod 8454 0x00000207b2a6b210 code [0x00000207b2a6b460, 0x00000207b2a6ba70]
Event: 4.013 Thread 0x0000020800959fe0 8455       4       org.lombokweb.asm.MethodWriter::hasFrames (13 bytes)
Event: 4.014 Thread 0x0000020800959fe0 nmethod 8455 0x00000207b2a6bf90 code [0x00000207b2a6c120, 0x00000207b2a6c1b8]
Event: 4.014 Thread 0x0000020800959fe0 8452       4       org.lombokweb.asm.MethodWriter::visitLineNumber (50 bytes)
Event: 4.015 Thread 0x00000207a7987fc0 nmethod 8461 0x00000207b2a6c290 code [0x00000207b2a6c740, 0x00000207b2a6f868]
Event: 4.016 Thread 0x00000207a7987fc0 8439       4       java.util.LinkedHashMap::<init> (16 bytes)
Event: 4.016 Thread 0x0000020800959fe0 nmethod 8452 0x00000207b2a71990 code [0x00000207b2a71b60, 0x00000207b2a72058]
Event: 4.016 Thread 0x00000207a7987fc0 nmethod 8439 0x00000207b2a72410 code [0x00000207b2a725a0, 0x00000207b2a726a0]

GC Heap History (20 events):
Event: 4.039 GC heap before
{Heap before GC invocations=400 (full 3):
 PSYoungGen      total 1536K, used 1115K [0x00000000d5580000, 0x00000000d5800000, 0x0000000100000000)
  eden space 512K, 100% used [0x00000000d5580000,0x00000000d5600000,0x00000000d5600000)
  from space 1024K, 58% used [0x00000000d5700000,0x00000000d5796f70,0x00000000d5800000)
  to   space 1024K, 0% used [0x00000000d5600000,0x00000000d5600000,0x00000000d5700000)
 ParOldGen       total 350208K, used 349992K [0x0000000080000000, 0x0000000095600000, 0x00000000d5580000)
  object space 350208K, 99% used [0x0000000080000000,0x00000000955ca200,0x0000000095600000)
 Metaspace       used 59285K, committed 60736K, reserved 1114112K
  class space    used 6464K, committed 7104K, reserved 1048576K
}
Event: 4.040 GC heap after
{Heap after GC invocations=400 (full 3):
 PSYoungGen      total 1536K, used 611K [0x00000000d5580000, 0x00000000d5800000, 0x0000000100000000)
  eden space 512K, 0% used [0x00000000d5580000,0x00000000d5580000,0x00000000d5600000)
  from space 1024K, 59% used [0x00000000d5600000,0x00000000d5698ee8,0x00000000d5700000)
  to   space 1024K, 0% used [0x00000000d5700000,0x00000000d5700000,0x00000000d5800000)
 ParOldGen       total 350720K, used 350540K [0x0000000080000000, 0x0000000095680000, 0x00000000d5580000)
  object space 350720K, 99% used [0x0000000080000000,0x0000000095653138,0x0000000095680000)
 Metaspace       used 59285K, committed 60736K, reserved 1114112K
  class space    used 6464K, committed 7104K, reserved 1048576K
}
Event: 4.047 GC heap before
{Heap before GC invocations=401 (full 3):
 PSYoungGen      total 1536K, used 1123K [0x00000000d5580000, 0x00000000d5800000, 0x0000000100000000)
  eden space 512K, 100% used [0x00000000d5580000,0x00000000d5600000,0x00000000d5600000)
  from space 1024K, 59% used [0x00000000d5600000,0x00000000d5698ee8,0x00000000d5700000)
  to   space 1024K, 0% used [0x00000000d5700000,0x00000000d5700000,0x00000000d5800000)
 ParOldGen       total 351232K, used 351212K [0x0000000080000000, 0x0000000095700000, 0x00000000d5580000)
  object space 351232K, 99% used [0x0000000080000000,0x00000000956fb138,0x0000000095700000)
 Metaspace       used 59285K, committed 60736K, reserved 1114112K
  class space    used 6464K, committed 7104K, reserved 1048576K
}
Event: 4.048 GC heap after
{Heap after GC invocations=401 (full 3):
 PSYoungGen      total 1536K, used 615K [0x00000000d5580000, 0x00000000d5800000, 0x0000000100000000)
  eden space 512K, 0% used [0x00000000d5580000,0x00000000d5580000,0x00000000d5600000)
  from space 1024K, 60% used [0x00000000d5700000,0x00000000d5799fa0,0x00000000d5800000)
  to   space 1024K, 0% used [0x00000000d5600000,0x00000000d5600000,0x00000000d5700000)
 ParOldGen       total 352256K, used 351744K [0x0000000080000000, 0x0000000095800000, 0x00000000d5580000)
  object space 352256K, 99% used [0x0000000080000000,0x0000000095780010,0x0000000095800000)
 Metaspace       used 59285K, committed 60736K, reserved 1114112K
  class space    used 6464K, committed 7104K, reserved 1048576K
}
Event: 4.051 GC heap before
{Heap before GC invocations=402 (full 3):
 PSYoungGen      total 1536K, used 1127K [0x00000000d5580000, 0x00000000d5800000, 0x0000000100000000)
  eden space 512K, 99% used [0x00000000d5580000,0x00000000d55ffff0,0x00000000d5600000)
  from space 1024K, 60% used [0x00000000d5700000,0x00000000d5799fa0,0x00000000d5800000)
  to   space 1024K, 0% used [0x00000000d5600000,0x00000000d5600000,0x00000000d5700000)
 ParOldGen       total 352256K, used 351744K [0x0000000080000000, 0x0000000095800000, 0x00000000d5580000)
  object space 352256K, 99% used [0x0000000080000000,0x0000000095780010,0x0000000095800000)
 Metaspace       used 59285K, committed 60736K, reserved 1114112K
  class space    used 6464K, committed 7104K, reserved 1048576K
}
Event: 4.052 GC heap after
{Heap after GC invocations=402 (full 3):
 PSYoungGen      total 1536K, used 663K [0x00000000d5580000, 0x00000000d5800000, 0x0000000100000000)
  eden space 512K, 0% used [0x00000000d5580000,0x00000000d5580000,0x00000000d5600000)
  from space 1024K, 64% used [0x00000000d5600000,0x00000000d56a5eb8,0x00000000d5700000)
  to   space 1024K, 0% used [0x00000000d5700000,0x00000000d5700000,0x00000000d5800000)
 ParOldGen       total 352768K, used 352274K [0x0000000080000000, 0x0000000095880000, 0x00000000d5580000)
  object space 352768K, 99% used [0x0000000080000000,0x0000000095804a18,0x0000000095880000)
 Metaspace       used 59285K, committed 60736K, reserved 1114112K
  class space    used 6464K, committed 7104K, reserved 1048576K
}
Event: 4.053 GC heap before
{Heap before GC invocations=403 (full 3):
 PSYoungGen      total 1536K, used 1175K [0x00000000d5580000, 0x00000000d5800000, 0x0000000100000000)
  eden space 512K, 100% used [0x00000000d5580000,0x00000000d5600000,0x00000000d5600000)
  from space 1024K, 64% used [0x00000000d5600000,0x00000000d56a5eb8,0x00000000d5700000)
  to   space 1024K, 0% used [0x00000000d5700000,0x00000000d5700000,0x00000000d5800000)
 ParOldGen       total 352768K, used 352274K [0x0000000080000000, 0x0000000095880000, 0x00000000d5580000)
  object space 352768K, 99% used [0x0000000080000000,0x0000000095804a18,0x0000000095880000)
 Metaspace       used 59285K, committed 60736K, reserved 1114112K
  class space    used 6464K, committed 7104K, reserved 1048576K
}
Event: 4.054 GC heap after
{Heap after GC invocations=403 (full 3):
 PSYoungGen      total 1536K, used 678K [0x00000000d5580000, 0x00000000d5800000, 0x0000000100000000)
  eden space 512K, 0% used [0x00000000d5580000,0x00000000d5580000,0x00000000d5600000)
  from space 1024K, 66% used [0x00000000d5700000,0x00000000d57a9b60,0x00000000d5800000)
  to   space 1024K, 0% used [0x00000000d5600000,0x00000000d5600000,0x00000000d5700000)
 ParOldGen       total 353280K, used 352815K [0x0000000080000000, 0x0000000095900000, 0x00000000d5580000)
  object space 353280K, 99% used [0x0000000080000000,0x000000009588bdc0,0x0000000095900000)
 Metaspace       used 59285K, committed 60736K, reserved 1114112K
  class space    used 6464K, committed 7104K, reserved 1048576K
}
Event: 4.058 GC heap before
{Heap before GC invocations=404 (full 3):
 PSYoungGen      total 1536K, used 1190K [0x00000000d5580000, 0x00000000d5800000, 0x0000000100000000)
  eden space 512K, 100% used [0x00000000d5580000,0x00000000d5600000,0x00000000d5600000)
  from space 1024K, 66% used [0x00000000d5700000,0x00000000d57a9b60,0x00000000d5800000)
  to   space 1024K, 0% used [0x00000000d5600000,0x00000000d5600000,0x00000000d5700000)
 ParOldGen       total 353280K, used 352815K [0x0000000080000000, 0x0000000095900000, 0x00000000d5580000)
  object space 353280K, 99% used [0x0000000080000000,0x000000009588bdc0,0x0000000095900000)
 Metaspace       used 59285K, committed 60736K, reserved 1114112K
  class space    used 6464K, committed 7104K, reserved 1048576K
}
Event: 4.058 GC heap after
{Heap after GC invocations=404 (full 3):
 PSYoungGen      total 1536K, used 659K [0x00000000d5580000, 0x00000000d5800000, 0x0000000100000000)
  eden space 512K, 0% used [0x00000000d5580000,0x00000000d5580000,0x00000000d5600000)
  from space 1024K, 64% used [0x00000000d5600000,0x00000000d56a4fd0,0x00000000d5700000)
  to   space 1024K, 0% used [0x00000000d5700000,0x00000000d5700000,0x00000000d5800000)
 ParOldGen       total 353792K, used 353364K [0x0000000080000000, 0x0000000095980000, 0x00000000d5580000)
  object space 353792K, 99% used [0x0000000080000000,0x00000000959153c8,0x0000000095980000)
 Metaspace       used 59285K, committed 60736K, reserved 1114112K
  class space    used 6464K, committed 7104K, reserved 1048576K
}
Event: 4.062 GC heap before
{Heap before GC invocations=405 (full 3):
 PSYoungGen      total 1536K, used 1171K [0x00000000d5580000, 0x00000000d5800000, 0x0000000100000000)
  eden space 512K, 100% used [0x00000000d5580000,0x00000000d5600000,0x00000000d5600000)
  from space 1024K, 64% used [0x00000000d5600000,0x00000000d56a4fd0,0x00000000d5700000)
  to   space 1024K, 0% used [0x00000000d5700000,0x00000000d5700000,0x00000000d5800000)
 ParOldGen       total 353792K, used 353364K [0x0000000080000000, 0x0000000095980000, 0x00000000d5580000)
  object space 353792K, 99% used [0x0000000080000000,0x00000000959153c8,0x0000000095980000)
 Metaspace       used 59285K, committed 60736K, reserved 1114112K
  class space    used 6464K, committed 7104K, reserved 1048576K
}
Event: 4.063 GC heap after
{Heap after GC invocations=405 (full 3):
 PSYoungGen      total 1536K, used 640K [0x00000000d5580000, 0x00000000d5800000, 0x0000000100000000)
  eden space 512K, 0% used [0x00000000d5580000,0x00000000d5580000,0x00000000d5600000)
  from space 1024K, 62% used [0x00000000d5700000,0x00000000d57a0000,0x00000000d5800000)
  to   space 1024K, 0% used [0x00000000d5600000,0x00000000d5600000,0x00000000d5700000)
 ParOldGen       total 354304K, used 353896K [0x0000000080000000, 0x0000000095a00000, 0x00000000d5580000)
  object space 354304K, 99% used [0x0000000080000000,0x000000009599a360,0x0000000095a00000)
 Metaspace       used 59285K, committed 60736K, reserved 1114112K
  class space    used 6464K, committed 7104K, reserved 1048576K
}
Event: 4.068 GC heap before
{Heap before GC invocations=406 (full 3):
 PSYoungGen      total 1536K, used 1152K [0x00000000d5580000, 0x00000000d5800000, 0x0000000100000000)
  eden space 512K, 100% used [0x00000000d5580000,0x00000000d5600000,0x00000000d5600000)
  from space 1024K, 62% used [0x00000000d5700000,0x00000000d57a0000,0x00000000d5800000)
  to   space 1024K, 0% used [0x00000000d5600000,0x00000000d5600000,0x00000000d5700000)
 ParOldGen       total 354304K, used 354232K [0x0000000080000000, 0x0000000095a00000, 0x00000000d5580000)
  object space 354304K, 99% used [0x0000000080000000,0x00000000959ee360,0x0000000095a00000)
 Metaspace       used 59285K, committed 60736K, reserved 1114112K
  class space    used 6464K, committed 7104K, reserved 1048576K
}
Event: 4.068 GC heap after
{Heap after GC invocations=406 (full 3):
 PSYoungGen      total 1536K, used 688K [0x00000000d5580000, 0x00000000d5800000, 0x0000000100000000)
  eden space 512K, 0% used [0x00000000d5580000,0x00000000d5580000,0x00000000d5600000)
  from space 1024K, 67% used [0x00000000d5600000,0x00000000d56ac000,0x00000000d5700000)
  to   space 1024K, 0% used [0x00000000d5700000,0x00000000d5700000,0x00000000d5800000)
 ParOldGen       total 354816K, used 354764K [0x0000000080000000, 0x0000000095a80000, 0x00000000d5580000)
  object space 354816K, 99% used [0x0000000080000000,0x0000000095a73348,0x0000000095a80000)
 Metaspace       used 59285K, committed 60736K, reserved 1114112K
  class space    used 6464K, committed 7104K, reserved 1048576K
}
Event: 4.072 GC heap before
{Heap before GC invocations=407 (full 3):
 PSYoungGen      total 1536K, used 1199K [0x00000000d5580000, 0x00000000d5800000, 0x0000000100000000)
  eden space 512K, 99% used [0x00000000d5580000,0x00000000d55fffe0,0x00000000d5600000)
  from space 1024K, 67% used [0x00000000d5600000,0x00000000d56ac000,0x00000000d5700000)
  to   space 1024K, 0% used [0x00000000d5700000,0x00000000d5700000,0x00000000d5800000)
 ParOldGen       total 354816K, used 354764K [0x0000000080000000, 0x0000000095a80000, 0x00000000d5580000)
  object space 354816K, 99% used [0x0000000080000000,0x0000000095a73348,0x0000000095a80000)
 Metaspace       used 59285K, committed 60736K, reserved 1114112K
  class space    used 6464K, committed 7104K, reserved 1048576K
}
Event: 4.073 GC heap after
{Heap after GC invocations=407 (full 3):
 PSYoungGen      total 1536K, used 583K [0x00000000d5580000, 0x00000000d5800000, 0x0000000100000000)
  eden space 512K, 0% used [0x00000000d5580000,0x00000000d5580000,0x00000000d5600000)
  from space 1024K, 57% used [0x00000000d5700000,0x00000000d5791fa0,0x00000000d5800000)
  to   space 1024K, 0% used [0x00000000d5600000,0x00000000d5600000,0x00000000d5700000)
 ParOldGen       total 355328K, used 355316K [0x0000000080000000, 0x0000000095b00000, 0x00000000d5580000)
  object space 355328K, 99% used [0x0000000080000000,0x0000000095afd2e8,0x0000000095b00000)
 Metaspace       used 59285K, committed 60736K, reserved 1114112K
  class space    used 6464K, committed 7104K, reserved 1048576K
}
Event: 4.077 GC heap before
{Heap before GC invocations=408 (full 3):
 PSYoungGen      total 1536K, used 1092K [0x00000000d5580000, 0x00000000d5800000, 0x0000000100000000)
  eden space 512K, 99% used [0x00000000d5580000,0x00000000d55ff120,0x00000000d5600000)
  from space 1024K, 57% used [0x00000000d5700000,0x00000000d5791fa0,0x00000000d5800000)
  to   space 1024K, 0% used [0x00000000d5600000,0x00000000d5600000,0x00000000d5700000)
 ParOldGen       total 355328K, used 355316K [0x0000000080000000, 0x0000000095b00000, 0x00000000d5580000)
  object space 355328K, 99% used [0x0000000080000000,0x0000000095afd2e8,0x0000000095b00000)
 Metaspace       used 59285K, committed 60736K, reserved 1114112K
  class space    used 6464K, committed 7104K, reserved 1048576K
}
Event: 4.078 GC heap after
{Heap after GC invocations=408 (full 3):
 PSYoungGen      total 1536K, used 576K [0x00000000d5580000, 0x00000000d5800000, 0x0000000100000000)
  eden space 512K, 0% used [0x00000000d5580000,0x00000000d5580000,0x00000000d5600000)
  from space 1024K, 56% used [0x00000000d5600000,0x00000000d5690000,0x00000000d5700000)
  to   space 1024K, 0% used [0x00000000d5700000,0x00000000d5700000,0x00000000d5800000)
 ParOldGen       total 356352K, used 355864K [0x0000000080000000, 0x0000000095c00000, 0x00000000d5580000)
  object space 356352K, 99% used [0x0000000080000000,0x0000000095b86248,0x0000000095c00000)
 Metaspace       used 59285K, committed 60736K, reserved 1114112K
  class space    used 6464K, committed 7104K, reserved 1048576K
}
Event: 4.082 GC heap before
{Heap before GC invocations=409 (full 3):
 PSYoungGen      total 1536K, used 1088K [0x00000000d5580000, 0x00000000d5800000, 0x0000000100000000)
  eden space 512K, 100% used [0x00000000d5580000,0x00000000d5600000,0x00000000d5600000)
  from space 1024K, 56% used [0x00000000d5600000,0x00000000d5690000,0x00000000d5700000)
  to   space 1024K, 0% used [0x00000000d5700000,0x00000000d5700000,0x00000000d5800000)
 ParOldGen       total 356352K, used 355864K [0x0000000080000000, 0x0000000095c00000, 0x00000000d5580000)
  object space 356352K, 99% used [0x0000000080000000,0x0000000095b86248,0x0000000095c00000)
 Metaspace       used 59285K, committed 60736K, reserved 1114112K
  class space    used 6464K, committed 7104K, reserved 1048576K
}
Event: 4.083 GC heap after
{Heap after GC invocations=409 (full 3):
 PSYoungGen      total 1536K, used 640K [0x00000000d5580000, 0x00000000d5800000, 0x0000000100000000)
  eden space 512K, 0% used [0x00000000d5580000,0x00000000d5580000,0x00000000d5600000)
  from space 1024K, 62% used [0x00000000d5700000,0x00000000d57a0000,0x00000000d5800000)
  to   space 1024K, 0% used [0x00000000d5600000,0x00000000d5600000,0x00000000d5700000)
 ParOldGen       total 356864K, used 356392K [0x0000000080000000, 0x0000000095c80000, 0x00000000d5580000)
  object space 356864K, 99% used [0x0000000080000000,0x0000000095c0a238,0x0000000095c80000)
 Metaspace       used 59285K, committed 60736K, reserved 1114112K
  class space    used 6464K, committed 7104K, reserved 1048576K
}

Dll operation events (10 events):
Event: 0.004 Loaded shared library c:\Users\12345\.vscode\extensions\redhat.java-1.46.0-win32-x64\jre\21.0.8-win32-x86_64\bin\java.dll
Event: 0.032 Loaded shared library c:\Users\12345\.vscode\extensions\redhat.java-1.46.0-win32-x64\jre\21.0.8-win32-x86_64\bin\zip.dll
Event: 0.041 Loaded shared library C:\Users\12345\.vscode\extensions\redhat.java-1.46.0-win32-x64\jre\21.0.8-win32-x86_64\bin\instrument.dll
Event: 0.043 Loaded shared library C:\Users\12345\.vscode\extensions\redhat.java-1.46.0-win32-x64\jre\21.0.8-win32-x86_64\bin\net.dll
Event: 0.044 Loaded shared library C:\Users\12345\.vscode\extensions\redhat.java-1.46.0-win32-x64\jre\21.0.8-win32-x86_64\bin\nio.dll
Event: 0.045 Loaded shared library C:\Users\12345\.vscode\extensions\redhat.java-1.46.0-win32-x64\jre\21.0.8-win32-x86_64\bin\zip.dll
Event: 0.052 Loaded shared library C:\Users\12345\.vscode\extensions\redhat.java-1.46.0-win32-x64\jre\21.0.8-win32-x86_64\bin\jimage.dll
Event: 0.079 Loaded shared library c:\Users\12345\.vscode\extensions\redhat.java-1.46.0-win32-x64\jre\21.0.8-win32-x86_64\bin\verify.dll
Event: 0.470 Loaded shared library C:\Users\12345\AppData\Roaming\Code\User\globalStorage\redhat.java\1.46.0\config_win\org.eclipse.equinox.launcher\org.eclipse.equinox.launcher.win32.win32.x86_64_1.2.1400.v20250801-0854\eclipse_11916.dll
Event: 0.940 Loaded shared library C:\Users\12345\AppData\Local\Temp\jna-46792755\jna838405956637370187.dll

Deoptimization events (20 events):
Event: 3.772 Thread 0x0000020806d4f5d0 DEOPT PACKING pc=0x00000207ab28a70b sp=0x000000ada73ff1b0
Event: 3.772 Thread 0x0000020806d4f5d0 DEOPT UNPACKING pc=0x00000207b20478e2 sp=0x000000ada73fe678 mode 0
Event: 3.773 Thread 0x0000020806d4f5d0 DEOPT PACKING pc=0x00000207ab28a70b sp=0x000000ada73ff1b0
Event: 3.773 Thread 0x0000020806d4f5d0 DEOPT UNPACKING pc=0x00000207b20478e2 sp=0x000000ada73fe678 mode 0
Event: 3.773 Thread 0x0000020806d4f5d0 DEOPT PACKING pc=0x00000207ab28a70b sp=0x000000ada73ff1b0
Event: 3.773 Thread 0x0000020806d4f5d0 DEOPT UNPACKING pc=0x00000207b20478e2 sp=0x000000ada73fe678 mode 0
Event: 3.776 Thread 0x0000020806d4f5d0 DEOPT PACKING pc=0x00000207ab28a70b sp=0x000000ada73ff1b0
Event: 3.776 Thread 0x0000020806d4f5d0 DEOPT UNPACKING pc=0x00000207b20478e2 sp=0x000000ada73fe678 mode 0
Event: 3.776 Thread 0x0000020806d4f5d0 DEOPT PACKING pc=0x00000207ab28a70b sp=0x000000ada73ff1b0
Event: 3.776 Thread 0x0000020806d4f5d0 DEOPT UNPACKING pc=0x00000207b20478e2 sp=0x000000ada73fe678 mode 0
Event: 3.777 Thread 0x0000020806d4f5d0 DEOPT PACKING pc=0x00000207ab28a70b sp=0x000000ada73ff1b0
Event: 3.777 Thread 0x0000020806d4f5d0 DEOPT UNPACKING pc=0x00000207b20478e2 sp=0x000000ada73fe678 mode 0
Event: 3.777 Thread 0x0000020806d4f5d0 DEOPT PACKING pc=0x00000207ab28a70b sp=0x000000ada73ff1b0
Event: 3.777 Thread 0x0000020806d4f5d0 DEOPT UNPACKING pc=0x00000207b20478e2 sp=0x000000ada73fe678 mode 0
Event: 3.778 Thread 0x0000020806d4f5d0 DEOPT PACKING pc=0x00000207ab28a70b sp=0x000000ada73ff1b0
Event: 3.778 Thread 0x0000020806d4f5d0 DEOPT UNPACKING pc=0x00000207b20478e2 sp=0x000000ada73fe678 mode 0
Event: 3.778 Thread 0x0000020806d4f5d0 DEOPT PACKING pc=0x00000207ab28a70b sp=0x000000ada73ff1b0
Event: 3.778 Thread 0x0000020806d4f5d0 DEOPT UNPACKING pc=0x00000207b20478e2 sp=0x000000ada73fe678 mode 0
Event: 3.985 Thread 0x0000020806d51010 DEOPT PACKING pc=0x00000207aaf2d39f sp=0x000000ada72fe000
Event: 3.985 Thread 0x0000020806d51010 DEOPT UNPACKING pc=0x00000207b20478e2 sp=0x000000ada72fd4d8 mode 0

Classes loaded (20 events):
Event: 3.005 Loading class java/util/TreeMap$TreeMapSpliterator done
Event: 3.005 Loading class java/util/TreeMap$ValueSpliterator done
Event: 3.015 Loading class java/util/concurrent/CompletionException
Event: 3.015 Loading class java/util/concurrent/CompletionException done
Event: 3.016 Loading class java/nio/file/FileTreeWalker$1
Event: 3.016 Loading class java/nio/file/FileTreeWalker$1 done
Event: 3.017 Loading class sun/nio/fs/Globs
Event: 3.017 Loading class sun/nio/fs/Globs done
Event: 3.017 Loading class java/util/regex/Pattern$SliceU
Event: 3.017 Loading class java/util/regex/Pattern$SliceU done
Event: 3.017 Loading class sun/nio/fs/WindowsFileSystem$2
Event: 3.017 Loading class java/nio/file/PathMatcher
Event: 3.017 Loading class java/nio/file/PathMatcher done
Event: 3.017 Loading class sun/nio/fs/WindowsFileSystem$2 done
Event: 3.041 Loading class java/util/Collections$SynchronizedRandomAccessList
Event: 3.041 Loading class java/util/Collections$SynchronizedList
Event: 3.041 Loading class java/util/Collections$SynchronizedList done
Event: 3.041 Loading class java/util/Collections$SynchronizedRandomAccessList done
Event: 3.073 Loading class java/util/concurrent/CompletableFuture$Signaller
Event: 3.073 Loading class java/util/concurrent/CompletableFuture$Signaller done

Classes unloaded (8 events):
Event: 1.163 Thread 0x00000207a796fb60 Unloading class 0x00000207c01a8c00 'java/lang/invoke/LambdaForm$MH+0x00000207c01a8c00'
Event: 1.163 Thread 0x00000207a796fb60 Unloading class 0x00000207c01a8800 'java/lang/invoke/LambdaForm$MH+0x00000207c01a8800'
Event: 1.163 Thread 0x00000207a796fb60 Unloading class 0x00000207c01a8400 'java/lang/invoke/LambdaForm$MH+0x00000207c01a8400'
Event: 1.163 Thread 0x00000207a796fb60 Unloading class 0x00000207c01a8000 'java/lang/invoke/LambdaForm$MH+0x00000207c01a8000'
Event: 1.163 Thread 0x00000207a796fb60 Unloading class 0x00000207c01a7c00 'java/lang/invoke/LambdaForm$BMH+0x00000207c01a7c00'
Event: 1.163 Thread 0x00000207a796fb60 Unloading class 0x00000207c01a7800 'java/lang/invoke/LambdaForm$DMH+0x00000207c01a7800'
Event: 1.163 Thread 0x00000207a796fb60 Unloading class 0x00000207c01a6400 'java/lang/invoke/LambdaForm$DMH+0x00000207c01a6400'
Event: 2.943 Thread 0x00000207a796fb60 Unloading class 0x00000207c069c800 'java/lang/invoke/LambdaForm$DMH+0x00000207c069c800'

Classes redefined (0 events):
No events

Internal exceptions (20 events):
Event: 3.026 Thread 0x0000020808c90460 Exception <a 'sun/nio/fs/WindowsException'{0x00000000d5812d50}> (0x00000000d5812d50) 
thrown [s\src\hotspot\share\prims\jni.cpp, line 520]
Event: 3.026 Thread 0x0000020808c90460 Exception <a 'sun/nio/fs/WindowsException'{0x00000000d5813410}> (0x00000000d5813410) 
thrown [s\src\hotspot\share\prims\jni.cpp, line 520]
Event: 3.026 Thread 0x0000020808c90460 Exception <a 'sun/nio/fs/WindowsException'{0x00000000d5813d40}> (0x00000000d5813d40) 
thrown [s\src\hotspot\share\prims\jni.cpp, line 520]
Event: 3.026 Thread 0x0000020808c90460 Exception <a 'sun/nio/fs/WindowsException'{0x00000000d58435f8}> (0x00000000d58435f8) 
thrown [s\src\hotspot\share\prims\jni.cpp, line 520]
Event: 3.026 Thread 0x0000020808c90460 Exception <a 'sun/nio/fs/WindowsException'{0x00000000d5843ce8}> (0x00000000d5843ce8) 
thrown [s\src\hotspot\share\prims\jni.cpp, line 520]
Event: 3.026 Thread 0x0000020808c90460 Exception <a 'sun/nio/fs/WindowsException'{0x00000000d5854498}> (0x00000000d5854498) 
thrown [s\src\hotspot\share\prims\jni.cpp, line 520]
Event: 3.026 Thread 0x0000020808c90460 Exception <a 'sun/nio/fs/WindowsException'{0x00000000d5854ba8}> (0x00000000d5854ba8) 
thrown [s\src\hotspot\share\prims\jni.cpp, line 520]
Event: 3.026 Thread 0x0000020808c90460 Exception <a 'sun/nio/fs/WindowsException'{0x00000000d5874458}> (0x00000000d5874458) 
thrown [s\src\hotspot\share\prims\jni.cpp, line 520]
Event: 3.026 Thread 0x0000020808c90460 Exception <a 'sun/nio/fs/WindowsException'{0x00000000d5874aa8}> (0x00000000d5874aa8) 
thrown [s\src\hotspot\share\prims\jni.cpp, line 520]
Event: 3.026 Thread 0x0000020808c90460 Exception <a 'sun/nio/fs/WindowsException'{0x00000000d5875358}> (0x00000000d5875358) 
thrown [s\src\hotspot\share\prims\jni.cpp, line 520]
Event: 3.026 Thread 0x0000020808c90460 Exception <a 'sun/nio/fs/WindowsException'{0x00000000d58759c0}> (0x00000000d58759c0) 
thrown [s\src\hotspot\share\prims\jni.cpp, line 520]
Event: 3.027 Thread 0x0000020808c90460 Exception <a 'sun/nio/fs/WindowsException'{0x00000000d558c1e8}> (0x00000000d558c1e8) 
thrown [s\src\hotspot\share\prims\jni.cpp, line 520]
Event: 3.027 Thread 0x0000020808c90460 Exception <a 'sun/nio/fs/WindowsException'{0x00000000d558c848}> (0x00000000d558c848) 
thrown [s\src\hotspot\share\prims\jni.cpp, line 520]
Event: 3.027 Thread 0x0000020808c90460 Exception <a 'sun/nio/fs/WindowsException'{0x00000000d558d108}> (0x00000000d558d108) 
thrown [s\src\hotspot\share\prims\jni.cpp, line 520]
Event: 3.027 Thread 0x0000020808c90460 Exception <a 'sun/nio/fs/WindowsException'{0x00000000d558d788}> (0x00000000d558d788) 
thrown [s\src\hotspot\share\prims\jni.cpp, line 520]
Event: 3.027 Thread 0x0000020808c90460 Exception <a 'sun/nio/fs/WindowsException'{0x00000000d55920f0}> (0x00000000d55920f0) 
thrown [s\src\hotspot\share\prims\jni.cpp, line 520]
Event: 3.027 Thread 0x0000020808c90460 Exception <a 'sun/nio/fs/WindowsException'{0x00000000d5592780}> (0x00000000d5592780) 
thrown [s\src\hotspot\share\prims\jni.cpp, line 520]
Event: 3.027 Thread 0x0000020808c90460 Exception <a 'sun/nio/fs/WindowsException'{0x00000000d55a0b48}> (0x00000000d55a0b48) 
thrown [s\src\hotspot\share\prims\jni.cpp, line 520]
Event: 3.027 Thread 0x0000020808c90460 Exception <a 'sun/nio/fs/WindowsException'{0x00000000d55a11f8}> (0x00000000d55a11f8) 
thrown [s\src\hotspot\share\prims\jni.cpp, line 520]
Event: 3.056 Thread 0x0000020808c8ea20 Exception <a 'java/lang/IncompatibleClassChangeError'{0x00000000d575a1f0}: Found class java.lang.Object, but interface was expected> (0x00000000d575a1f0) 
thrown [s\src\hotspot\share\interpreter\linkResolver.cpp, line 840]

ZGC Phase Switch (0 events):
No events

VM Operations (20 events):
Event: 4.039 Executing VM operation: ParallelGCFailedAllocation (Allocation Failure)
Event: 4.040 Executing VM operation: ParallelGCFailedAllocation (Allocation Failure) done
Event: 4.047 Executing VM operation: ParallelGCFailedAllocation (Allocation Failure)
Event: 4.048 Executing VM operation: ParallelGCFailedAllocation (Allocation Failure) done
Event: 4.051 Executing VM operation: ParallelGCFailedAllocation (Allocation Failure)
Event: 4.052 Executing VM operation: ParallelGCFailedAllocation (Allocation Failure) done
Event: 4.053 Executing VM operation: ParallelGCFailedAllocation (Allocation Failure)
Event: 4.054 Executing VM operation: ParallelGCFailedAllocation (Allocation Failure) done
Event: 4.058 Executing VM operation: ParallelGCFailedAllocation (Allocation Failure)
Event: 4.058 Executing VM operation: ParallelGCFailedAllocation (Allocation Failure) done
Event: 4.062 Executing VM operation: ParallelGCFailedAllocation (Allocation Failure)
Event: 4.063 Executing VM operation: ParallelGCFailedAllocation (Allocation Failure) done
Event: 4.068 Executing VM operation: ParallelGCFailedAllocation (Allocation Failure)
Event: 4.068 Executing VM operation: ParallelGCFailedAllocation (Allocation Failure) done
Event: 4.072 Executing VM operation: ParallelGCFailedAllocation (Allocation Failure)
Event: 4.073 Executing VM operation: ParallelGCFailedAllocation (Allocation Failure) done
Event: 4.077 Executing VM operation: ParallelGCFailedAllocation (Allocation Failure)
Event: 4.078 Executing VM operation: ParallelGCFailedAllocation (Allocation Failure) done
Event: 4.082 Executing VM operation: ParallelGCFailedAllocation (Allocation Failure)
Event: 4.083 Executing VM operation: ParallelGCFailedAllocation (Allocation Failure) done

Memory protections (0 events):
No events

Nmethod flushes (20 events):
Event: 2.952 Thread 0x00000207a796fb60 flushing  nmethod 0x00000207ab2b9e90
Event: 2.952 Thread 0x00000207a796fb60 flushing  nmethod 0x00000207ab2bd390
Event: 2.952 Thread 0x00000207a796fb60 flushing  nmethod 0x00000207ab2c1690
Event: 2.952 Thread 0x00000207a796fb60 flushing  nmethod 0x00000207ab2c2010
Event: 2.952 Thread 0x00000207a796fb60 flushing  nmethod 0x00000207ab2f3a10
Event: 2.952 Thread 0x00000207a796fb60 flushing  nmethod 0x00000207ab2f5290
Event: 2.952 Thread 0x00000207a796fb60 flushing  nmethod 0x00000207ab2f5890
Event: 2.952 Thread 0x00000207a796fb60 flushing  nmethod 0x00000207ab2f6110
Event: 2.952 Thread 0x00000207a796fb60 flushing  nmethod 0x00000207ab2f6810
Event: 2.952 Thread 0x00000207a796fb60 flushing  nmethod 0x00000207ab2f8a10
Event: 2.952 Thread 0x00000207a796fb60 flushing  nmethod 0x00000207ab379410
Event: 2.952 Thread 0x00000207a796fb60 flushing  nmethod 0x00000207ab37af10
Event: 2.952 Thread 0x00000207a796fb60 flushing  nmethod 0x00000207ab37c810
Event: 2.952 Thread 0x00000207a796fb60 flushing  nmethod 0x00000207ab386b90
Event: 2.952 Thread 0x00000207a796fb60 flushing  nmethod 0x00000207ab387310
Event: 2.952 Thread 0x00000207a796fb60 flushing  nmethod 0x00000207ab387690
Event: 2.952 Thread 0x00000207a796fb60 flushing  nmethod 0x00000207ab387a10
Event: 2.952 Thread 0x00000207a796fb60 flushing  nmethod 0x00000207ab387f90
Event: 2.952 Thread 0x00000207a796fb60 flushing  nmethod 0x00000207ab388710
Event: 2.952 Thread 0x00000207a796fb60 flushing  nmethod 0x00000207ab38b510

Events (20 events):
Event: 2.617 Thread 0x0000020806d51010 Thread added: 0x0000020807dcf6b0
Event: 2.617 Thread 0x0000020806d51010 Thread added: 0x0000020807dd3850
Event: 2.618 Thread 0x0000020806d51010 Thread added: 0x0000020807dccf50
Event: 2.638 Thread 0x0000020807dd3850 Thread exited: 0x0000020807dd3850
Event: 2.638 Thread 0x0000020807dce300 Thread exited: 0x0000020807dce300
Event: 2.638 Thread 0x0000020807dcfd40 Thread exited: 0x0000020807dcfd40
Event: 2.638 Thread 0x0000020807dccf50 Thread exited: 0x0000020807dccf50
Event: 2.639 Thread 0x0000020807dcf6b0 Thread exited: 0x0000020807dcf6b0
Event: 2.774 Thread 0x0000020806d51010 Thread added: 0x0000020807dcfd40
Event: 2.774 Thread 0x0000020806d51010 Thread added: 0x0000020807dd03d0
Event: 2.774 Thread 0x0000020806d51010 Thread added: 0x0000020807dcf6b0
Event: 2.774 Thread 0x0000020806d51010 Thread added: 0x0000020807dd24a0
Event: 2.774 Thread 0x0000020806d51010 Thread added: 0x0000020807dce300
Event: 2.824 Thread 0x0000020807dce300 Thread exited: 0x0000020807dce300
Event: 2.824 Thread 0x0000020807dcfd40 Thread exited: 0x0000020807dcfd40
Event: 2.824 Thread 0x0000020807dd03d0 Thread exited: 0x0000020807dd03d0
Event: 2.824 Thread 0x0000020807dcf6b0 Thread exited: 0x0000020807dcf6b0
Event: 2.824 Thread 0x0000020807dd24a0 Thread exited: 0x0000020807dd24a0
Event: 3.978 Thread 0x000002080174a410 Thread exited: 0x000002080174a410
Event: 3.984 Thread 0x00000207a7987fc0 Thread added: 0x000002080ab13cc0


Dynamic libraries:
0x00007ff6881c0000 - 0x00007ff6881ce000 	c:\Users\12345\.vscode\extensions\redhat.java-1.46.0-win32-x64\jre\21.0.8-win32-x86_64\bin\java.exe
0x00007ffe7ddb0000 - 0x00007ffe7dfc7000 	C:\WINDOWS\SYSTEM32\ntdll.dll
0x00007ffe7c4e0000 - 0x00007ffe7c5a4000 	C:\WINDOWS\System32\KERNEL32.DLL
0x00007ffe7b320000 - 0x00007ffe7b6f2000 	C:\WINDOWS\System32\KERNELBASE.dll
0x00007ffe7b140000 - 0x00007ffe7b251000 	C:\WINDOWS\System32\ucrtbase.dll
0x00007ffe6aa30000 - 0x00007ffe6aa48000 	c:\Users\12345\.vscode\extensions\redhat.java-1.46.0-win32-x64\jre\21.0.8-win32-x86_64\bin\jli.dll
0x00007ffe6aa10000 - 0x00007ffe6aa2e000 	c:\Users\12345\.vscode\extensions\redhat.java-1.46.0-win32-x64\jre\21.0.8-win32-x86_64\bin\VCRUNTIME140.dll
0x00007ffe7da50000 - 0x00007ffe7dc01000 	C:\WINDOWS\System32\USER32.dll
0x00007ffe69470000 - 0x00007ffe6970b000 	C:\WINDOWS\WinSxS\amd64_microsoft.windows.common-controls_6595b64144ccf1df_6.0.22621.5697_none_27154c497380d676\COMCTL32.dll
0x00007ffe7ba10000 - 0x00007ffe7ba36000 	C:\WINDOWS\System32\win32u.dll
0x00007ffe7ba40000 - 0x00007ffe7ba69000 	C:\WINDOWS\System32\GDI32.dll
0x00007ffe7d720000 - 0x00007ffe7d7c7000 	C:\WINDOWS\System32\msvcrt.dll
0x00007ffe7b010000 - 0x00007ffe7b133000 	C:\WINDOWS\System32\gdi32full.dll
0x00007ffe7b830000 - 0x00007ffe7b8ca000 	C:\WINDOWS\System32\msvcp_win.dll
0x00007ffe7dc10000 - 0x00007ffe7dc41000 	C:\WINDOWS\System32\IMM32.DLL
0x00007ffe74ef0000 - 0x00007ffe74efc000 	c:\Users\12345\.vscode\extensions\redhat.java-1.46.0-win32-x64\jre\21.0.8-win32-x86_64\bin\vcruntime140_1.dll
0x00007ffe55160000 - 0x00007ffe551ed000 	c:\Users\12345\.vscode\extensions\redhat.java-1.46.0-win32-x64\jre\21.0.8-win32-x86_64\bin\msvcp140.dll
0x00007ffdeffc0000 - 0x00007ffdf0d57000 	c:\Users\12345\.vscode\extensions\redhat.java-1.46.0-win32-x64\jre\21.0.8-win32-x86_64\bin\server\jvm.dll
0x00007ffe7c670000 - 0x00007ffe7c721000 	C:\WINDOWS\System32\ADVAPI32.dll
0x00007ffe7c5c0000 - 0x00007ffe7c668000 	C:\WINDOWS\System32\sechost.dll
0x00007ffe7b800000 - 0x00007ffe7b828000 	C:\WINDOWS\System32\bcrypt.dll
0x00007ffe7dc50000 - 0x00007ffe7dd67000 	C:\WINDOWS\System32\RPCRT4.dll
0x00007ffe7c130000 - 0x00007ffe7c1a1000 	C:\WINDOWS\System32\WS2_32.dll
0x00007ffe79c90000 - 0x00007ffe79cdd000 	C:\WINDOWS\SYSTEM32\POWRPROF.dll
0x00007ffe70ef0000 - 0x00007ffe70f24000 	C:\WINDOWS\SYSTEM32\WINMM.dll
0x00007ffe73a30000 - 0x00007ffe73a3a000 	C:\WINDOWS\SYSTEM32\VERSION.dll
0x00007ffe79c70000 - 0x00007ffe79c83000 	C:\WINDOWS\SYSTEM32\UMPDC.dll
0x00007ffe79f30000 - 0x00007ffe79f48000 	C:\WINDOWS\SYSTEM32\kernel.appcore.dll
0x00007ffe72f30000 - 0x00007ffe72f3a000 	c:\Users\12345\.vscode\extensions\redhat.java-1.46.0-win32-x64\jre\21.0.8-win32-x86_64\bin\jimage.dll
0x00007ffe78300000 - 0x00007ffe78533000 	C:\WINDOWS\SYSTEM32\DBGHELP.DLL
0x00007ffe7c890000 - 0x00007ffe7cc22000 	C:\WINDOWS\System32\combase.dll
0x00007ffe7d7d0000 - 0x00007ffe7d8a8000 	C:\WINDOWS\System32\OLEAUT32.dll
0x00007ffe641e0000 - 0x00007ffe64212000 	C:\WINDOWS\SYSTEM32\dbgcore.DLL
0x00007ffe7b780000 - 0x00007ffe7b7fb000 	C:\WINDOWS\System32\bcryptPrimitives.dll
0x00007ffe6aa00000 - 0x00007ffe6aa0f000 	c:\Users\12345\.vscode\extensions\redhat.java-1.46.0-win32-x64\jre\21.0.8-win32-x86_64\bin\instrument.dll
0x00007ffe6a9e0000 - 0x00007ffe6a9ff000 	c:\Users\12345\.vscode\extensions\redhat.java-1.46.0-win32-x64\jre\21.0.8-win32-x86_64\bin\java.dll
0x00007ffe7ce00000 - 0x00007ffe7d6a1000 	C:\WINDOWS\System32\SHELL32.dll
0x00007ffe7b8d0000 - 0x00007ffe7ba0f000 	C:\WINDOWS\System32\wintypes.dll
0x00007ffe78d40000 - 0x00007ffe7965a000 	C:\WINDOWS\SYSTEM32\windows.storage.dll
0x00007ffe7ba70000 - 0x00007ffe7bb7b000 	C:\WINDOWS\System32\SHCORE.dll
0x00007ffe7c0b0000 - 0x00007ffe7c119000 	C:\WINDOWS\System32\shlwapi.dll
0x00007ffe7add0000 - 0x00007ffe7adfb000 	C:\WINDOWS\SYSTEM32\profapi.dll
0x00007ffe6a980000 - 0x00007ffe6a998000 	c:\Users\12345\.vscode\extensions\redhat.java-1.46.0-win32-x64\jre\21.0.8-win32-x86_64\bin\zip.dll
0x00007ffe6a970000 - 0x00007ffe6a980000 	C:\Users\12345\.vscode\extensions\redhat.java-1.46.0-win32-x64\jre\21.0.8-win32-x86_64\bin\net.dll
0x00007ffe75f30000 - 0x00007ffe7605c000 	C:\WINDOWS\SYSTEM32\WINHTTP.dll
0x00007ffe7a3f0000 - 0x00007ffe7a459000 	C:\WINDOWS\system32\mswsock.dll
0x00007ffe6a950000 - 0x00007ffe6a966000 	C:\Users\12345\.vscode\extensions\redhat.java-1.46.0-win32-x64\jre\21.0.8-win32-x86_64\bin\nio.dll
0x00007ffe6a8d0000 - 0x00007ffe6a8e0000 	c:\Users\12345\.vscode\extensions\redhat.java-1.46.0-win32-x64\jre\21.0.8-win32-x86_64\bin\verify.dll
0x00007ffe55110000 - 0x00007ffe55154000 	C:\Users\12345\AppData\Roaming\Code\User\globalStorage\redhat.java\1.46.0\config_win\org.eclipse.equinox.launcher\org.eclipse.equinox.launcher.win32.win32.x86_64_1.2.1400.v20250801-0854\eclipse_11916.dll
0x00007ffe7d8b0000 - 0x00007ffe7da50000 	C:\WINDOWS\System32\ole32.dll
0x00007ffe7a630000 - 0x00007ffe7a64b000 	C:\WINDOWS\SYSTEM32\CRYPTSP.dll
0x00007ffe79e90000 - 0x00007ffe79ec7000 	C:\WINDOWS\system32\rsaenh.dll
0x00007ffe7a4a0000 - 0x00007ffe7a4c8000 	C:\WINDOWS\SYSTEM32\USERENV.dll
0x00007ffe7a620000 - 0x00007ffe7a62c000 	C:\WINDOWS\SYSTEM32\CRYPTBASE.dll
0x00007ffe79970000 - 0x00007ffe7999d000 	C:\WINDOWS\SYSTEM32\IPHLPAPI.DLL
0x00007ffe7c310000 - 0x00007ffe7c319000 	C:\WINDOWS\System32\NSI.dll
0x00007ffe550c0000 - 0x00007ffe55109000 	C:\Users\12345\AppData\Local\Temp\jna-46792755\jna838405956637370187.dll
0x00007ffe7c120000 - 0x00007ffe7c128000 	C:\WINDOWS\System32\PSAPI.DLL
0x00007ffe75d70000 - 0x00007ffe75d89000 	C:\WINDOWS\SYSTEM32\dhcpcsvc6.DLL
0x00007ffe75d00000 - 0x00007ffe75d1f000 	C:\WINDOWS\SYSTEM32\dhcpcsvc.DLL
0x00007ffe7a040000 - 0x00007ffe7a074000 	C:\WINDOWS\SYSTEM32\ntmarta.dll

JVMTI agents:
c:\Users\12345\.vscode\extensions\redhat.java-1.46.0-win32-x64\lombok\lombok-1.18.39-4050.jar path:c:\Users\12345\.vscode\extensions\redhat.java-1.46.0-win32-x64\jre\21.0.8-win32-x86_64\bin\instrument.dll, loaded, initialized, instrumentlib options:none

dbghelp: loaded successfully - version: 4.0.5 - missing functions: none
symbol engine: initialized successfully - sym options: 0x614 - pdb path: .;c:\Users\12345\.vscode\extensions\redhat.java-1.46.0-win32-x64\jre\21.0.8-win32-x86_64\bin;C:\WINDOWS\SYSTEM32;C:\WINDOWS\WinSxS\amd64_microsoft.windows.common-controls_6595b64144ccf1df_6.0.22621.5697_none_27154c497380d676;c:\Users\12345\.vscode\extensions\redhat.java-1.46.0-win32-x64\jre\21.0.8-win32-x86_64\bin\server;C:\Users\12345\AppData\Roaming\Code\User\globalStorage\redhat.java\1.46.0\config_win\org.eclipse.equinox.launcher\org.eclipse.equinox.launcher.win32.win32.x86_64_1.2.1400.v20250801-0854;C:\Users\12345\AppData\Local\Temp\jna-46792755

VM Arguments:
jvm_args: --add-modules=ALL-SYSTEM --add-opens=java.base/java.util=ALL-UNNAMED --add-opens=java.base/java.lang=ALL-UNNAMED --add-opens=java.base/sun.nio.fs=ALL-UNNAMED -Declipse.application=org.eclipse.jdt.ls.core.id1 -Dosgi.bundles.defaultStartLevel=4 -Declipse.product=org.eclipse.jdt.ls.core.product -Djava.import.generatesMetadataFilesAtProjectRoot=false -DDetectVMInstallationsJob.disabled=true -Dfile.encoding=utf8 -XX:+UseParallelGC -XX:GCTimeRatio=4 -XX:AdaptiveSizePolicyWeight=90 -Dsun.zip.disableMemoryMapping=true -Xmx2G -Xms100m -Xlog:disable -javaagent:c:\Users\12345\.vscode\extensions\redhat.java-1.46.0-win32-x64\lombok\lombok-1.18.39-4050.jar -XX:+HeapDumpOnOutOfMemoryError -XX:HeapDumpPath=c:\Users\12345\AppData\Roaming\Code\User\workspaceStorage\676b7cd3ff3015699f0f15c4871616e0\redhat.java -Daether.dependencyCollector.impl=bf 
java_command: c:\Users\12345\.vscode\extensions\redhat.java-1.46.0-win32-x64\server\plugins\org.eclipse.equinox.launcher_1.7.0.v20250519-0528.jar -configuration c:\Users\12345\AppData\Roaming\Code\User\globalStorage\redhat.java\1.46.0\config_win -data c:\Users\12345\AppData\Roaming\Code\User\workspaceStorage\676b7cd3ff3015699f0f15c4871616e0\redhat.java\jdt_ws --pipe=\\.\pipe\lsp-a46249d2f427c8a4a56bfcb95043af31-sock
java_class_path (initial): c:\Users\12345\.vscode\extensions\redhat.java-1.46.0-win32-x64\server\plugins\org.eclipse.equinox.launcher_1.7.0.v20250519-0528.jar
Launcher Type: SUN_STANDARD

[Global flags]
    uintx AdaptiveSizePolicyWeight                 = 90                                        {product} {command line}
     intx CICompilerCount                          = 4                                         {product} {ergonomic}
    uintx GCTimeRatio                              = 4                                         {product} {command line}
     bool HeapDumpOnOutOfMemoryError               = true                                   {manageable} {command line}
    ccstr HeapDumpPath                             = c:\Users\12345\AppData\Roaming\Code\User\workspaceStorage\676b7cd3ff3015699f0f15c4871616e0\redhat.java         {manageable} {command line}
   size_t InitialHeapSize                          = 104857600                                 {product} {command line}
   size_t MaxHeapSize                              = 2147483648                                {product} {command line}
   size_t MaxNewSize                               = 715653120                                 {product} {ergonomic}
   size_t MinHeapDeltaBytes                        = 524288                                    {product} {ergonomic}
   size_t MinHeapSize                              = 104857600                                 {product} {command line}
   size_t NewSize                                  = 34603008                                  {product} {ergonomic}
    uintx NonNMethodCodeHeapSize                   = 5839372                                {pd product} {ergonomic}
    uintx NonProfiledCodeHeapSize                  = 122909434                              {pd product} {ergonomic}
   size_t OldSize                                  = 70254592                                  {product} {ergonomic}
    uintx ProfiledCodeHeapSize                     = 122909434                              {pd product} {ergonomic}
    uintx ReservedCodeCacheSize                    = 251658240                              {pd product} {ergonomic}
     bool SegmentedCodeCache                       = true                                      {product} {ergonomic}
   size_t SoftMaxHeapSize                          = 2147483648                             {manageable} {ergonomic}
     bool UseCompressedOops                        = true                           {product lp64_product} {ergonomic}
     bool UseLargePagesIndividualAllocation        = false                                  {pd product} {ergonomic}
     bool UseParallelGC                            = true                                      {product} {command line}

Logging:
Log output configuration:
 #0: stdout all=off uptime,level,tags foldmultilines=false
 #1: stderr all=off uptime,level,tags foldmultilines=false

Environment Variables:
PATH=C:\Program Files (x86)\Razer Chroma SDK\bin;C:\Program Files\Razer Chroma SDK\bin;C:\Program Files (x86)\Common Files\Oracle\Java\javapath;C:\Program Files (x86)\Common Files\Intel\Shared Libraries\redist\intel64\compiler;C:\WINDOWS\system32;C:\WINDOWS;C:\WINDOWS\System32\Wbem;C:\WINDOWS\System32\WindowsPowerShell\v1.0\;C:\WINDOWS\System32\OpenSSH\;C:\Program Files\NVIDIA Corporation\NVIDIA app\NvDLISR;C:\Program Files (x86)\NVIDIA Corporation\PhysX\Common;C:\WINDOWS\system32\config\systemprofile\AppData\Local\Microsoft\WindowsApps;C:\Program Files (x86)\Razer\ChromaBroadcast\bin;C:\Program Files\Razer\ChromaBroadcast\bin;C:\Users\12345\AppData\Local\Microsoft\WindowsApps;C:\Users\12345\AppData\Local\spicetify;C:\Program Files\nodejs\;C:\WINDOWS\system32;C:\WINDOWS;C:\WINDOWS\System32\Wbem;C:\WINDOWS\System32\WindowsPowerShell\v1.0\;C:\WINDOWS\System32\OpenSSH\;C:\Program Files\dotnet\;C:\Program Files\Cloudflare\Cloudflare WARP\;C:\Program Files\Git\cmd;C:\Users\12345\AppData\Local\Microsoft\WindowsApps;C:\Users\12345\AppData\Local\spicetify;G:\program files\Microsoft VS Code\bin;C:\Users\12345\AppData\Roaming\npm;C:\Users\12345\AppData\Local\Programs\Windsurf\bin;C:\Users\12345\AppData\Local\Microsoft\WindowsApps;D:\flutter\flutter\bin
USERNAME=12345
OS=Windows_NT
PROCESSOR_IDENTIFIER=AMD64 Family 25 Model 97 Stepping 2, AuthenticAMD
TMP=C:\Users\12345\AppData\Local\Temp
TEMP=C:\Users\12345\AppData\Local\Temp




Periodic native trim disabled

---------------  S Y S T E M  ---------------

OS:
 Windows 11 , 64 bit Build 22621 (10.0.22621.5415)
OS uptime: 0 days 0:25 hours
Hyper-V role detected

CPU: total 12 (initial active 12) (12 cores per cpu, 2 threads per core) family 25 model 97 stepping 2 microcode 0x0, cx8, cmov, fxsr, ht, mmx, 3dnowpref, sse, sse2, sse3, ssse3, sse4a, sse4.1, sse4.2, popcnt, lzcnt, tsc, tscinvbit, avx, avx2, aes, erms, clmul, bmi1, bmi2, adx, avx512f, avx512dq, avx512cd, avx512bw, avx512vl, sha, fma, vzeroupper, avx512_vpopcntdq, avx512_vpclmulqdq, avx512_vaes, avx512_vnni, clflush, clflushopt, avx512_vbmi2, avx512_vbmi, hv, rdtscp, rdpid, fsrm, gfni, avx512_bitalg, f16c, cet_ss, avx512_ifma
Processor Information for the first 12 processors :
  Max Mhz: 3801, Current Mhz: 3801, Mhz Limit: 3801

Memory: 4k page, system-wide physical 15400M (4072M free)
TotalPageFile size 15400M (AvailPageFile size 6M)
current process WorkingSet (physical memory assigned to process): 708M, peak: 710M
current process commit charge ("private bytes"): 669M, peak: 670M

vm_info: OpenJDK 64-Bit Server VM (21.0.8+9-LTS) for windows-amd64 JRE (21.0.8+9-LTS), built on 2025-07-15T00:00:00Z by "admin" with MS VC++ 17.7 (VS2022)

END.
