#
# There is insufficient memory for the Java Runtime Environment to continue.
# Native memory allocation (mmap) failed to map 65536 bytes. Error detail: Failed to commit metaspace.
# Possible reasons:
#   The system is out of physical RAM or swap space
#   This process is running with CompressedOops enabled, and the Java Heap may be blocking the growth of the native heap
# Possible solutions:
#   Reduce memory load on the system
#   Increase physical memory or swap space
#   Check if swap backing store is full
#   Decrease Java heap size (-Xmx/-Xms)
#   Decrease number of Java threads
#   Decrease Java thread stack sizes (-Xss)
#   Set larger code cache with -XX:ReservedCodeCacheSize=
#   JVM is running with Unscaled Compressed Oops mode in which the Java heap is
#     placed in the first 4GB address space. The Java Heap base address is the
#     maximum limit for the native heap growth. Please use -XX:HeapBaseMinAddress
#     to set the Java Heap base and to place the Java Heap above 4GB virtual address.
# This output file may be truncated or incomplete.
#
#  Out of Memory Error (virtualSpaceNode.cpp:113), pid=23340, tid=10116
#
# JRE version: OpenJDK Runtime Environment Temurin-21.0.8+9 (21.0.8+9) (build 21.0.8+9-LTS)
# Java VM: OpenJDK 64-Bit Server VM Temurin-21.0.8+9 (21.0.8+9-LTS, mixed mode, sharing, tiered, compressed oops, compressed class ptrs, parallel gc, windows-amd64)
# No core dump will be written. Minidumps are not enabled by default on client versions of Windows
#

---------------  S U M M A R Y ------------

Command Line: --add-modules=ALL-SYSTEM --add-opens=java.base/java.util=ALL-UNNAMED --add-opens=java.base/java.lang=ALL-UNNAMED --add-opens=java.base/sun.nio.fs=ALL-UNNAMED -Declipse.application=org.eclipse.jdt.ls.core.id1 -Dosgi.bundles.defaultStartLevel=4 -Declipse.product=org.eclipse.jdt.ls.core.product -Djava.import.generatesMetadataFilesAtProjectRoot=false -DDetectVMInstallationsJob.disabled=true -Dfile.encoding=utf8 -XX:+UseParallelGC -XX:GCTimeRatio=4 -XX:AdaptiveSizePolicyWeight=90 -Dsun.zip.disableMemoryMapping=true -Xmx2G -Xms100m -Xlog:disable -javaagent:c:\Users\12345\.vscode\extensions\redhat.java-1.46.0-win32-x64\lombok\lombok-1.18.39-4050.jar -XX:+HeapDumpOnOutOfMemoryError -XX:HeapDumpPath=c:\Users\12345\AppData\Roaming\Code\User\workspaceStorage\676b7cd3ff3015699f0f15c4871616e0\redhat.java -Daether.dependencyCollector.impl=bf c:\Users\12345\.vscode\extensions\redhat.java-1.46.0-win32-x64\server\plugins\org.eclipse.equinox.launcher_1.7.0.v20250519-0528.jar -configuration c:\Users\12345\AppData\Roaming\Code\User\globalStorage\redhat.java\1.46.0\config_win -data c:\Users\12345\AppData\Roaming\Code\User\workspaceStorage\676b7cd3ff3015699f0f15c4871616e0\redhat.java\jdt_ws --pipe=\\.\pipe\lsp-534e8eaf3d88635f16789ec67ab4251b-sock

Host: AMD Ryzen 5 7600 6-Core Processor              , 12 cores, 15G,  Windows 11 , 64 bit Build 22621 (10.0.22621.5415)
Time: Sat Oct 11 22:26:18 2025 India Standard Time elapsed time: 2.076889 seconds (0d 0h 0m 2s)

---------------  T H R E A D  ---------------

Current thread (0x00000270fdfbf150):  JavaThread "Worker-1: Loading available Gradle versions"        [_thread_in_vm, id=10116, stack(0x0000009375900000,0x0000009375a00000) (1024K)]

Stack: [0x0000009375900000,0x0000009375a00000]
Native frames: (J=compiled Java code, j=interpreted, Vv=VM code, C=native code)
V  [jvm.dll+0x6d2449]
V  [jvm.dll+0x8ae341]
V  [jvm.dll+0x8b08be]
V  [jvm.dll+0x8b0fa3]
V  [jvm.dll+0x280c96]
V  [jvm.dll+0x8aa07e]
V  [jvm.dll+0x6745b5]
V  [jvm.dll+0x67461a]
V  [jvm.dll+0x676e02]
V  [jvm.dll+0x676cd2]
V  [jvm.dll+0x674f8e]
V  [jvm.dll+0x27dba6]
V  [jvm.dll+0x728505]
V  [jvm.dll+0x72904f]
V  [jvm.dll+0x3c65b8]
V  [jvm.dll+0x3c53a7]
V  [jvm.dll+0x3c5348]
V  [jvm.dll+0x3d729a]
C  0x00000270a9769274

The last pc belongs to new (printed below).
Java frames: (J=compiled Java code, j=interpreted, Vv=VM code)
j  sun.security.ssl.SSLSocketImpl.<init>(Lsun/security/ssl/SSLContextImpl;)V+5 java.base@21.0.8
j  sun.security.ssl.SSLSocketFactoryImpl.createSocket()Ljava/net/Socket;+8 java.base@21.0.8
j  sun.net.www.protocol.https.HttpsClient.createSocket()Ljava/net/Socket;+4 java.base@21.0.8
j  sun.net.NetworkClient.doConnect(Ljava/lang/String;I)Ljava/net/Socket;+52 java.base@21.0.8
j  sun.net.www.http.HttpClient.openServer(Ljava/lang/String;I)V+4 java.base@21.0.8
j  sun.net.www.http.HttpClient.openServer()V+126 java.base@21.0.8
j  sun.net.www.protocol.https.HttpsClient.<init>(Ljavax/net/ssl/SSLSocketFactory;Ljava/net/URL;Ljava/net/Proxy;I)V+122 java.base@21.0.8
j  sun.net.www.protocol.https.HttpsClient.New(Ljavax/net/ssl/SSLSocketFactory;Ljava/net/URL;Ljavax/net/ssl/HostnameVerifier;Ljava/net/Proxy;ZILsun/net/www/protocol/http/HttpURLConnection;)Lsun/net/www/http/HttpClient;+405 java.base@21.0.8
j  sun.net.www.protocol.https.AbstractDelegateHttpsURLConnection.getNewHttpClient(Ljava/net/URL;Ljava/net/Proxy;I)Lsun/net/www/http/HttpClient;+13 java.base@21.0.8
j  sun.net.www.protocol.http.HttpURLConnection.plainConnect0()V+383 java.base@21.0.8
j  sun.net.www.protocol.http.HttpURLConnection.plainConnect()V+77 java.base@21.0.8
j  sun.net.www.protocol.https.AbstractDelegateHttpsURLConnection.connect()V+9 java.base@21.0.8
j  sun.net.www.protocol.http.HttpURLConnection.getInputStream0()Ljava/io/InputStream;+216 java.base@21.0.8
j  sun.net.www.protocol.http.HttpURLConnection.getInputStream()Ljava/io/InputStream;+62 java.base@21.0.8
j  sun.net.www.protocol.https.HttpsURLConnectionImpl.getInputStream()Ljava/io/InputStream;+4 java.base@21.0.8
j  org.eclipse.buildship.core.internal.util.gradle.PublishedGradleVersions.downloadVersionInformation()Ljava/lang/String;+37
j  org.eclipse.buildship.core.internal.util.gradle.PublishedGradleVersions.tryToDownloadAndCacheVersions(Ljava/io/File;Lorg/eclipse/buildship/core/internal/util/gradle/PublishedGradleVersions$LookupStrategy;)Lorg/eclipse/buildship/core/internal/util/gradle/PublishedGradleVersions;+17
j  org.eclipse.buildship.core.internal.util.gradle.PublishedGradleVersions.create(Lorg/eclipse/buildship/core/internal/util/gradle/PublishedGradleVersions$LookupStrategy;)Lorg/eclipse/buildship/core/internal/util/gradle/PublishedGradleVersions;+56
j  org.eclipse.buildship.core.internal.util.gradle.PublishedGradleVersionsWrapper$LoadVersionsJob.run(Lorg/eclipse/core/runtime/IProgressMonitor;)Lorg/eclipse/core/runtime/IStatus;+3
j  org.eclipse.core.internal.jobs.Worker.run()V+32
v  ~StubRoutines::call_stub 0x00000270a97510e7
new  187 new  [0x00000270a97690e0, 0x00000270a97692e8]  520 bytes
[MachCode]
  0x00000270a97690e0: 4883 ec08 | c5fa 1104 | 24eb 1f48 | 83ec 10c5 | fb11 0424 | eb14 4883 | ec10 4889 | 0424 48c7 
  0x00000270a9769100: 4424 0800 | 0000 00eb | 0150 410f | b755 010f | cac1 ea10 | 488b 4de8 | 488b 4908 | 488b 4908 
  0x00000270a9769120: 488b 4108 | 807c 1004 | 070f 85d3 | 0000 0066 | 8b54 d148 | 488b 4928 | 488b 4cd1 | 0851 80b9 
  0x00000270a9769140: 3101 0000 | 040f 85b6 | 0000 008b | 5108 f6c2 | 010f 85aa | 0000 0049 | 8b87 b801 | 0000 488d 
  0x00000270a9769160: 1c10 493b | 9fc8 0100 | 000f 8792 | 0000 0049 | 899f b801 | 0000 4883 | ea10 0f84 | 0f00 0000 
  0x00000270a9769180: 33c9 c1ea | 0348 894c | d008 48ff | ca75 f648 | c700 0100 | 0000 5933 | f689 700c | 49ba 0000 
  0x00000270a97691a0: 00b6 7002 | 0000 492b | ca89 4808 | 49ba 57cc | c5f0 fd7f | 0000 4180 | 3a00 0f84 | 3c00 0000 
  0x00000270a97691c0: 5048 8bc8 | 4883 ec20 | 40f6 c40f | 0f84 1900 | 0000 4883 | ec08 48b8 | d08d 6ff0 | fd7f 0000 
  0x00000270a97691e0: ffd0 4883 | c408 e90c | 0000 0048 | b8d0 8d6f | f0fd 7f00 | 00ff d048 | 83c4 2058 | e9cb 0000 
  0x00000270a9769200: 0059 488b | 55e8 488b | 5208 488b | 5208 450f | b745 0141 | 0fc8 41c1 | e810 e805 | 0000 00e9 
  0x00000270a9769220: a800 0000 | 488d 4424 | 084c 896d | c049 8bcf | c5f8 7749 | 89af a803 | 0000 4989 | 8798 0300 
  0x00000270a9769240: 0048 83ec | 2040 f6c4 | 0f0f 8419 | 0000 0048 | 83ec 0848 | b810 7239 | f0fd 7f00 | 00ff d048 
  0x00000270a9769260: 83c4 08e9 | 0c00 0000 | 48b8 1072 | 39f0 fd7f | 0000 ffd0 | 4883 c420 | 49c7 8798 | 0300 0000 
  0x00000270a9769280: 0000 0049 | c787 a803 | 0000 0000 | 0000 49c7 | 87a0 0300 | 0000 0000 | 00c5 f877 | 4983 7f08 
  0x00000270a97692a0: 000f 8405 | 0000 00e9 | 547c feff | 498b 87f0 | 0300 0049 | c787 f003 | 0000 0000 | 0000 4c8b 
  0x00000270a97692c0: 6dc0 4c8b | 75c8 4e8d | 74f5 00c3 | 410f b65d | 0349 83c5 | 0349 ba30 | 94c8 f0fd | 7f00 0041 
  0x00000270a97692e0: ff24 da0f | 1f44 0000 
[/MachCode]

---------------  P R O C E S S  ---------------

Threads class SMR info:
_java_thread_list=0x0000027080185f40, length=40, elements={
0x000002709f035400, 0x00000270b5ace430, 0x000002709f0d4270, 0x000002709f0d7cd0,
0x000002709f0d8920, 0x000002709f0d96b0, 0x000002709f0da430, 0x000002709f0e3170,
0x000002709f0e5160, 0x00000270f7ff3670, 0x00000270f81ce720, 0x00000270f8254910,
0x00000270fd215f60, 0x00000270fd7fe540, 0x00000270fd711ea0, 0x00000270fd6caaa0,
0x00000270fd796ae0, 0x00000270fd7080e0, 0x00000270fdf445e0, 0x00000270fdfbeac0,
0x00000270fdfbe430, 0x00000270fdfbf150, 0x00000270fdfbdda0, 0x00000270fdfbd080,
0x00000270fdfbf7e0, 0x00000270fdfbfe70, 0x00000270fdfc0500, 0x0000027080e73140,
0x0000027080e6f630, 0x0000027080e70350, 0x0000027080e709e0, 0x0000027080e75210,
0x0000027080e73e60, 0x0000027080e737d0, 0x0000027080e74b80, 0x0000027080e71070,
0x0000027080e758a0, 0x0000027080e6efa0, 0x0000027080e6e910, 0x0000027080e6fcc0
}

Java Threads: ( => current thread )
  0x000002709f035400 JavaThread "main"                              [_thread_in_vm, id=8696, stack(0x0000009373800000,0x0000009373900000) (1024K)]
  0x00000270b5ace430 JavaThread "Reference Handler"          daemon [_thread_blocked, id=23476, stack(0x0000009373c00000,0x0000009373d00000) (1024K)]
  0x000002709f0d4270 JavaThread "Finalizer"                  daemon [_thread_blocked, id=10556, stack(0x0000009373d00000,0x0000009373e00000) (1024K)]
  0x000002709f0d7cd0 JavaThread "Signal Dispatcher"          daemon [_thread_blocked, id=23508, stack(0x0000009373e00000,0x0000009373f00000) (1024K)]
  0x000002709f0d8920 JavaThread "Attach Listener"            daemon [_thread_blocked, id=3592, stack(0x0000009373f00000,0x0000009374000000) (1024K)]
  0x000002709f0d96b0 JavaThread "Service Thread"             daemon [_thread_blocked, id=19108, stack(0x0000009374000000,0x0000009374100000) (1024K)]
  0x000002709f0da430 JavaThread "Monitor Deflation Thread"   daemon [_thread_blocked, id=22740, stack(0x0000009374100000,0x0000009374200000) (1024K)]
  0x000002709f0e3170 JavaThread "C2 CompilerThread0"         daemon [_thread_in_native, id=12520, stack(0x0000009374200000,0x0000009374300000) (1024K)]
  0x000002709f0e5160 JavaThread "C1 CompilerThread0"         daemon [_thread_in_vm, id=18304, stack(0x0000009374300000,0x0000009374400000) (1024K)]
  0x00000270f7ff3670 JavaThread "Common-Cleaner"             daemon [_thread_blocked, id=12720, stack(0x0000009374400000,0x0000009374500000) (1024K)]
  0x00000270f81ce720 JavaThread "C2 CompilerThread1"         daemon [_thread_in_native, id=24444, stack(0x0000009374500000,0x0000009374600000) (1024K)]
  0x00000270f8254910 JavaThread "Notification Thread"        daemon [_thread_blocked, id=23820, stack(0x0000009374600000,0x0000009374700000) (1024K)]
  0x00000270fd215f60 JavaThread "C2 CompilerThread2"         daemon [_thread_in_native, id=24456, stack(0x0000009374700000,0x0000009374800000) (1024K)]
  0x00000270fd7fe540 JavaThread "Active Thread: Equinox Container: 2c9c903c-6784-4cea-bba1-b8dd714c5eff"        [_thread_blocked, id=8824, stack(0x0000009374e00000,0x0000009374f00000) (1024K)]
  0x00000270fd711ea0 JavaThread "Refresh Thread: Equinox Container: 2c9c903c-6784-4cea-bba1-b8dd714c5eff" daemon [_thread_blocked, id=10780, stack(0x0000009375000000,0x0000009375100000) (1024K)]
  0x00000270fd6caaa0 JavaThread "Framework Event Dispatcher: Equinox Container: 2c9c903c-6784-4cea-bba1-b8dd714c5eff" daemon [_thread_blocked, id=5372, stack(0x0000009375100000,0x0000009375200000) (1024K)]
  0x00000270fd796ae0 JavaThread "Start Level: Equinox Container: 2c9c903c-6784-4cea-bba1-b8dd714c5eff" daemon [_thread_blocked, id=9164, stack(0x0000009375200000,0x0000009375300000) (1024K)]
  0x00000270fd7080e0 JavaThread "Bundle File Closer"         daemon [_thread_blocked, id=22768, stack(0x0000009375500000,0x0000009375600000) (1024K)]
  0x00000270fdf445e0 JavaThread "SCR Component Actor"        daemon [_thread_blocked, id=20148, stack(0x0000009375600000,0x0000009375700000) (1024K)]
  0x00000270fdfbeac0 JavaThread "Worker-JM"                         [_thread_blocked, id=17664, stack(0x0000009375700000,0x0000009375800000) (1024K)]
  0x00000270fdfbe430 JavaThread "Worker-0: Initialize After Load"        [_thread_blocked, id=23760, stack(0x0000009375800000,0x0000009375900000) (1024K)]
=>0x00000270fdfbf150 JavaThread "Worker-1: Loading available Gradle versions"        [_thread_in_vm, id=10116, stack(0x0000009375900000,0x0000009375a00000) (1024K)]
  0x00000270fdfbdda0 JavaThread "Java indexing"              daemon [_thread_blocked, id=12564, stack(0x0000009375a00000,0x0000009375b00000) (1024K)]
  0x00000270fdfbd080 JavaThread "JNA Cleaner"                daemon [_thread_blocked, id=18748, stack(0x0000009375b00000,0x0000009375c00000) (1024K)]
  0x00000270fdfbf7e0 JavaThread "Worker-2"                          [_thread_blocked, id=8688, stack(0x0000009375c00000,0x0000009375d00000) (1024K)]
  0x00000270fdfbfe70 JavaThread "Worker-3: Updating Maven Dependencies"        [_thread_in_vm, id=23076, stack(0x0000009375d00000,0x0000009375e00000) (1024K)]
  0x00000270fdfc0500 JavaThread "Thread-1"                   daemon [_thread_in_native, id=7208, stack(0x0000009375e00000,0x0000009375f00000) (1024K)]
  0x0000027080e73140 JavaThread "Thread-2"                   daemon [_thread_in_native, id=23388, stack(0x0000009375f00000,0x0000009376000000) (1024K)]
  0x0000027080e6f630 JavaThread "Thread-3"                   daemon [_thread_in_native, id=23644, stack(0x0000009376000000,0x0000009376100000) (1024K)]
  0x0000027080e70350 JavaThread "Thread-4"                   daemon [_thread_in_native, id=18604, stack(0x0000009376100000,0x0000009376200000) (1024K)]
  0x0000027080e709e0 JavaThread "Thread-5"                   daemon [_thread_in_native, id=11548, stack(0x0000009376200000,0x0000009376300000) (1024K)]
  0x0000027080e75210 JavaThread "Thread-6"                   daemon [_thread_in_native, id=24176, stack(0x0000009376300000,0x0000009376400000) (1024K)]
  0x0000027080e73e60 JavaThread "Thread-7"                   daemon [_thread_in_native, id=22132, stack(0x0000009376400000,0x0000009376500000) (1024K)]
  0x0000027080e737d0 JavaThread "Thread-8"                   daemon [_thread_in_native, id=6356, stack(0x0000009376500000,0x0000009376600000) (1024K)]
  0x0000027080e74b80 JavaThread "Thread-9"                   daemon [_thread_in_native, id=22676, stack(0x0000009376600000,0x0000009376700000) (1024K)]
  0x0000027080e71070 JavaThread "Thread-10"                  daemon [_thread_in_native, id=22924, stack(0x0000009376700000,0x0000009376800000) (1024K)]
  0x0000027080e758a0 JavaThread "Thread-11"                  daemon [_thread_in_native, id=24216, stack(0x0000009376800000,0x0000009376900000) (1024K)]
  0x0000027080e6efa0 JavaThread "Thread-12"                  daemon [_thread_in_native, id=14176, stack(0x0000009376900000,0x0000009376a00000) (1024K)]
  0x0000027080e6e910 JavaThread "Thread-13"                  daemon [_thread_in_native, id=1668, stack(0x0000009376a00000,0x0000009376b00000) (1024K)]
  0x0000027080e6fcc0 JavaThread "pool-2-thread-1"                   [_thread_blocked, id=8552, stack(0x0000009376b00000,0x0000009376c00000) (1024K)]
Total: 40

Other Threads:
  0x000002709f0ce730 VMThread "VM Thread"                           [id=24088, stack(0x0000009373b00000,0x0000009373c00000) (1024K)]
  0x000002709f0a0830 WatcherThread "VM Periodic Task Thread"        [id=8708, stack(0x0000009373a00000,0x0000009373b00000) (1024K)]
  0x000002709f052460 WorkerThread "GC Thread#0"                     [id=19176, stack(0x0000009373900000,0x0000009373a00000) (1024K)]
  0x00000270fd5da030 WorkerThread "GC Thread#1"                     [id=22948, stack(0x0000009374800000,0x0000009374900000) (1024K)]
  0x00000270fd5da3d0 WorkerThread "GC Thread#2"                     [id=19428, stack(0x0000009374900000,0x0000009374a00000) (1024K)]
  0x00000270fd5da770 WorkerThread "GC Thread#3"                     [id=8656, stack(0x0000009374a00000,0x0000009374b00000) (1024K)]
  0x00000270fd5daf20 WorkerThread "GC Thread#4"                     [id=4804, stack(0x0000009374b00000,0x0000009374c00000) (1024K)]
  0x00000270fd58a310 WorkerThread "GC Thread#5"                     [id=6644, stack(0x0000009374c00000,0x0000009374d00000) (1024K)]
  0x00000270fd58a6b0 WorkerThread "GC Thread#6"                     [id=23200, stack(0x0000009374d00000,0x0000009374e00000) (1024K)]
  0x00000270f8279430 WorkerThread "GC Thread#7"                     [id=18732, stack(0x0000009374f00000,0x0000009375000000) (1024K)]
  0x00000270fdddbfc0 WorkerThread "GC Thread#8"                     [id=22752, stack(0x0000009375300000,0x0000009375400000) (1024K)]
  0x00000270fdc4d500 WorkerThread "GC Thread#9"                     [id=22756, stack(0x0000009375400000,0x0000009375500000) (1024K)]
Total: 12

Threads with active compile tasks:
C2 CompilerThread0  2089 4155       4       java.lang.AbstractStringBuilder::append (60 bytes)
C1 CompilerThread0  2089 4286       3       sun.reflect.generics.visitor.Reifier::visitClassTypeSignature (381 bytes)
C2 CompilerThread1  2089 4156   !   4       org.eclipse.osgi.internal.loader.classpath.ClasspathManager::findClassImpl (343 bytes)
C2 CompilerThread2  2089 3992       4       org.eclipse.osgi.internal.serviceregistry.ServiceRegistry::notifyHooksPrivileged (57 bytes)
Total: 4

VM state: not at safepoint (normal execution)

VM Mutex/Monitor currently owned by a thread:  ([mutex/lock_event])
[0x00007ffdf0c73458] Metaspace_lock - owner thread: 0x00000270fdfbf150

Heap address: 0x0000000080000000, size: 2048 MB, Compressed Oops mode: 32-bit

CDS archive(s) mapped at: [0x00000270b6000000-0x00000270b6ba0000-0x00000270b6ba0000), size 12189696, SharedBaseAddress: 0x00000270b6000000, ArchiveRelocationMode: 1.
Compressed class space mapped at: 0x00000270b7000000-0x00000270f7000000, reserved size: 1073741824
Narrow klass base: 0x00000270b6000000, Narrow klass shift: 0, Narrow klass range: 0x100000000

GC Precious Log:
 CardTable entry size: 512
 CPUs: 12 total, 12 available
 Memory: 15400M
 Large Page Support: Disabled
 NUMA Support: Disabled
 Compressed Oops: Enabled (32-bit)
 Alignments: Space 512K, Generation 512K, Heap 2M
 Heap Min Capacity: 100M
 Heap Initial Capacity: 100M
 Heap Max Capacity: 2G
 Pre-touch: Disabled
 Parallel Workers: 10

Heap:
 PSYoungGen      total 23040K, used 11552K [0x00000000d5580000, 0x00000000d7800000, 0x0000000100000000)
  eden space 22016K, 47% used [0x00000000d5580000,0x00000000d5fcaa50,0x00000000d6b00000)
  from space 1024K, 98% used [0x00000000d7300000,0x00000000d73fd5e0,0x00000000d7400000)
  to   space 6656K, 0% used [0x00000000d6b00000,0x00000000d6b00000,0x00000000d7180000)
 ParOldGen       total 68608K, used 20209K [0x0000000080000000, 0x0000000084300000, 0x00000000d5580000)
  object space 68608K, 29% used [0x0000000080000000,0x00000000813bc748,0x0000000084300000)
 Metaspace       used 33828K, committed 34816K, reserved 1114112K
  class space    used 3464K, committed 3904K, reserved 1048576K

Card table byte_map: [0x000002709e9d0000,0x000002709ede0000] _byte_map_base: 0x000002709e5d0000

Marking Bits: (ParMarkBitMap*) 0x00007ffdf0c7a340
 Begin Bits: [0x00000270b14d0000, 0x00000270b34d0000)
 End Bits:   [0x00000270b34d0000, 0x00000270b54d0000)

Polling page: 0x000002709d000000

Metaspace:

Usage:
  Non-class:     29.65 MB used.
      Class:      3.38 MB used.
       Both:     33.04 MB used.

Virtual space:
  Non-class space:       64.00 MB reserved,      30.19 MB ( 47%) committed,  1 nodes.
      Class space:        1.00 GB reserved,       3.81 MB ( <1%) committed,  1 nodes.
             Both:        1.06 GB reserved,      34.00 MB (  3%) committed. 

Chunk freelists:
   Non-Class:  1008.00 KB
       Class:  12.16 MB
        Both:  13.14 MB

MaxMetaspaceSize: unlimited
CompressedClassSpaceSize: 1.00 GB
Initial GC threshold: 21.00 MB
Current GC threshold: 35.00 MB
CDS: on
 - commit_granule_bytes: 65536.
 - commit_granule_words: 8192.
 - virtual_space_node_default_size: 8388608.
 - enlarge_chunks_in_place: 1.
 - use_allocation_guard: 0.


Internal statistics:

num_allocs_failed_limit: 3.
num_arena_births: 696.
num_arena_deaths: 14.
num_vsnodes_births: 2.
num_vsnodes_deaths: 0.
num_space_committed: 544.
num_space_uncommitted: 0.
num_chunks_returned_to_freelist: 17.
num_chunks_taken_from_freelist: 2008.
num_chunk_merges: 6.
num_chunk_splits: 1280.
num_chunks_enlarged: 814.
num_inconsistent_stats: 0.

CodeHeap 'non-profiled nmethods': size=120000Kb used=2193Kb max_used=2193Kb free=117806Kb
 bounds [0x00000270a9cf0000, 0x00000270a9f60000, 0x00000270b1220000]
CodeHeap 'profiled nmethods': size=120000Kb used=8825Kb max_used=8825Kb free=111174Kb
 bounds [0x00000270a2220000, 0x00000270a2ac0000, 0x00000270a9750000]
CodeHeap 'non-nmethods': size=5760Kb used=1365Kb max_used=1419Kb free=4394Kb
 bounds [0x00000270a9750000, 0x00000270a99c0000, 0x00000270a9cf0000]
CodeCache: size=245760Kb, used=12383Kb, max_used=12437Kb, free=233374Kb
 total_blobs=4932, nmethods=4282, adapters=556, full_count=0
Compilation: enabled, stopped_count=0, restarted_count=0

Compilation events (20 events):
Event: 2.072 Thread 0x000002709f0e5160 nmethod 4276 0x00000270a2ab8390 code [0x00000270a2ab8520, 0x00000270a2ab8630]
Event: 2.072 Thread 0x000002709f0e5160 4277       3       sun.reflect.generics.parser.SignatureParser::markToCurrent (16 bytes)
Event: 2.072 Thread 0x000002709f0e5160 nmethod 4277 0x00000270a2ab8690 code [0x00000270a2ab8840, 0x00000270a2ab8990]
Event: 2.072 Thread 0x000002709f0e5160 4275       3       java.lang.reflect.Method::getRoot (5 bytes)
Event: 2.072 Thread 0x00000270f81ce720 nmethod 4211 0x00000270a9f12510 code [0x00000270a9f126a0, 0x00000270a9f12750]
Event: 2.072 Thread 0x000002709f0e5160 nmethod 4275 0x00000270a2ab8a90 code [0x00000270a2ab8c20, 0x00000270a2ab8d40]
Event: 2.072 Thread 0x00000270f81ce720 4156   !   4       org.eclipse.osgi.internal.loader.classpath.ClasspathManager::findClassImpl (343 bytes)
Event: 2.072 Thread 0x000002709f0e5160 4278       3       sun.reflect.generics.parser.SignatureParser::parseClassTypeSignature (118 bytes)
Event: 2.073 Thread 0x000002709f0e5160 nmethod 4278 0x00000270a2ab8e10 code [0x00000270a2ab91a0, 0x00000270a2aba418]
Event: 2.074 Thread 0x000002709f0e5160 4279       3       sun.reflect.generics.parser.SignatureParser::parsePackageNameAndSimpleClassTypeSignature (119 bytes)
Event: 2.074 Thread 0x000002709f0e5160 nmethod 4279 0x00000270a2abab90 code [0x00000270a2abae80, 0x00000270a2abb8c0]
Event: 2.074 Thread 0x000002709f0e5160 4280       3       sun.reflect.generics.tree.SimpleClassTypeSignature::make (11 bytes)
Event: 2.074 Thread 0x000002709f0e5160 nmethod 4280 0x00000270a2abbd10 code [0x00000270a2abbec0, 0x00000270a2abc100]
Event: 2.075 Thread 0x000002709f0e5160 4281       3       sun.reflect.generics.tree.SimpleClassTypeSignature::<init> (20 bytes)
Event: 2.075 Thread 0x000002709f0e5160 nmethod 4281 0x00000270a2abc210 code [0x00000270a2abc3c0, 0x00000270a2abc560]
Event: 2.075 Thread 0x000002709f0e5160 4288       3       sun.reflect.generics.parser.SignatureParser::parseFieldTypeSignature (73 bytes)
Event: 2.075 Thread 0x000002709f0e5160 nmethod 4288 0x00000270a2abc610 code [0x00000270a2abc880, 0x00000270a2abcee0]
Event: 2.076 Thread 0x000002709f0e5160 4285       3       sun.reflect.generics.tree.ClassTypeSignature::accept (8 bytes)
Event: 2.076 Thread 0x000002709f0e5160 nmethod 4285 0x00000270a2abd190 code [0x00000270a2abd340, 0x00000270a2abd4d0]
Event: 2.076 Thread 0x000002709f0e5160 4282       3       sun.reflect.generics.parser.SignatureParser::parseClassTypeSignatureSuffix (29 bytes)

GC Heap History (20 events):
Event: 1.016 GC heap before
{Heap before GC invocations=4 (full 0):
 PSYoungGen      total 29696K, used 29675K [0x00000000d5580000, 0x00000000d7680000, 0x0000000100000000)
  eden space 25600K, 100% used [0x00000000d5580000,0x00000000d6e80000,0x00000000d6e80000)
  from space 4096K, 99% used [0x00000000d6e80000,0x00000000d727aee8,0x00000000d7280000)
  to   space 4096K, 0% used [0x00000000d7280000,0x00000000d7280000,0x00000000d7680000)
 ParOldGen       total 68608K, used 4911K [0x0000000080000000, 0x0000000084300000, 0x00000000d5580000)
  object space 68608K, 7% used [0x0000000080000000,0x00000000804cbd58,0x0000000084300000)
 Metaspace       used 12063K, committed 12480K, reserved 1114112K
  class space    used 1293K, committed 1472K, reserved 1048576K
}
Event: 1.020 GC heap after
{Heap after GC invocations=4 (full 0):
 PSYoungGen      total 29696K, used 4094K [0x00000000d5580000, 0x00000000d7680000, 0x0000000100000000)
  eden space 25600K, 0% used [0x00000000d5580000,0x00000000d5580000,0x00000000d6e80000)
  from space 4096K, 99% used [0x00000000d7280000,0x00000000d767fb68,0x00000000d7680000)
  to   space 4096K, 0% used [0x00000000d6e80000,0x00000000d6e80000,0x00000000d7280000)
 ParOldGen       total 68608K, used 6381K [0x0000000080000000, 0x0000000084300000, 0x00000000d5580000)
  object space 68608K, 9% used [0x0000000080000000,0x000000008063b7f8,0x0000000084300000)
 Metaspace       used 12063K, committed 12480K, reserved 1114112K
  class space    used 1293K, committed 1472K, reserved 1048576K
}
Event: 1.288 GC heap before
{Heap before GC invocations=5 (full 0):
 PSYoungGen      total 29696K, used 29694K [0x00000000d5580000, 0x00000000d7680000, 0x0000000100000000)
  eden space 25600K, 100% used [0x00000000d5580000,0x00000000d6e80000,0x00000000d6e80000)
  from space 4096K, 99% used [0x00000000d7280000,0x00000000d767fb68,0x00000000d7680000)
  to   space 4096K, 0% used [0x00000000d6e80000,0x00000000d6e80000,0x00000000d7280000)
 ParOldGen       total 68608K, used 6381K [0x0000000080000000, 0x0000000084300000, 0x00000000d5580000)
  object space 68608K, 9% used [0x0000000080000000,0x000000008063b7f8,0x0000000084300000)
 Metaspace       used 15959K, committed 16512K, reserved 1114112K
  class space    used 1689K, committed 1920K, reserved 1048576K
}
Event: 1.290 GC heap after
{Heap after GC invocations=5 (full 0):
 PSYoungGen      total 29184K, used 4072K [0x00000000d5580000, 0x00000000d7a00000, 0x0000000100000000)
  eden space 25088K, 0% used [0x00000000d5580000,0x00000000d5580000,0x00000000d6e00000)
  from space 4096K, 99% used [0x00000000d6e80000,0x00000000d727a010,0x00000000d7280000)
  to   space 6144K, 0% used [0x00000000d7400000,0x00000000d7400000,0x00000000d7a00000)
 ParOldGen       total 68608K, used 7861K [0x0000000080000000, 0x0000000084300000, 0x00000000d5580000)
  object space 68608K, 11% used [0x0000000080000000,0x00000000807ad7f8,0x0000000084300000)
 Metaspace       used 15959K, committed 16512K, reserved 1114112K
  class space    used 1689K, committed 1920K, reserved 1048576K
}
Event: 1.477 GC heap before
{Heap before GC invocations=6 (full 0):
 PSYoungGen      total 29184K, used 29160K [0x00000000d5580000, 0x00000000d7a00000, 0x0000000100000000)
  eden space 25088K, 100% used [0x00000000d5580000,0x00000000d6e00000,0x00000000d6e00000)
  from space 4096K, 99% used [0x00000000d6e80000,0x00000000d727a010,0x00000000d7280000)
  to   space 6144K, 0% used [0x00000000d7400000,0x00000000d7400000,0x00000000d7a00000)
 ParOldGen       total 68608K, used 7861K [0x0000000080000000, 0x0000000084300000, 0x00000000d5580000)
  object space 68608K, 11% used [0x0000000080000000,0x00000000807ad7f8,0x0000000084300000)
 Metaspace       used 18166K, committed 18880K, reserved 1114112K
  class space    used 1935K, committed 2240K, reserved 1048576K
}
Event: 1.479 GC heap after
{Heap after GC invocations=6 (full 0):
 PSYoungGen      total 29696K, used 4682K [0x00000000d5580000, 0x00000000d7900000, 0x0000000100000000)
  eden space 24576K, 0% used [0x00000000d5580000,0x00000000d5580000,0x00000000d6d80000)
  from space 5120K, 91% used [0x00000000d7400000,0x00000000d78928e8,0x00000000d7900000)
  to   space 5120K, 0% used [0x00000000d6f00000,0x00000000d6f00000,0x00000000d7400000)
 ParOldGen       total 68608K, used 7869K [0x0000000080000000, 0x0000000084300000, 0x00000000d5580000)
  object space 68608K, 11% used [0x0000000080000000,0x00000000807af7f8,0x0000000084300000)
 Metaspace       used 18166K, committed 18880K, reserved 1114112K
  class space    used 1935K, committed 2240K, reserved 1048576K
}
Event: 1.570 GC heap before
{Heap before GC invocations=7 (full 0):
 PSYoungGen      total 29696K, used 29258K [0x00000000d5580000, 0x00000000d7900000, 0x0000000100000000)
  eden space 24576K, 100% used [0x00000000d5580000,0x00000000d6d80000,0x00000000d6d80000)
  from space 5120K, 91% used [0x00000000d7400000,0x00000000d78928e8,0x00000000d7900000)
  to   space 5120K, 0% used [0x00000000d6f00000,0x00000000d6f00000,0x00000000d7400000)
 ParOldGen       total 68608K, used 7869K [0x0000000080000000, 0x0000000084300000, 0x00000000d5580000)
  object space 68608K, 11% used [0x0000000080000000,0x00000000807af7f8,0x0000000084300000)
 Metaspace       used 20399K, committed 21056K, reserved 1114112K
  class space    used 2135K, committed 2432K, reserved 1048576K
}
Event: 1.572 GC heap after
{Heap after GC invocations=7 (full 0):
 PSYoungGen      total 29184K, used 5098K [0x00000000d5580000, 0x00000000d7d00000, 0x0000000100000000)
  eden space 24064K, 0% used [0x00000000d5580000,0x00000000d5580000,0x00000000d6d00000)
  from space 5120K, 99% used [0x00000000d6f00000,0x00000000d73faa20,0x00000000d7400000)
  to   space 8192K, 0% used [0x00000000d7500000,0x00000000d7500000,0x00000000d7d00000)
 ParOldGen       total 68608K, used 10227K [0x0000000080000000, 0x0000000084300000, 0x00000000d5580000)
  object space 68608K, 14% used [0x0000000080000000,0x00000000809fcf00,0x0000000084300000)
 Metaspace       used 20399K, committed 21056K, reserved 1114112K
  class space    used 2135K, committed 2432K, reserved 1048576K
}
Event: 1.580 GC heap before
{Heap before GC invocations=8 (full 0):
 PSYoungGen      total 29184K, used 7859K [0x00000000d5580000, 0x00000000d7d00000, 0x0000000100000000)
  eden space 24064K, 11% used [0x00000000d5580000,0x00000000d58324e8,0x00000000d6d00000)
  from space 5120K, 99% used [0x00000000d6f00000,0x00000000d73faa20,0x00000000d7400000)
  to   space 8192K, 0% used [0x00000000d7500000,0x00000000d7500000,0x00000000d7d00000)
 ParOldGen       total 68608K, used 10227K [0x0000000080000000, 0x0000000084300000, 0x00000000d5580000)
  object space 68608K, 14% used [0x0000000080000000,0x00000000809fcf00,0x0000000084300000)
 Metaspace       used 20799K, committed 21504K, reserved 1114112K
  class space    used 2164K, committed 2496K, reserved 1048576K
}
Event: 1.581 GC heap after
{Heap after GC invocations=8 (full 0):
 PSYoungGen      total 27648K, used 3111K [0x00000000d5580000, 0x00000000d7880000, 0x0000000100000000)
  eden space 24064K, 0% used [0x00000000d5580000,0x00000000d5580000,0x00000000d6d00000)
  from space 3584K, 86% used [0x00000000d7500000,0x00000000d7809e98,0x00000000d7880000)
  to   space 5120K, 0% used [0x00000000d6e80000,0x00000000d6e80000,0x00000000d7380000)
 ParOldGen       total 68608K, used 11193K [0x0000000080000000, 0x0000000084300000, 0x00000000d5580000)
  object space 68608K, 16% used [0x0000000080000000,0x0000000080aee550,0x0000000084300000)
 Metaspace       used 20799K, committed 21504K, reserved 1114112K
  class space    used 2164K, committed 2496K, reserved 1048576K
}
Event: 1.581 GC heap before
{Heap before GC invocations=9 (full 1):
 PSYoungGen      total 27648K, used 3111K [0x00000000d5580000, 0x00000000d7880000, 0x0000000100000000)
  eden space 24064K, 0% used [0x00000000d5580000,0x00000000d5580000,0x00000000d6d00000)
  from space 3584K, 86% used [0x00000000d7500000,0x00000000d7809e98,0x00000000d7880000)
  to   space 5120K, 0% used [0x00000000d6e80000,0x00000000d6e80000,0x00000000d7380000)
 ParOldGen       total 68608K, used 11193K [0x0000000080000000, 0x0000000084300000, 0x00000000d5580000)
  object space 68608K, 16% used [0x0000000080000000,0x0000000080aee550,0x0000000084300000)
 Metaspace       used 20799K, committed 21504K, reserved 1114112K
  class space    used 2164K, committed 2496K, reserved 1048576K
}
Event: 1.597 GC heap after
{Heap after GC invocations=9 (full 1):
 PSYoungGen      total 27648K, used 0K [0x00000000d5580000, 0x00000000d7880000, 0x0000000100000000)
  eden space 24064K, 0% used [0x00000000d5580000,0x00000000d5580000,0x00000000d6d00000)
  from space 3584K, 0% used [0x00000000d7500000,0x00000000d7500000,0x00000000d7880000)
  to   space 5120K, 0% used [0x00000000d6e80000,0x00000000d6e80000,0x00000000d7380000)
 ParOldGen       total 68608K, used 12813K [0x0000000080000000, 0x0000000084300000, 0x00000000d5580000)
  object space 68608K, 18% used [0x0000000080000000,0x0000000080c835d0,0x0000000084300000)
 Metaspace       used 20786K, committed 21504K, reserved 1114112K
  class space    used 2161K, committed 2496K, reserved 1048576K
}
Event: 1.683 GC heap before
{Heap before GC invocations=10 (full 1):
 PSYoungGen      total 27648K, used 24041K [0x00000000d5580000, 0x00000000d7880000, 0x0000000100000000)
  eden space 24064K, 99% used [0x00000000d5580000,0x00000000d6cfa490,0x00000000d6d00000)
  from space 3584K, 0% used [0x00000000d7500000,0x00000000d7500000,0x00000000d7880000)
  to   space 5120K, 0% used [0x00000000d6e80000,0x00000000d6e80000,0x00000000d7380000)
 ParOldGen       total 68608K, used 12813K [0x0000000080000000, 0x0000000084300000, 0x00000000d5580000)
  object space 68608K, 18% used [0x0000000080000000,0x0000000080c835d0,0x0000000084300000)
 Metaspace       used 24427K, committed 25216K, reserved 1114112K
  class space    used 2431K, committed 2752K, reserved 1048576K
}
Event: 1.684 GC heap after
{Heap after GC invocations=10 (full 1):
 PSYoungGen      total 28672K, used 381K [0x00000000d5580000, 0x00000000d7580000, 0x0000000100000000)
  eden space 23552K, 0% used [0x00000000d5580000,0x00000000d5580000,0x00000000d6c80000)
  from space 5120K, 7% used [0x00000000d6e80000,0x00000000d6edf718,0x00000000d7380000)
  to   space 2048K, 0% used [0x00000000d7380000,0x00000000d7380000,0x00000000d7580000)
 ParOldGen       total 68608K, used 12821K [0x0000000080000000, 0x0000000084300000, 0x00000000d5580000)
  object space 68608K, 18% used [0x0000000080000000,0x0000000080c855d0,0x0000000084300000)
 Metaspace       used 24427K, committed 25216K, reserved 1114112K
  class space    used 2431K, committed 2752K, reserved 1048576K
}
Event: 1.785 GC heap before
{Heap before GC invocations=11 (full 1):
 PSYoungGen      total 28672K, used 23933K [0x00000000d5580000, 0x00000000d7580000, 0x0000000100000000)
  eden space 23552K, 100% used [0x00000000d5580000,0x00000000d6c80000,0x00000000d6c80000)
  from space 5120K, 7% used [0x00000000d6e80000,0x00000000d6edf718,0x00000000d7380000)
  to   space 2048K, 0% used [0x00000000d7380000,0x00000000d7380000,0x00000000d7580000)
 ParOldGen       total 68608K, used 12821K [0x0000000080000000, 0x0000000084300000, 0x00000000d5580000)
  object space 68608K, 18% used [0x0000000080000000,0x0000000080c855d0,0x0000000084300000)
 Metaspace       used 25717K, committed 26496K, reserved 1114112K
  class space    used 2527K, committed 2880K, reserved 1048576K
}
Event: 1.786 GC heap after
{Heap after GC invocations=11 (full 1):
 PSYoungGen      total 25088K, used 1999K [0x00000000d5580000, 0x00000000d7580000, 0x0000000100000000)
  eden space 23040K, 0% used [0x00000000d5580000,0x00000000d5580000,0x00000000d6c00000)
  from space 2048K, 97% used [0x00000000d7380000,0x00000000d7573fa0,0x00000000d7580000)
  to   space 2560K, 0% used [0x00000000d7080000,0x00000000d7080000,0x00000000d7300000)
 ParOldGen       total 68608K, used 13610K [0x0000000080000000, 0x0000000084300000, 0x00000000d5580000)
  object space 68608K, 19% used [0x0000000080000000,0x0000000080d4aae0,0x0000000084300000)
 Metaspace       used 25717K, committed 26496K, reserved 1114112K
  class space    used 2527K, committed 2880K, reserved 1048576K
}
Event: 1.970 GC heap before
{Heap before GC invocations=12 (full 1):
 PSYoungGen      total 25088K, used 25039K [0x00000000d5580000, 0x00000000d7580000, 0x0000000100000000)
  eden space 23040K, 99% used [0x00000000d5580000,0x00000000d6bffd90,0x00000000d6c00000)
  from space 2048K, 97% used [0x00000000d7380000,0x00000000d7573fa0,0x00000000d7580000)
  to   space 2560K, 0% used [0x00000000d7080000,0x00000000d7080000,0x00000000d7300000)
 ParOldGen       total 68608K, used 13610K [0x0000000080000000, 0x0000000084300000, 0x00000000d5580000)
  object space 68608K, 19% used [0x0000000080000000,0x0000000080d4aae0,0x0000000084300000)
 Metaspace       used 29961K, committed 30976K, reserved 1114112K
  class space    used 2969K, committed 3392K, reserved 1048576K
}
Event: 1.972 GC heap after
{Heap after GC invocations=12 (full 1):
 PSYoungGen      total 25088K, used 2162K [0x00000000d5580000, 0x00000000d7400000, 0x0000000100000000)
  eden space 22528K, 0% used [0x00000000d5580000,0x00000000d5580000,0x00000000d6b80000)
  from space 2560K, 84% used [0x00000000d7080000,0x00000000d729c870,0x00000000d7300000)
  to   space 1024K, 0% used [0x00000000d7300000,0x00000000d7300000,0x00000000d7400000)
 ParOldGen       total 68608K, used 15375K [0x0000000080000000, 0x0000000084300000, 0x00000000d5580000)
  object space 68608K, 22% used [0x0000000080000000,0x0000000080f03fe0,0x0000000084300000)
 Metaspace       used 29961K, committed 30976K, reserved 1114112K
  class space    used 2969K, committed 3392K, reserved 1048576K
}
Event: 2.047 GC heap before
{Heap before GC invocations=13 (full 1):
 PSYoungGen      total 25088K, used 24690K [0x00000000d5580000, 0x00000000d7400000, 0x0000000100000000)
  eden space 22528K, 100% used [0x00000000d5580000,0x00000000d6b80000,0x00000000d6b80000)
  from space 2560K, 84% used [0x00000000d7080000,0x00000000d729c870,0x00000000d7300000)
  to   space 1024K, 0% used [0x00000000d7300000,0x00000000d7300000,0x00000000d7400000)
 ParOldGen       total 68608K, used 15375K [0x0000000080000000, 0x0000000084300000, 0x00000000d5580000)
  object space 68608K, 22% used [0x0000000080000000,0x0000000080f03fe0,0x0000000084300000)
 Metaspace       used 32734K, committed 33792K, reserved 1114112K
  class space    used 3326K, committed 3840K, reserved 1048576K
}
Event: 2.048 GC heap after
{Heap after GC invocations=13 (full 1):
 PSYoungGen      total 23040K, used 1013K [0x00000000d5580000, 0x00000000d7800000, 0x0000000100000000)
  eden space 22016K, 0% used [0x00000000d5580000,0x00000000d5580000,0x00000000d6b00000)
  from space 1024K, 98% used [0x00000000d7300000,0x00000000d73fd5e0,0x00000000d7400000)
  to   space 6656K, 0% used [0x00000000d6b00000,0x00000000d6b00000,0x00000000d7180000)
 ParOldGen       total 68608K, used 20209K [0x0000000080000000, 0x0000000084300000, 0x00000000d5580000)
  object space 68608K, 29% used [0x0000000080000000,0x00000000813bc748,0x0000000084300000)
 Metaspace       used 32734K, committed 33792K, reserved 1114112K
  class space    used 3326K, committed 3840K, reserved 1048576K
}

Dll operation events (12 events):
Event: 0.005 Loaded shared library c:\Users\12345\.vscode\extensions\redhat.java-1.46.0-win32-x64\jre\21.0.8-win32-x86_64\bin\java.dll
Event: 0.038 Loaded shared library c:\Users\12345\.vscode\extensions\redhat.java-1.46.0-win32-x64\jre\21.0.8-win32-x86_64\bin\zip.dll
Event: 0.048 Loaded shared library C:\Users\12345\.vscode\extensions\redhat.java-1.46.0-win32-x64\jre\21.0.8-win32-x86_64\bin\instrument.dll
Event: 0.052 Loaded shared library C:\Users\12345\.vscode\extensions\redhat.java-1.46.0-win32-x64\jre\21.0.8-win32-x86_64\bin\net.dll
Event: 0.054 Loaded shared library C:\Users\12345\.vscode\extensions\redhat.java-1.46.0-win32-x64\jre\21.0.8-win32-x86_64\bin\nio.dll
Event: 0.056 Loaded shared library C:\Users\12345\.vscode\extensions\redhat.java-1.46.0-win32-x64\jre\21.0.8-win32-x86_64\bin\zip.dll
Event: 0.064 Loaded shared library C:\Users\12345\.vscode\extensions\redhat.java-1.46.0-win32-x64\jre\21.0.8-win32-x86_64\bin\jimage.dll
Event: 0.098 Loaded shared library c:\Users\12345\.vscode\extensions\redhat.java-1.46.0-win32-x64\jre\21.0.8-win32-x86_64\bin\verify.dll
Event: 0.653 Loaded shared library C:\Users\12345\AppData\Roaming\Code\User\globalStorage\redhat.java\1.46.0\config_win\org.eclipse.equinox.launcher\org.eclipse.equinox.launcher.win32.win32.x86_64_1.2.1400.v20250801-0854\eclipse_11916.dll
Event: 1.216 Loaded shared library C:\Users\12345\.vscode\extensions\redhat.java-1.46.0-win32-x64\jre\21.0.8-win32-x86_64\bin\management.dll
Event: 1.218 Loaded shared library C:\Users\12345\.vscode\extensions\redhat.java-1.46.0-win32-x64\jre\21.0.8-win32-x86_64\bin\management_ext.dll
Event: 1.919 Loaded shared library C:\Users\12345\AppData\Local\Temp\jna-46792755\jna9591930901112454368.dll

Deoptimization events (20 events):
Event: 2.036 Thread 0x00000270fdfbf150 Uncommon trap: trap_request=0xffffffde fr.pc=0x00000270a9df898c relative=0x000000000000194c
Event: 2.036 Thread 0x00000270fdfbf150 Uncommon trap: reason=class_check action=maybe_recompile pc=0x00000270a9df898c method=java.lang.String.<init>(Ljava/nio/charset/Charset;[BII)V @ 521 c2
Event: 2.036 Thread 0x00000270fdfbf150 DEOPT PACKING pc=0x00000270a9df898c sp=0x00000093759fd2d0
Event: 2.036 Thread 0x00000270fdfbf150 DEOPT UNPACKING pc=0x00000270a97a6da2 sp=0x00000093759fd2a8 mode 2
Event: 2.038 Thread 0x00000270fdfbf150 Uncommon trap: trap_request=0xffffffde fr.pc=0x00000270a9df898c relative=0x000000000000194c
Event: 2.038 Thread 0x00000270fdfbf150 Uncommon trap: reason=class_check action=maybe_recompile pc=0x00000270a9df898c method=java.lang.String.<init>(Ljava/nio/charset/Charset;[BII)V @ 521 c2
Event: 2.038 Thread 0x00000270fdfbf150 DEOPT PACKING pc=0x00000270a9df898c sp=0x00000093759fd2d0
Event: 2.038 Thread 0x00000270fdfbf150 DEOPT UNPACKING pc=0x00000270a97a6da2 sp=0x00000093759fd2a8 mode 2
Event: 2.038 Thread 0x000002709f035400 Uncommon trap: trap_request=0xffffff45 fr.pc=0x00000270a9e77b58 relative=0x0000000000000bd8
Event: 2.038 Thread 0x000002709f035400 Uncommon trap: reason=unstable_if action=reinterpret pc=0x00000270a9e77b58 method=java.util.concurrent.ConcurrentHashMap.transfer([Ljava/util/concurrent/ConcurrentHashMap$Node;[Ljava/util/concurrent/ConcurrentHashMap$Node;)V @ 26 c2
Event: 2.038 Thread 0x000002709f035400 DEOPT PACKING pc=0x00000270a9e77b58 sp=0x00000093738fd3b0
Event: 2.038 Thread 0x000002709f035400 DEOPT UNPACKING pc=0x00000270a97a6da2 sp=0x00000093738fd310 mode 2
Event: 2.038 Thread 0x00000270fdfbf150 Uncommon trap: trap_request=0xffffffde fr.pc=0x00000270a9df898c relative=0x000000000000194c
Event: 2.038 Thread 0x00000270fdfbf150 Uncommon trap: reason=class_check action=maybe_recompile pc=0x00000270a9df898c method=java.lang.String.<init>(Ljava/nio/charset/Charset;[BII)V @ 521 c2
Event: 2.038 Thread 0x00000270fdfbf150 DEOPT PACKING pc=0x00000270a9df898c sp=0x00000093759fd2d0
Event: 2.038 Thread 0x00000270fdfbf150 DEOPT UNPACKING pc=0x00000270a97a6da2 sp=0x00000093759fd2a8 mode 2
Event: 2.039 Thread 0x00000270fdfbf150 Uncommon trap: trap_request=0xffffffde fr.pc=0x00000270a9df898c relative=0x000000000000194c
Event: 2.039 Thread 0x00000270fdfbf150 Uncommon trap: reason=class_check action=maybe_recompile pc=0x00000270a9df898c method=java.lang.String.<init>(Ljava/nio/charset/Charset;[BII)V @ 521 c2
Event: 2.039 Thread 0x00000270fdfbf150 DEOPT PACKING pc=0x00000270a9df898c sp=0x00000093759fd2d0
Event: 2.039 Thread 0x00000270fdfbf150 DEOPT UNPACKING pc=0x00000270a97a6da2 sp=0x00000093759fd2a8 mode 2

Classes loaded (20 events):
Event: 2.074 Loading class java/net/SocketImpl
Event: 2.074 Loading class java/net/SocketOptions
Event: 2.074 Loading class java/net/SocketOptions done
Event: 2.074 Loading class java/net/SocketImpl done
Event: 2.074 Loading class sun/nio/ch/NioSocketImpl
Event: 2.074 Loading class sun/reflect/generics/tree/BooleanSignature
Event: 2.074 Loading class sun/reflect/generics/tree/BooleanSignature done
Event: 2.075 Loading class sun/net/PlatformSocketImpl
Event: 2.075 Loading class sun/net/PlatformSocketImpl done
Event: 2.075 Loading class sun/nio/ch/NioSocketImpl done
Event: 2.075 Loading class sun/nio/ch/SocketDispatcher
Event: 2.075 Loading class sun/nio/ch/SocketDispatcher done
Event: 2.075 Loading class java/net/SocksSocketImpl
Event: 2.075 Loading class java/net/SocksConsts
Event: 2.075 Loading class java/net/SocksConsts done
Event: 2.075 Loading class java/net/DelegatingSocketImpl
Event: 2.075 Loading class java/net/DelegatingSocketImpl done
Event: 2.075 Loading class java/net/SocksSocketImpl done
Event: 2.076 Loading class sun/security/ssl/SSLSocketImpl$AppInputStream
Event: 2.076 Loading class sun/security/ssl/SSLSocketImpl$AppInputStream done

Classes unloaded (7 events):
Event: 1.583 Thread 0x000002709f0ce730 Unloading class 0x00000270b71aec00 'java/lang/invoke/LambdaForm$MH+0x00000270b71aec00'
Event: 1.583 Thread 0x000002709f0ce730 Unloading class 0x00000270b71ae800 'java/lang/invoke/LambdaForm$MH+0x00000270b71ae800'
Event: 1.583 Thread 0x000002709f0ce730 Unloading class 0x00000270b71ae400 'java/lang/invoke/LambdaForm$MH+0x00000270b71ae400'
Event: 1.583 Thread 0x000002709f0ce730 Unloading class 0x00000270b71ae000 'java/lang/invoke/LambdaForm$MH+0x00000270b71ae000'
Event: 1.583 Thread 0x000002709f0ce730 Unloading class 0x00000270b71adc00 'java/lang/invoke/LambdaForm$BMH+0x00000270b71adc00'
Event: 1.583 Thread 0x000002709f0ce730 Unloading class 0x00000270b71ad800 'java/lang/invoke/LambdaForm$DMH+0x00000270b71ad800'
Event: 1.583 Thread 0x000002709f0ce730 Unloading class 0x00000270b71ac400 'java/lang/invoke/LambdaForm$DMH+0x00000270b71ac400'

Classes redefined (0 events):
No events

Internal exceptions (20 events):
Event: 1.940 Thread 0x00000270fd796ae0 Exception <a 'java/lang/NoSuchMethodError'{0x00000000d6378d18}: 'void java.lang.invoke.DirectMethodHandle$Holder.invokeSpecial(java.lang.Object, java.lang.Object, java.lang.Object, int)'> (0x00000000d6378d18) 
thrown [s\src\hotspot\share\interpreter\linkResolver.cpp, line 773]
Event: 1.940 Thread 0x00000270fd796ae0 Exception <a 'java/lang/NoSuchMethodError'{0x00000000d637c3e8}: 'void java.lang.invoke.DelegatingMethodHandle$Holder.reinvoke_L(java.lang.Object, java.lang.Object, int)'> (0x00000000d637c3e8) 
thrown [s\src\hotspot\share\interpreter\linkResolver.cpp, line 773]
Event: 1.940 Thread 0x00000270fd796ae0 Exception <a 'java/lang/NoSuchMethodError'{0x00000000d6382d80}: 'int java.lang.invoke.Invokers$Holder.invokeExact_MT(java.lang.Object, java.lang.Object, java.lang.Object)'> (0x00000000d6382d80) 
thrown [s\src\hotspot\share\interpreter\linkResolver.cpp, line 773]
Event: 1.941 Thread 0x00000270fd796ae0 Exception <a 'java/lang/UnsatisfiedLinkError'{0x00000000d63913f0}: The specified procedure could not be found.
> (0x00000000d63913f0) 
thrown [s\src\hotspot\share\prims\jni.cpp, line 539]
Event: 1.943 Thread 0x00000270fd796ae0 Exception <a 'java/lang/NoSuchMethodError'{0x00000000d639e0e8}: 'void java.lang.invoke.Invokers$Holder.invokeExact_MT(java.lang.Object, java.lang.Object, int, java.lang.Object)'> (0x00000000d639e0e8) 
thrown [s\src\hotspot\share\interpreter\linkResolver.cpp, line 773]
Event: 1.967 Thread 0x000002709f035400 Exception <a 'java/io/FileNotFoundException'{0x00000000d6b02910}> (0x00000000d6b02910) 
thrown [s\src\hotspot\share\prims\jni.cpp, line 520]
Event: 1.974 Thread 0x00000270fdfbf150 Exception <a 'sun/nio/fs/WindowsException'{0x00000000d568f2a0}> (0x00000000d568f2a0) 
thrown [s\src\hotspot\share\prims\jni.cpp, line 520]
Event: 1.979 Thread 0x000002709f035400 Exception <a 'java/lang/NoSuchMethodError'{0x00000000d590b960}: 'java.lang.Object java.lang.invoke.DirectMethodHandle$Holder.invokeStatic(java.lang.Object, long, java.lang.Object)'> (0x00000000d590b960) 
thrown [s\src\hotspot\share\interpreter\linkResolver.cpp, line 773]
Event: 1.979 Thread 0x000002709f035400 Exception <a 'java/lang/NoSuchMethodError'{0x00000000d5913228}: 'java.lang.Object java.lang.invoke.DirectMethodHandle$Holder.invokeStaticInit(java.lang.Object, long, java.lang.Object)'> (0x00000000d5913228) 
thrown [s\src\hotspot\share\interpreter\linkResolver.cpp, line 773]
Event: 1.979 Thread 0x000002709f035400 Exception <a 'java/lang/NoSuchMethodError'{0x00000000d5918c08}: 'java.lang.Object java.lang.invoke.DirectMethodHandle$Holder.newInvokeSpecial(java.lang.Object, long)'> (0x00000000d5918c08) 
thrown [s\src\hotspot\share\interpreter\linkResolver.cpp, line 773]
Event: 1.991 Thread 0x00000270fdfbfe70 Exception <a 'java/lang/NoSuchMethodError'{0x00000000d5b82d88}: 'java.lang.Object java.lang.invoke.DirectMethodHandle$Holder.invokeStaticInit(java.lang.Object, java.lang.Object, java.lang.Object, java.lang.Object, java.lang.Object, java.lang.Object, java.lang.Object)'> (0x00000000d5b82d88) 
thrown [s\src\hotspot\share\interpreter\linkResolver.cpp, line 773]
Event: 1.991 Thread 0x00000270fdfbfe70 Exception <a 'java/lang/NoSuchMethodError'{0x00000000d5b87868}: 'java.lang.Object java.lang.invoke.Invokers$Holder.invoke_MT(java.lang.Object, java.lang.Object, java.lang.Object, java.lang.Object, java.lang.Object, java.lang.Object, java.lang.Object, java.lang.Object, java.lang.Object)'> (0x00000000d5b87868) 
thrown [s\src\hotspot\share\interpreter\linkResolver.cpp, line 773]
Event: 1.994 Thread 0x00000270fdfbfe70 Exception <a 'java/lang/NoSuchMethodError'{0x00000000d5bc7e10}: 'int java.lang.invoke.DirectMethodHandle$Holder.invokeVirtual(java.lang.Object, java.lang.Object, java.lang.Object)'> (0x00000000d5bc7e10) 
thrown [s\src\hotspot\share\interpreter\linkResolver.cpp, line 773]
Event: 1.995 Thread 0x00000270fdfbfe70 Exception <a 'java/lang/NoSuchMethodError'{0x00000000d5bcc000}: 'int java.lang.invoke.DirectMethodHandle$Holder.invokeStaticInit(java.lang.Object, int, int)'> (0x00000000d5bcc000) 
thrown [s\src\hotspot\share\interpreter\linkResolver.cpp, line 773]
Event: 1.995 Thread 0x00000270fdfbfe70 Exception <a 'java/lang/NoSuchMethodError'{0x00000000d5bd3368}: 'int java.lang.invoke.DirectMethodHandle$Holder.invokeStaticInit(java.lang.Object, long, long)'> (0x00000000d5bd3368) 
thrown [s\src\hotspot\share\interpreter\linkResolver.cpp, line 773]
Event: 1.995 Thread 0x00000270fdfbfe70 Exception <a 'java/lang/NoSuchMethodError'{0x00000000d5bd9f40}: 'int java.lang.invoke.DirectMethodHandle$Holder.invokeStaticInit(java.lang.Object, float, float)'> (0x00000000d5bd9f40) 
thrown [s\src\hotspot\share\interpreter\linkResolver.cpp, line 773]
Event: 1.996 Thread 0x00000270fdfbfe70 Exception <a 'java/lang/NoSuchMethodError'{0x00000000d5be08d0}: 'int java.lang.invoke.DirectMethodHandle$Holder.invokeStaticInit(java.lang.Object, double, double)'> (0x00000000d5be08d0) 
thrown [s\src\hotspot\share\interpreter\linkResolver.cpp, line 773]
Event: 1.996 Thread 0x00000270fdfbfe70 Exception <a 'java/lang/NoSuchMethodError'{0x00000000d5be4cc8}: 'int java.lang.invoke.DirectMethodHandle$Holder.invokeStatic(java.lang.Object, long)'> (0x00000000d5be4cc8) 
thrown [s\src\hotspot\share\interpreter\linkResolver.cpp, line 773]
Event: 1.998 Thread 0x00000270fdfbfe70 Exception <a 'java/lang/NoSuchMethodError'{0x00000000d5c071a8}: 'int java.lang.invoke.Invokers$Holder.linkToTargetMethod(java.lang.Object, java.lang.Object)'> (0x00000000d5c071a8) 
thrown [s\src\hotspot\share\interpreter\linkResolver.cpp, line 773]
Event: 2.023 Thread 0x00000270fdfbfe70 Exception <a 'java/lang/NoSuchMethodError'{0x00000000d61310b8}: 'java.lang.Object java.lang.invoke.DirectMethodHandle$Holder.invokeSpecialIFC(java.lang.Object, java.lang.Object, java.lang.Object, java.lang.Object)'> (0x00000000d61310b8) 
thrown [s\src\hotspot\share\interpreter\linkResolver.cpp, line 773]

ZGC Phase Switch (0 events):
No events

VM Operations (20 events):
Event: 1.773 Executing VM operation: HandshakeAllThreads (Deoptimize)
Event: 1.773 Executing VM operation: HandshakeAllThreads (Deoptimize) done
Event: 1.778 Executing VM operation: HandshakeAllThreads (Deoptimize)
Event: 1.778 Executing VM operation: HandshakeAllThreads (Deoptimize) done
Event: 1.785 Executing VM operation: ParallelGCFailedAllocation (Allocation Failure)
Event: 1.786 Executing VM operation: ParallelGCFailedAllocation (Allocation Failure) done
Event: 1.846 Executing VM operation: HandshakeAllThreads (Deoptimize)
Event: 1.846 Executing VM operation: HandshakeAllThreads (Deoptimize) done
Event: 1.860 Executing VM operation: HandshakeAllThreads (Deoptimize)
Event: 1.860 Executing VM operation: HandshakeAllThreads (Deoptimize) done
Event: 1.926 Executing VM operation: HandshakeAllThreads (Deoptimize)
Event: 1.926 Executing VM operation: HandshakeAllThreads (Deoptimize) done
Event: 1.962 Executing VM operation: HandshakeAllThreads (Deoptimize)
Event: 1.962 Executing VM operation: HandshakeAllThreads (Deoptimize) done
Event: 1.970 Executing VM operation: ParallelGCFailedAllocation (Allocation Failure)
Event: 1.972 Executing VM operation: ParallelGCFailedAllocation (Allocation Failure) done
Event: 2.003 Executing VM operation: HandshakeAllThreads (Deoptimize)
Event: 2.003 Executing VM operation: HandshakeAllThreads (Deoptimize) done
Event: 2.047 Executing VM operation: ParallelGCFailedAllocation (Allocation Failure)
Event: 2.048 Executing VM operation: ParallelGCFailedAllocation (Allocation Failure) done

Memory protections (0 events):
No events

Nmethod flushes (0 events):
No events

Events (20 events):
Event: 1.269 Thread 0x00000270fd796ae0 Thread added: 0x00000270fdfbe430
Event: 1.280 Thread 0x00000270fd796ae0 Thread added: 0x00000270fdfbf150
Event: 1.755 Thread 0x00000270fd796ae0 Thread added: 0x00000270fdfbdda0
Event: 1.928 Thread 0x00000270fd796ae0 Thread added: 0x00000270fdfbd080
Event: 1.955 Thread 0x00000270fdfbf150 Thread added: 0x00000270fdfbf7e0
Event: 1.973 Thread 0x00000270fdfbf7e0 Thread added: 0x00000270fdfbfe70
Event: 1.983 Thread 0x000002709f035400 Thread added: 0x00000270fdfc0500
Event: 1.983 Thread 0x000002709f035400 Thread added: 0x0000027080e73140
Event: 1.983 Thread 0x000002709f035400 Thread added: 0x0000027080e6f630
Event: 1.983 Thread 0x000002709f035400 Thread added: 0x0000027080e70350
Event: 1.983 Thread 0x000002709f035400 Thread added: 0x0000027080e709e0
Event: 1.983 Thread 0x000002709f035400 Thread added: 0x0000027080e75210
Event: 1.983 Thread 0x000002709f035400 Thread added: 0x0000027080e73e60
Event: 1.984 Thread 0x000002709f035400 Thread added: 0x0000027080e737d0
Event: 1.984 Thread 0x000002709f035400 Thread added: 0x0000027080e74b80
Event: 1.984 Thread 0x000002709f035400 Thread added: 0x0000027080e71070
Event: 1.984 Thread 0x000002709f035400 Thread added: 0x0000027080e758a0
Event: 1.984 Thread 0x000002709f035400 Thread added: 0x0000027080e6efa0
Event: 1.984 Thread 0x000002709f035400 Thread added: 0x0000027080e6e910
Event: 2.002 Thread 0x000002709f035400 Thread added: 0x0000027080e6fcc0


Dynamic libraries:
0x00007ff6881c0000 - 0x00007ff6881ce000 	c:\Users\12345\.vscode\extensions\redhat.java-1.46.0-win32-x64\jre\21.0.8-win32-x86_64\bin\java.exe
0x00007ffe7ddb0000 - 0x00007ffe7dfc7000 	C:\WINDOWS\SYSTEM32\ntdll.dll
0x00007ffe7c4e0000 - 0x00007ffe7c5a4000 	C:\WINDOWS\System32\KERNEL32.DLL
0x00007ffe7b320000 - 0x00007ffe7b6f2000 	C:\WINDOWS\System32\KERNELBASE.dll
0x00007ffe7b140000 - 0x00007ffe7b251000 	C:\WINDOWS\System32\ucrtbase.dll
0x00007ffe74770000 - 0x00007ffe74788000 	c:\Users\12345\.vscode\extensions\redhat.java-1.46.0-win32-x64\jre\21.0.8-win32-x86_64\bin\jli.dll
0x00007ffe6aa10000 - 0x00007ffe6aa2e000 	c:\Users\12345\.vscode\extensions\redhat.java-1.46.0-win32-x64\jre\21.0.8-win32-x86_64\bin\VCRUNTIME140.dll
0x00007ffe7da50000 - 0x00007ffe7dc01000 	C:\WINDOWS\System32\USER32.dll
0x00007ffe7ba10000 - 0x00007ffe7ba36000 	C:\WINDOWS\System32\win32u.dll
0x00007ffe69470000 - 0x00007ffe6970b000 	C:\WINDOWS\WinSxS\amd64_microsoft.windows.common-controls_6595b64144ccf1df_6.0.22621.5697_none_27154c497380d676\COMCTL32.dll
0x00007ffe7d720000 - 0x00007ffe7d7c7000 	C:\WINDOWS\System32\msvcrt.dll
0x00007ffe7ba40000 - 0x00007ffe7ba69000 	C:\WINDOWS\System32\GDI32.dll
0x00007ffe7b010000 - 0x00007ffe7b133000 	C:\WINDOWS\System32\gdi32full.dll
0x00007ffe7b830000 - 0x00007ffe7b8ca000 	C:\WINDOWS\System32\msvcp_win.dll
0x00007ffe7dc10000 - 0x00007ffe7dc41000 	C:\WINDOWS\System32\IMM32.DLL
0x00007ffe74ef0000 - 0x00007ffe74efc000 	c:\Users\12345\.vscode\extensions\redhat.java-1.46.0-win32-x64\jre\21.0.8-win32-x86_64\bin\vcruntime140_1.dll
0x00007ffe550d0000 - 0x00007ffe5515d000 	c:\Users\12345\.vscode\extensions\redhat.java-1.46.0-win32-x64\jre\21.0.8-win32-x86_64\bin\msvcp140.dll
0x00007ffdeffc0000 - 0x00007ffdf0d57000 	c:\Users\12345\.vscode\extensions\redhat.java-1.46.0-win32-x64\jre\21.0.8-win32-x86_64\bin\server\jvm.dll
0x00007ffe7c670000 - 0x00007ffe7c721000 	C:\WINDOWS\System32\ADVAPI32.dll
0x00007ffe7c5c0000 - 0x00007ffe7c668000 	C:\WINDOWS\System32\sechost.dll
0x00007ffe7b800000 - 0x00007ffe7b828000 	C:\WINDOWS\System32\bcrypt.dll
0x00007ffe7dc50000 - 0x00007ffe7dd67000 	C:\WINDOWS\System32\RPCRT4.dll
0x00007ffe7c130000 - 0x00007ffe7c1a1000 	C:\WINDOWS\System32\WS2_32.dll
0x00007ffe79c90000 - 0x00007ffe79cdd000 	C:\WINDOWS\SYSTEM32\POWRPROF.dll
0x00007ffe70ef0000 - 0x00007ffe70f24000 	C:\WINDOWS\SYSTEM32\WINMM.dll
0x00007ffe73a30000 - 0x00007ffe73a3a000 	C:\WINDOWS\SYSTEM32\VERSION.dll
0x00007ffe79c70000 - 0x00007ffe79c83000 	C:\WINDOWS\SYSTEM32\UMPDC.dll
0x00007ffe79f30000 - 0x00007ffe79f48000 	C:\WINDOWS\SYSTEM32\kernel.appcore.dll
0x00007ffe74760000 - 0x00007ffe7476a000 	c:\Users\12345\.vscode\extensions\redhat.java-1.46.0-win32-x64\jre\21.0.8-win32-x86_64\bin\jimage.dll
0x00007ffe78300000 - 0x00007ffe78533000 	C:\WINDOWS\SYSTEM32\DBGHELP.DLL
0x00007ffe7c890000 - 0x00007ffe7cc22000 	C:\WINDOWS\System32\combase.dll
0x00007ffe7d7d0000 - 0x00007ffe7d8a8000 	C:\WINDOWS\System32\OLEAUT32.dll
0x00007ffe641e0000 - 0x00007ffe64212000 	C:\WINDOWS\SYSTEM32\dbgcore.DLL
0x00007ffe7b780000 - 0x00007ffe7b7fb000 	C:\WINDOWS\System32\bcryptPrimitives.dll
0x00007ffe72f30000 - 0x00007ffe72f3f000 	c:\Users\12345\.vscode\extensions\redhat.java-1.46.0-win32-x64\jre\21.0.8-win32-x86_64\bin\instrument.dll
0x00007ffe6a9f0000 - 0x00007ffe6aa0f000 	c:\Users\12345\.vscode\extensions\redhat.java-1.46.0-win32-x64\jre\21.0.8-win32-x86_64\bin\java.dll
0x00007ffe7ce00000 - 0x00007ffe7d6a1000 	C:\WINDOWS\System32\SHELL32.dll
0x00007ffe7b8d0000 - 0x00007ffe7ba0f000 	C:\WINDOWS\System32\wintypes.dll
0x00007ffe78d40000 - 0x00007ffe7965a000 	C:\WINDOWS\SYSTEM32\windows.storage.dll
0x00007ffe7ba70000 - 0x00007ffe7bb7b000 	C:\WINDOWS\System32\SHCORE.dll
0x00007ffe7c0b0000 - 0x00007ffe7c119000 	C:\WINDOWS\System32\shlwapi.dll
0x00007ffe7add0000 - 0x00007ffe7adfb000 	C:\WINDOWS\SYSTEM32\profapi.dll
0x00007ffe6a980000 - 0x00007ffe6a998000 	c:\Users\12345\.vscode\extensions\redhat.java-1.46.0-win32-x64\jre\21.0.8-win32-x86_64\bin\zip.dll
0x00007ffe6a9e0000 - 0x00007ffe6a9f0000 	C:\Users\12345\.vscode\extensions\redhat.java-1.46.0-win32-x64\jre\21.0.8-win32-x86_64\bin\net.dll
0x00007ffe75f30000 - 0x00007ffe7605c000 	C:\WINDOWS\SYSTEM32\WINHTTP.dll
0x00007ffe7a3f0000 - 0x00007ffe7a459000 	C:\WINDOWS\system32\mswsock.dll
0x00007ffe6a960000 - 0x00007ffe6a976000 	C:\Users\12345\.vscode\extensions\redhat.java-1.46.0-win32-x64\jre\21.0.8-win32-x86_64\bin\nio.dll
0x00007ffe6a950000 - 0x00007ffe6a960000 	c:\Users\12345\.vscode\extensions\redhat.java-1.46.0-win32-x64\jre\21.0.8-win32-x86_64\bin\verify.dll
0x00007ffe47130000 - 0x00007ffe47174000 	C:\Users\12345\AppData\Roaming\Code\User\globalStorage\redhat.java\1.46.0\config_win\org.eclipse.equinox.launcher\org.eclipse.equinox.launcher.win32.win32.x86_64_1.2.1400.v20250801-0854\eclipse_11916.dll
0x00007ffe7d8b0000 - 0x00007ffe7da50000 	C:\WINDOWS\System32\ole32.dll
0x00007ffe6a8d0000 - 0x00007ffe6a8da000 	C:\Users\12345\.vscode\extensions\redhat.java-1.46.0-win32-x64\jre\21.0.8-win32-x86_64\bin\management.dll
0x00007ffe6a4e0000 - 0x00007ffe6a4eb000 	C:\Users\12345\.vscode\extensions\redhat.java-1.46.0-win32-x64\jre\21.0.8-win32-x86_64\bin\management_ext.dll
0x00007ffe7c120000 - 0x00007ffe7c128000 	C:\WINDOWS\System32\PSAPI.DLL
0x00007ffe7a630000 - 0x00007ffe7a64b000 	C:\WINDOWS\SYSTEM32\CRYPTSP.dll
0x00007ffe79e90000 - 0x00007ffe79ec7000 	C:\WINDOWS\system32\rsaenh.dll
0x00007ffe7a4a0000 - 0x00007ffe7a4c8000 	C:\WINDOWS\SYSTEM32\USERENV.dll
0x00007ffe7a620000 - 0x00007ffe7a62c000 	C:\WINDOWS\SYSTEM32\CRYPTBASE.dll
0x00007ffe79970000 - 0x00007ffe7999d000 	C:\WINDOWS\SYSTEM32\IPHLPAPI.DLL
0x00007ffe7c310000 - 0x00007ffe7c319000 	C:\WINDOWS\System32\NSI.dll
0x00007ffe47420000 - 0x00007ffe47469000 	C:\Users\12345\AppData\Local\Temp\jna-46792755\jna9591930901112454368.dll
0x00007ffe75d70000 - 0x00007ffe75d89000 	C:\WINDOWS\SYSTEM32\dhcpcsvc6.DLL
0x00007ffe75d00000 - 0x00007ffe75d1f000 	C:\WINDOWS\SYSTEM32\dhcpcsvc.DLL

JVMTI agents:
c:\Users\12345\.vscode\extensions\redhat.java-1.46.0-win32-x64\lombok\lombok-1.18.39-4050.jar path:c:\Users\12345\.vscode\extensions\redhat.java-1.46.0-win32-x64\jre\21.0.8-win32-x86_64\bin\instrument.dll, loaded, initialized, instrumentlib options:none

dbghelp: loaded successfully - version: 4.0.5 - missing functions: none
symbol engine: initialized successfully - sym options: 0x614 - pdb path: .;c:\Users\12345\.vscode\extensions\redhat.java-1.46.0-win32-x64\jre\21.0.8-win32-x86_64\bin;C:\WINDOWS\SYSTEM32;C:\WINDOWS\WinSxS\amd64_microsoft.windows.common-controls_6595b64144ccf1df_6.0.22621.5697_none_27154c497380d676;c:\Users\12345\.vscode\extensions\redhat.java-1.46.0-win32-x64\jre\21.0.8-win32-x86_64\bin\server;C:\Users\12345\AppData\Roaming\Code\User\globalStorage\redhat.java\1.46.0\config_win\org.eclipse.equinox.launcher\org.eclipse.equinox.launcher.win32.win32.x86_64_1.2.1400.v20250801-0854;C:\Users\12345\AppData\Local\Temp\jna-46792755

VM Arguments:
jvm_args: --add-modules=ALL-SYSTEM --add-opens=java.base/java.util=ALL-UNNAMED --add-opens=java.base/java.lang=ALL-UNNAMED --add-opens=java.base/sun.nio.fs=ALL-UNNAMED -Declipse.application=org.eclipse.jdt.ls.core.id1 -Dosgi.bundles.defaultStartLevel=4 -Declipse.product=org.eclipse.jdt.ls.core.product -Djava.import.generatesMetadataFilesAtProjectRoot=false -DDetectVMInstallationsJob.disabled=true -Dfile.encoding=utf8 -XX:+UseParallelGC -XX:GCTimeRatio=4 -XX:AdaptiveSizePolicyWeight=90 -Dsun.zip.disableMemoryMapping=true -Xmx2G -Xms100m -Xlog:disable -javaagent:c:\Users\12345\.vscode\extensions\redhat.java-1.46.0-win32-x64\lombok\lombok-1.18.39-4050.jar -XX:+HeapDumpOnOutOfMemoryError -XX:HeapDumpPath=c:\Users\12345\AppData\Roaming\Code\User\workspaceStorage\676b7cd3ff3015699f0f15c4871616e0\redhat.java -Daether.dependencyCollector.impl=bf 
java_command: c:\Users\12345\.vscode\extensions\redhat.java-1.46.0-win32-x64\server\plugins\org.eclipse.equinox.launcher_1.7.0.v20250519-0528.jar -configuration c:\Users\12345\AppData\Roaming\Code\User\globalStorage\redhat.java\1.46.0\config_win -data c:\Users\12345\AppData\Roaming\Code\User\workspaceStorage\676b7cd3ff3015699f0f15c4871616e0\redhat.java\jdt_ws --pipe=\\.\pipe\lsp-534e8eaf3d88635f16789ec67ab4251b-sock
java_class_path (initial): c:\Users\12345\.vscode\extensions\redhat.java-1.46.0-win32-x64\server\plugins\org.eclipse.equinox.launcher_1.7.0.v20250519-0528.jar
Launcher Type: SUN_STANDARD

[Global flags]
    uintx AdaptiveSizePolicyWeight                 = 90                                        {product} {command line}
     intx CICompilerCount                          = 4                                         {product} {ergonomic}
    uintx GCTimeRatio                              = 4                                         {product} {command line}
     bool HeapDumpOnOutOfMemoryError               = true                                   {manageable} {command line}
    ccstr HeapDumpPath                             = c:\Users\12345\AppData\Roaming\Code\User\workspaceStorage\676b7cd3ff3015699f0f15c4871616e0\redhat.java         {manageable} {command line}
   size_t InitialHeapSize                          = 104857600                                 {product} {command line}
   size_t MaxHeapSize                              = 2147483648                                {product} {command line}
   size_t MaxNewSize                               = 715653120                                 {product} {ergonomic}
   size_t MinHeapDeltaBytes                        = 524288                                    {product} {ergonomic}
   size_t MinHeapSize                              = 104857600                                 {product} {command line}
   size_t NewSize                                  = 34603008                                  {product} {ergonomic}
    uintx NonNMethodCodeHeapSize                   = 5839372                                {pd product} {ergonomic}
    uintx NonProfiledCodeHeapSize                  = 122909434                              {pd product} {ergonomic}
   size_t OldSize                                  = 70254592                                  {product} {ergonomic}
    uintx ProfiledCodeHeapSize                     = 122909434                              {pd product} {ergonomic}
    uintx ReservedCodeCacheSize                    = 251658240                              {pd product} {ergonomic}
     bool SegmentedCodeCache                       = true                                      {product} {ergonomic}
   size_t SoftMaxHeapSize                          = 2147483648                             {manageable} {ergonomic}
     bool UseCompressedOops                        = true                           {product lp64_product} {ergonomic}
     bool UseLargePagesIndividualAllocation        = false                                  {pd product} {ergonomic}
     bool UseParallelGC                            = true                                      {product} {command line}

Logging:
Log output configuration:
 #0: stdout all=off uptime,level,tags foldmultilines=false
 #1: stderr all=off uptime,level,tags foldmultilines=false

Environment Variables:
PATH=C:\Program Files (x86)\Razer Chroma SDK\bin;C:\Program Files\Razer Chroma SDK\bin;C:\Program Files (x86)\Common Files\Oracle\Java\javapath;C:\Program Files (x86)\Common Files\Intel\Shared Libraries\redist\intel64\compiler;C:\WINDOWS\system32;C:\WINDOWS;C:\WINDOWS\System32\Wbem;C:\WINDOWS\System32\WindowsPowerShell\v1.0\;C:\WINDOWS\System32\OpenSSH\;C:\Program Files\NVIDIA Corporation\NVIDIA app\NvDLISR;C:\Program Files (x86)\NVIDIA Corporation\PhysX\Common;C:\WINDOWS\system32\config\systemprofile\AppData\Local\Microsoft\WindowsApps;C:\Program Files (x86)\Razer\ChromaBroadcast\bin;C:\Program Files\Razer\ChromaBroadcast\bin;C:\Users\12345\AppData\Local\Microsoft\WindowsApps;C:\Users\12345\AppData\Local\spicetify;C:\Program Files\nodejs\;C:\WINDOWS\system32;C:\WINDOWS;C:\WINDOWS\System32\Wbem;C:\WINDOWS\System32\WindowsPowerShell\v1.0\;C:\WINDOWS\System32\OpenSSH\;C:\Program Files\dotnet\;C:\Program Files\Cloudflare\Cloudflare WARP\;C:\Program Files\Git\cmd;C:\Users\12345\AppData\Local\Microsoft\WindowsApps;C:\Users\12345\AppData\Local\spicetify;G:\program files\Microsoft VS Code\bin;C:\Users\12345\AppData\Roaming\npm;C:\Users\12345\AppData\Local\Programs\Windsurf\bin;C:\Users\12345\AppData\Local\Microsoft\WindowsApps;D:\flutter\flutter\bin
USERNAME=12345
OS=Windows_NT
PROCESSOR_IDENTIFIER=AMD64 Family 25 Model 97 Stepping 2, AuthenticAMD
TMP=C:\Users\12345\AppData\Local\Temp
TEMP=C:\Users\12345\AppData\Local\Temp




Periodic native trim disabled

---------------  S Y S T E M  ---------------

OS:
 Windows 11 , 64 bit Build 22621 (10.0.22621.5415)
OS uptime: 0 days 0:19 hours
Hyper-V role detected

CPU: total 12 (initial active 12) (12 cores per cpu, 2 threads per core) family 25 model 97 stepping 2 microcode 0x0, cx8, cmov, fxsr, ht, mmx, 3dnowpref, sse, sse2, sse3, ssse3, sse4a, sse4.1, sse4.2, popcnt, lzcnt, tsc, tscinvbit, avx, avx2, aes, erms, clmul, bmi1, bmi2, adx, avx512f, avx512dq, avx512cd, avx512bw, avx512vl, sha, fma, vzeroupper, avx512_vpopcntdq, avx512_vpclmulqdq, avx512_vaes, avx512_vnni, clflush, clflushopt, avx512_vbmi2, avx512_vbmi, hv, rdtscp, rdpid, fsrm, gfni, avx512_bitalg, f16c, cet_ss, avx512_ifma
Processor Information for the first 12 processors :
  Max Mhz: 3801, Current Mhz: 3801, Mhz Limit: 3801

Memory: 4k page, system-wide physical 15400M (4115M free)
TotalPageFile size 15400M (AvailPageFile size 4M)
current process WorkingSet (physical memory assigned to process): 199M, peak: 199M
current process commit charge ("private bytes"): 331M, peak: 332M

vm_info: OpenJDK 64-Bit Server VM (21.0.8+9-LTS) for windows-amd64 JRE (21.0.8+9-LTS), built on 2025-07-15T00:00:00Z by "admin" with MS VC++ 17.7 (VS2022)

END.
