#
# There is insufficient memory for the Java Runtime Environment to continue.
# Native memory allocation (malloc) failed to allocate 1066496 bytes. Error detail: Chunk::new
# Possible reasons:
#   The system is out of physical RAM or swap space
#   This process is running with CompressedOops enabled, and the Java Heap may be blocking the growth of the native heap
# Possible solutions:
#   Reduce memory load on the system
#   Increase physical memory or swap space
#   Check if swap backing store is full
#   Decrease Java heap size (-Xmx/-Xms)
#   Decrease number of Java threads
#   Decrease Java thread stack sizes (-Xss)
#   Set larger code cache with -XX:ReservedCodeCacheSize=
#   JVM is running with Unscaled Compressed Oops mode in which the Java heap is
#     placed in the first 4GB address space. The Java Heap base address is the
#     maximum limit for the native heap growth. Please use -XX:HeapBaseMinAddress
#     to set the Java Heap base and to place the Java Heap above 4GB virtual address.
# This output file may be truncated or incomplete.
#
#  Out of Memory Error (arena.cpp:168), pid=7376, tid=5976
#
# JRE version: OpenJDK Runtime Environment Temurin-21.0.8+9 (21.0.8+9) (build 21.0.8+9-LTS)
# Java VM: OpenJDK 64-Bit Server VM Temurin-21.0.8+9 (21.0.8+9-LTS, mixed mode, sharing, tiered, compressed oops, compressed class ptrs, parallel gc, windows-amd64)
# No core dump will be written. Minidumps are not enabled by default on client versions of Windows
#

---------------  S U M M A R Y ------------

Command Line: --add-modules=ALL-SYSTEM --add-opens=java.base/java.util=ALL-UNNAMED --add-opens=java.base/java.lang=ALL-UNNAMED --add-opens=java.base/sun.nio.fs=ALL-UNNAMED -Declipse.application=org.eclipse.jdt.ls.core.id1 -Dosgi.bundles.defaultStartLevel=4 -Declipse.product=org.eclipse.jdt.ls.core.product -Djava.import.generatesMetadataFilesAtProjectRoot=false -DDetectVMInstallationsJob.disabled=true -Dfile.encoding=utf8 -XX:+UseParallelGC -XX:GCTimeRatio=4 -XX:AdaptiveSizePolicyWeight=90 -Dsun.zip.disableMemoryMapping=true -Xmx2G -Xms100m -Xlog:disable -javaagent:c:\Users\12345\.vscode\extensions\redhat.java-1.46.0-win32-x64\lombok\lombok-1.18.39-4050.jar -XX:+HeapDumpOnOutOfMemoryError -XX:HeapDumpPath=c:\Users\12345\AppData\Roaming\Code\User\workspaceStorage\676b7cd3ff3015699f0f15c4871616e0\redhat.java -Daether.dependencyCollector.impl=bf c:\Users\12345\.vscode\extensions\redhat.java-1.46.0-win32-x64\server\plugins\org.eclipse.equinox.launcher_1.7.0.v20250519-0528.jar -configuration c:\Users\12345\AppData\Roaming\Code\User\globalStorage\redhat.java\1.46.0\config_win -data c:\Users\12345\AppData\Roaming\Code\User\workspaceStorage\676b7cd3ff3015699f0f15c4871616e0\redhat.java\jdt_ws --pipe=\\.\pipe\lsp-bb593cc024ff43acbfc578b9c3fd14aa-sock

Host: AMD Ryzen 5 7600 6-Core Processor              , 12 cores, 15G,  Windows 11 , 64 bit Build 22621 (10.0.22621.5415)
Time: Sat Oct 11 22:31:52 2025 India Standard Time elapsed time: 3.320057 seconds (0d 0h 0m 3s)

---------------  T H R E A D  ---------------

Current thread (0x00000186672e8f40):  JavaThread "C2 CompilerThread2" daemon [_thread_in_native, id=5976, stack(0x0000006db2000000,0x0000006db2100000) (1024K)]


Current CompileTask:
C2:3320 7958       4       org.eclipse.jdt.internal.compiler.util.JrtFileSystem$2::visitFile (10 bytes)

Stack: [0x0000006db2000000,0x0000006db2100000]
Native frames: (J=compiled Java code, j=interpreted, Vv=VM code, C=native code)
V  [jvm.dll+0x6d2449]
V  [jvm.dll+0x8ae341]
V  [jvm.dll+0x8b08be]
V  [jvm.dll+0x8b0fa3]
V  [jvm.dll+0x280c96]
V  [jvm.dll+0xc581d]
V  [jvm.dll+0xc5d53]
V  [jvm.dll+0x2f539d]
V  [jvm.dll+0x5fa00a]
V  [jvm.dll+0x252092]
V  [jvm.dll+0x25244f]
V  [jvm.dll+0x24ad14]
V  [jvm.dll+0x2483a4]
V  [jvm.dll+0x1c89ee]
V  [jvm.dll+0x257d4d]
V  [jvm.dll+0x2562ea]
V  [jvm.dll+0x3f2d16]
V  [jvm.dll+0x857e6b]
V  [jvm.dll+0x6d0b0d]
C  [ucrtbase.dll+0x29333]
C  [KERNEL32.DLL+0x1259d]
C  [ntdll.dll+0x5af78]


---------------  P R O C E S S  ---------------

Threads class SMR info:
_java_thread_list=0x00000186791f7e00, length=61, elements={
0x000001864e4e19f0, 0x000001864e4693c0, 0x000001864e469f70, 0x000001864e46b960,
0x000001864e46caf0, 0x000001864e4707c0, 0x000001864e473220, 0x000001864e473fa0,
0x000001864e4765e0, 0x000001866629d9e0, 0x0000018666493770, 0x0000018666506c90,
0x00000186672e8f40, 0x00000186675db5c0, 0x000001866c111720, 0x000001866c454df0,
0x000001866c455480, 0x000001866c454760, 0x000001866c4561a0, 0x000001866c4533b0,
0x000001866c453a40, 0x000001866cb395e0, 0x000001866cb35440, 0x000001866cb36e80,
0x000001866cb367f0, 0x000001866cb36160, 0x000001866cb388c0, 0x000001866cb39c70,
0x000001866cb34090, 0x000001866cb37510, 0x000001866cb3a300, 0x000001866cb33370,
0x000001866cb3a990, 0x000001866cb33a00, 0x000001866cb38230, 0x000001866cb34720,
0x000001866cb34db0, 0x000001866ee38680, 0x000001866ee37ff0, 0x000001866ee34b70,
0x000001866ee37960, 0x000001866ee365b0, 0x000001866ee393a0, 0x000001866ee38d10,
0x000001866ee39a30, 0x000001866ee35890, 0x000001866ee3a0c0, 0x000001866ee35f20,
0x000001866ee3a750, 0x000001866ee3ade0, 0x000001866ee372d0, 0x000001866ee35200,
0x000001866ee33e50, 0x000001866ee3b470, 0x000001866cf0f8c0, 0x000001866cf11990,
0x000001866cf12d40, 0x000001866cf13a60, 0x000001866cf0f230, 0x000001866cf10c70,
0x000001866cf0ff50
}

Java Threads: ( => current thread )
  0x000001864e4e19f0 JavaThread "main"                              [_thread_blocked, id=10372, stack(0x0000006db1100000,0x0000006db1200000) (1024K)]
  0x000001864e4693c0 JavaThread "Reference Handler"          daemon [_thread_blocked, id=16416, stack(0x0000006db1500000,0x0000006db1600000) (1024K)]
  0x000001864e469f70 JavaThread "Finalizer"                  daemon [_thread_blocked, id=20260, stack(0x0000006db1600000,0x0000006db1700000) (1024K)]
  0x000001864e46b960 JavaThread "Signal Dispatcher"          daemon [_thread_blocked, id=16460, stack(0x0000006db1700000,0x0000006db1800000) (1024K)]
  0x000001864e46caf0 JavaThread "Attach Listener"            daemon [_thread_blocked, id=22636, stack(0x0000006db1800000,0x0000006db1900000) (1024K)]
  0x000001864e4707c0 JavaThread "Service Thread"             daemon [_thread_blocked, id=22604, stack(0x0000006db1900000,0x0000006db1a00000) (1024K)]
  0x000001864e473220 JavaThread "Monitor Deflation Thread"   daemon [_thread_blocked, id=3004, stack(0x0000006db1a00000,0x0000006db1b00000) (1024K)]
  0x000001864e473fa0 JavaThread "C2 CompilerThread0"         daemon [_thread_in_native, id=14616, stack(0x0000006db1b00000,0x0000006db1c00000) (1024K)]
  0x000001864e4765e0 JavaThread "C1 CompilerThread0"         daemon [_thread_blocked, id=22648, stack(0x0000006db1c00000,0x0000006db1d00000) (1024K)]
  0x000001866629d9e0 JavaThread "Common-Cleaner"             daemon [_thread_blocked, id=13544, stack(0x0000006db1d00000,0x0000006db1e00000) (1024K)]
  0x0000018666493770 JavaThread "C2 CompilerThread1"         daemon [_thread_in_native, id=24336, stack(0x0000006db1e00000,0x0000006db1f00000) (1024K)]
  0x0000018666506c90 JavaThread "Notification Thread"        daemon [_thread_blocked, id=21932, stack(0x0000006db1f00000,0x0000006db2000000) (1024K)]
=>0x00000186672e8f40 JavaThread "C2 CompilerThread2"         daemon [_thread_in_native, id=5976, stack(0x0000006db2000000,0x0000006db2100000) (1024K)]
  0x00000186675db5c0 JavaThread "Active Thread: Equinox Container: 7f053829-d108-4bc9-8a60-f627d47ff89a"        [_thread_blocked, id=10488, stack(0x0000006db2700000,0x0000006db2800000) (1024K)]
  0x000001866c111720 JavaThread "Refresh Thread: Equinox Container: 7f053829-d108-4bc9-8a60-f627d47ff89a" daemon [_thread_blocked, id=4788, stack(0x0000006db2900000,0x0000006db2a00000) (1024K)]
  0x000001866c454df0 JavaThread "Framework Event Dispatcher: Equinox Container: 7f053829-d108-4bc9-8a60-f627d47ff89a" daemon [_thread_blocked, id=14804, stack(0x0000006db2a00000,0x0000006db2b00000) (1024K)]
  0x000001866c455480 JavaThread "Start Level: Equinox Container: 7f053829-d108-4bc9-8a60-f627d47ff89a" daemon [_thread_blocked, id=22928, stack(0x0000006db2b00000,0x0000006db2c00000) (1024K)]
  0x000001866c454760 JavaThread "Bundle File Closer"         daemon [_thread_blocked, id=23872, stack(0x0000006db2e00000,0x0000006db2f00000) (1024K)]
  0x000001866c4561a0 JavaThread "SCR Component Actor"        daemon [_thread_blocked, id=13692, stack(0x0000006db2f00000,0x0000006db3000000) (1024K)]
  0x000001866c4533b0 JavaThread "Worker-JM"                         [_thread_blocked, id=10608, stack(0x0000006db3000000,0x0000006db3100000) (1024K)]
  0x000001866c453a40 JavaThread "JNA Cleaner"                daemon [_thread_blocked, id=6820, stack(0x0000006db3100000,0x0000006db3200000) (1024K)]
  0x000001866cb395e0 JavaThread "Worker-0: Check JDK Index"         [_thread_blocked, id=4592, stack(0x0000006db3200000,0x0000006db3300000) (1024K)]
  0x000001866cb35440 JavaThread "Worker-1"                          [_thread_blocked, id=22868, stack(0x0000006db3300000,0x0000006db3400000) (1024K)]
  0x000001866cb36e80 JavaThread "Worker-2: Java indexing... "        [_thread_blocked, id=16648, stack(0x0000006db3400000,0x0000006db3500000) (1024K)]
  0x000001866cb367f0 JavaThread "Java indexing"              daemon [_thread_in_Java, id=10988, stack(0x0000006db3500000,0x0000006db3600000) (1024K)]
  0x000001866cb36160 JavaThread "Worker-3: Initialize workspace"        [_thread_in_Java, id=13172, stack(0x0000006db3600000,0x0000006db3700000) (1024K)]
  0x000001866cb388c0 JavaThread "Thread-1"                   daemon [_thread_in_native, id=23300, stack(0x0000006db3700000,0x0000006db3800000) (1024K)]
  0x000001866cb39c70 JavaThread "Thread-2"                   daemon [_thread_in_native, id=4644, stack(0x0000006db3800000,0x0000006db3900000) (1024K)]
  0x000001866cb34090 JavaThread "Thread-3"                   daemon [_thread_in_native, id=5284, stack(0x0000006db3900000,0x0000006db3a00000) (1024K)]
  0x000001866cb37510 JavaThread "Thread-4"                   daemon [_thread_in_native, id=22808, stack(0x0000006db3a00000,0x0000006db3b00000) (1024K)]
  0x000001866cb3a300 JavaThread "Thread-5"                   daemon [_thread_in_native, id=15652, stack(0x0000006db3b00000,0x0000006db3c00000) (1024K)]
  0x000001866cb33370 JavaThread "Thread-6"                   daemon [_thread_in_native, id=16156, stack(0x0000006db3c00000,0x0000006db3d00000) (1024K)]
  0x000001866cb3a990 JavaThread "Thread-7"                   daemon [_thread_in_native, id=1620, stack(0x0000006db3d00000,0x0000006db3e00000) (1024K)]
  0x000001866cb33a00 JavaThread "Thread-8"                   daemon [_thread_in_native, id=23508, stack(0x0000006db3e00000,0x0000006db3f00000) (1024K)]
  0x000001866cb38230 JavaThread "Thread-9"                   daemon [_thread_in_native, id=7980, stack(0x0000006db3f00000,0x0000006db4000000) (1024K)]
  0x000001866cb34720 JavaThread "Thread-10"                  daemon [_thread_in_native, id=2004, stack(0x0000006db4000000,0x0000006db4100000) (1024K)]
  0x000001866cb34db0 JavaThread "Thread-11"                  daemon [_thread_in_native, id=17776, stack(0x0000006db4100000,0x0000006db4200000) (1024K)]
  0x000001866ee38680 JavaThread "Thread-12"                  daemon [_thread_in_native, id=6652, stack(0x0000006db4200000,0x0000006db4300000) (1024K)]
  0x000001866ee37ff0 JavaThread "Thread-13"                  daemon [_thread_in_native, id=9212, stack(0x0000006db4300000,0x0000006db4400000) (1024K)]
  0x000001866ee34b70 JavaThread "pool-2-thread-1"                   [_thread_blocked, id=23772, stack(0x0000006db4400000,0x0000006db4500000) (1024K)]
  0x000001866ee37960 JavaThread "WorkspaceEventsHandler"            [_thread_blocked, id=16680, stack(0x0000006db4500000,0x0000006db4600000) (1024K)]
  0x000001866ee365b0 JavaThread "pool-1-thread-1"                   [_thread_blocked, id=18132, stack(0x0000006db4600000,0x0000006db4700000) (1024K)]
  0x000001866ee393a0 JavaThread "LocalFile Deleter"          daemon [_thread_blocked, id=24440, stack(0x0000006db4700000,0x0000006db4800000) (1024K)]
  0x000001866ee38d10 JavaThread "LocalFile Deleter"          daemon [_thread_blocked, id=23436, stack(0x0000006db4800000,0x0000006db4900000) (1024K)]
  0x000001866ee39a30 JavaThread "LocalFile Deleter"          daemon [_thread_blocked, id=9540, stack(0x0000006db4900000,0x0000006db4a00000) (1024K)]
  0x000001866ee35890 JavaThread "LocalFile Deleter"          daemon [_thread_blocked, id=2492, stack(0x0000006db4a00000,0x0000006db4b00000) (1024K)]
  0x000001866ee3a0c0 JavaThread "LocalFile Deleter"          daemon [_thread_blocked, id=3416, stack(0x0000006db4b00000,0x0000006db4c00000) (1024K)]
  0x000001866ee35f20 JavaThread "LocalFile Deleter"          daemon [_thread_blocked, id=10964, stack(0x0000006db4c00000,0x0000006db4d00000) (1024K)]
  0x000001866ee3a750 JavaThread "LocalFile Deleter"          daemon [_thread_blocked, id=12708, stack(0x0000006db4d00000,0x0000006db4e00000) (1024K)]
  0x000001866ee3ade0 JavaThread "LocalFile Deleter"          daemon [_thread_blocked, id=1464, stack(0x0000006db4e00000,0x0000006db4f00000) (1024K)]
  0x000001866ee372d0 JavaThread "Compiler Source File Reader" daemon [_thread_blocked, id=18884, stack(0x0000006db4f00000,0x0000006db5000000) (1024K)]
  0x000001866ee35200 JavaThread "Compiler Source File Reader" daemon [_thread_blocked, id=11668, stack(0x0000006db5000000,0x0000006db5100000) (1024K)]
  0x000001866ee33e50 JavaThread "Compiler Source File Reader" daemon [_thread_blocked, id=7852, stack(0x0000006db5100000,0x0000006db5200000) (1024K)]
  0x000001866ee3b470 JavaThread "Compiler Source File Reader" daemon [_thread_blocked, id=10092, stack(0x0000006db5200000,0x0000006db5300000) (1024K)]
  0x000001866cf0f8c0 JavaThread "Compiler Processing Task"   daemon [_thread_blocked, id=8488, stack(0x0000006db5300000,0x0000006db5400000) (1024K)]
  0x000001866cf11990 JavaThread "Compiler Class File Writer" daemon [_thread_blocked, id=15676, stack(0x0000006db5400000,0x0000006db5500000) (1024K)]
  0x000001866cf12d40 JavaThread "Compiler Class File Writer" daemon [_thread_blocked, id=17752, stack(0x0000006db5500000,0x0000006db5600000) (1024K)]
  0x000001866cf13a60 JavaThread "Compiler Class File Writer" daemon [_thread_blocked, id=15840, stack(0x0000006db5600000,0x0000006db5700000) (1024K)]
  0x000001866cf0f230 JavaThread "Compiler Class File Writer" daemon [_thread_blocked, id=5136, stack(0x0000006db5700000,0x0000006db5800000) (1024K)]
  0x000001866cf10c70 JavaThread "Compiler Source File Reader" daemon [_thread_blocked, id=11144, stack(0x0000006db5800000,0x0000006db5900000) (1024K)]
  0x000001866cf0ff50 JavaThread "Compiler Class File Writer" daemon [_thread_blocked, id=22844, stack(0x0000006db5900000,0x0000006db5a00000) (1024K)]
Total: 61

Other Threads:
  0x000001864e462c50 VMThread "VM Thread"                           [id=1892, stack(0x0000006db1400000,0x0000006db1500000) (1024K)]
  0x000001864e548850 WatcherThread "VM Periodic Task Thread"        [id=6232, stack(0x0000006db1300000,0x0000006db1400000) (1024K)]
  0x000001864e4f9100 WorkerThread "GC Thread#0"                     [id=14060, stack(0x0000006db1200000,0x0000006db1300000) (1024K)]
  0x0000018666555f80 WorkerThread "GC Thread#1"                     [id=22272, stack(0x0000006db2100000,0x0000006db2200000) (1024K)]
  0x00000186678ac800 WorkerThread "GC Thread#2"                     [id=11664, stack(0x0000006db2200000,0x0000006db2300000) (1024K)]
  0x00000186678acba0 WorkerThread "GC Thread#3"                     [id=8492, stack(0x0000006db2300000,0x0000006db2400000) (1024K)]
  0x00000186673eb070 WorkerThread "GC Thread#4"                     [id=16008, stack(0x0000006db2400000,0x0000006db2500000) (1024K)]
  0x00000186673eb820 WorkerThread "GC Thread#5"                     [id=13048, stack(0x0000006db2500000,0x0000006db2600000) (1024K)]
  0x00000186673ebbc0 WorkerThread "GC Thread#6"                     [id=12608, stack(0x0000006db2600000,0x0000006db2700000) (1024K)]
  0x000001866c175280 WorkerThread "GC Thread#7"                     [id=2868, stack(0x0000006db2800000,0x0000006db2900000) (1024K)]
  0x000001866c604de0 WorkerThread "GC Thread#8"                     [id=9184, stack(0x0000006db2c00000,0x0000006db2d00000) (1024K)]
  0x000001866c218070 WorkerThread "GC Thread#9"                     [id=7372, stack(0x0000006db2d00000,0x0000006db2e00000) (1024K)]
Total: 12

Threads with active compile tasks:
C2 CompilerThread0  3331 7909   !   4       org.eclipse.jdt.internal.core.search.indexing.BinaryIndexer::indexDocument (1172 bytes)
C2 CompilerThread1  3331 8142   !   4       java.nio.file.FileTreeWalker::next (144 bytes)
C2 CompilerThread2  3331 7958       4       org.eclipse.jdt.internal.compiler.util.JrtFileSystem$2::visitFile (10 bytes)
Total: 3

VM state: at safepoint (normal execution)

VM Mutex/Monitor currently owned by a thread:  ([mutex/lock_event])
[0x00007ffdea9f5458] Threads_lock - owner thread: 0x000001864e462c50
[0x00007ffdea9f5558] Heap_lock - owner thread: 0x000001866cb367f0

Heap address: 0x0000000080000000, size: 2048 MB, Compressed Oops mode: 32-bit

CDS archive(s) mapped at: [0x0000018600000000-0x0000018600ba0000-0x0000018600ba0000), size 12189696, SharedBaseAddress: 0x0000018600000000, ArchiveRelocationMode: 1.
Compressed class space mapped at: 0x0000018601000000-0x0000018641000000, reserved size: 1073741824
Narrow klass base: 0x0000018600000000, Narrow klass shift: 0, Narrow klass range: 0x100000000

GC Precious Log:
 CardTable entry size: 512
 CPUs: 12 total, 12 available
 Memory: 15400M
 Large Page Support: Disabled
 NUMA Support: Disabled
 Compressed Oops: Enabled (32-bit)
 Alignments: Space 512K, Generation 512K, Heap 2M
 Heap Min Capacity: 100M
 Heap Initial Capacity: 100M
 Heap Max Capacity: 2G
 Pre-touch: Disabled
 Parallel Workers: 10

Heap:
 PSYoungGen      total 6144K, used 1004K [0x00000000d5580000, 0x00000000d5c80000, 0x0000000100000000)
  eden space 5120K, 1% used [0x00000000d5580000,0x00000000d5599188,0x00000000d5a80000)
  from space 1024K, 88% used [0x00000000d5b00000,0x00000000d5be1f68,0x00000000d5c00000)
  to   space 512K, 0% used [0x00000000d5c00000,0x00000000d5c00000,0x00000000d5c80000)
 ParOldGen       total 145920K, used 145661K [0x0000000080000000, 0x0000000088e80000, 0x00000000d5580000)
  object space 145920K, 99% used [0x0000000080000000,0x0000000088e3f670,0x0000000088e80000)
 Metaspace       used 59686K, committed 61120K, reserved 1114112K
  class space    used 6507K, committed 7104K, reserved 1048576K

Card table byte_map: [0x000001864de70000,0x000001864e280000] _byte_map_base: 0x000001864da70000

Marking Bits: (ParMarkBitMap*) 0x00007ffdea9fa340
 Begin Bits: [0x0000018660970000, 0x0000018662970000)
 End Bits:   [0x0000018662970000, 0x0000018664970000)

Polling page: 0x000001864c360000

Metaspace:

Usage:
  Non-class:     51.93 MB used.
      Class:      6.36 MB used.
       Both:     58.29 MB used.

Virtual space:
  Non-class space:       64.00 MB reserved,      52.75 MB ( 82%) committed,  1 nodes.
      Class space:        1.00 GB reserved,       6.94 MB ( <1%) committed,  1 nodes.
             Both:        1.06 GB reserved,      59.69 MB (  5%) committed. 

Chunk freelists:
   Non-Class:  10.91 MB
       Class:  9.02 MB
        Both:  19.92 MB

MaxMetaspaceSize: unlimited
CompressedClassSpaceSize: 1.00 GB
Initial GC threshold: 21.00 MB
Current GC threshold: 97.31 MB
CDS: on
 - commit_granule_bytes: 65536.
 - commit_granule_words: 8192.
 - virtual_space_node_default_size: 8388608.
 - enlarge_chunks_in_place: 1.
 - use_allocation_guard: 0.


Internal statistics:

num_allocs_failed_limit: 9.
num_arena_births: 1180.
num_arena_deaths: 16.
num_vsnodes_births: 2.
num_vsnodes_deaths: 0.
num_space_committed: 955.
num_space_uncommitted: 0.
num_chunks_returned_to_freelist: 26.
num_chunks_taken_from_freelist: 4089.
num_chunk_merges: 15.
num_chunk_splits: 2446.
num_chunks_enlarged: 1277.
num_inconsistent_stats: 0.

CodeHeap 'non-profiled nmethods': size=120000Kb used=3802Kb max_used=3802Kb free=116197Kb
 bounds [0x0000018659190000, 0x0000018659550000, 0x00000186606c0000]
CodeHeap 'profiled nmethods': size=120000Kb used=15315Kb max_used=15335Kb free=104684Kb
 bounds [0x00000186516c0000, 0x00000186525e0000, 0x0000018658bf0000]
CodeHeap 'non-nmethods': size=5760Kb used=1436Kb max_used=1491Kb free=4323Kb
 bounds [0x0000018658bf0000, 0x0000018658e60000, 0x0000018659190000]
CodeCache: size=245760Kb, used=20553Kb, max_used=20628Kb, free=225204Kb
 total_blobs=8291, nmethods=7551, adapters=646, full_count=0
Compilation: enabled, stopped_count=0, restarted_count=0

Compilation events (20 events):
Event: 3.315 Thread 0x000001864e4765e0 nmethod 8322 0x0000018659372290 code [0x0000018659372420, 0x00000186593724e8]
Event: 3.315 Thread 0x000001864e4765e0 8323       1       org.eclipse.jdt.internal.core.AbstractModule::getElementType (3 bytes)
Event: 3.315 Thread 0x000001864e4765e0 nmethod 8323 0x0000018659371f10 code [0x00000186593720a0, 0x0000018659372168]
Event: 3.315 Thread 0x000001864e4765e0 8324       2       org.eclipse.jdt.internal.compiler.classfmt.ModuleInfo::readModuleAttribute (1166 bytes)
Event: 3.317 Thread 0x000001864e4765e0 nmethod 8324 0x0000018651fac610 code [0x0000018651facae0, 0x0000018651faf948]
Event: 3.317 Thread 0x000001864e4765e0 8325       3       jdk.internal.jrtfs.JrtPath::match (50 bytes)
Event: 3.318 Thread 0x000001864e4765e0 nmethod 8325 0x0000018651fac110 code [0x0000018651fac2c0, 0x0000018651fac530]
Event: 3.318 Thread 0x000001864e4765e0 8326       2       org.eclipse.jdt.internal.compiler.util.JrtFileSystem::getClassfileFromModule (93 bytes)
Event: 3.318 Thread 0x000001864e4765e0 nmethod 8326 0x0000018651fbb410 code [0x0000018651fbb680, 0x0000018651fbbd68]
Event: 3.318 Thread 0x000001864e4765e0 8327       2       org.eclipse.jdt.internal.compiler.classfmt.ModuleInfo$ModuleReferenceInfo::hashCode (8 bytes)
Event: 3.318 Thread 0x000001864e4765e0 nmethod 8327 0x0000018651fbb090 code [0x0000018651fbb240, 0x0000018651fbb360]
Event: 3.318 Thread 0x000001864e4765e0 8330       2       org.eclipse.jdt.internal.core.OverflowingLRUCache::updateTimestamp (43 bytes)
Event: 3.318 Thread 0x000001864e4765e0 nmethod 8330 0x0000018651fba990 code [0x0000018651fbab40, 0x0000018651fbacf0]
Event: 3.318 Thread 0x000001864e4765e0 8331       2       org.eclipse.jdt.internal.core.JavaProject$ModuleLookup::addTransitive (71 bytes)
Event: 3.319 Thread 0x000001864e4765e0 nmethod 8331 0x0000018651d78390 code [0x0000018651d78580, 0x0000018651d788b0]
Event: 3.319 Thread 0x000001864e4765e0 8334   !   2       jdk.internal.jrtfs.JrtPath::toUri (169 bytes)
Event: 3.319 Thread 0x000001864e4765e0 nmethod 8334 0x0000018651d77290 code [0x0000018651d77540, 0x0000018651d77db0]
Event: 3.319 Thread 0x000001864e4765e0 8332   !   2       org.eclipse.jdt.internal.core.JavaProject$ModuleLookup::getModule (102 bytes)
Event: 3.319 Thread 0x000001864e4765e0 nmethod 8332 0x0000018651d76710 code [0x0000018651d76940, 0x0000018651d76ed8]
Event: 3.319 Thread 0x000001864e4765e0 8336       2       org.eclipse.jdt.internal.core.util.HashSetOfArray::add (100 bytes)

GC Heap History (20 events):
Event: 3.235 GC heap before
{Heap before GC invocations=96 (full 3):
 PSYoungGen      total 6656K, used 6182K [0x00000000d5580000, 0x00000000d5d80000, 0x0000000100000000)
  eden space 5120K, 100% used [0x00000000d5580000,0x00000000d5a80000,0x00000000d5a80000)
  from space 1536K, 69% used [0x00000000d5c00000,0x00000000d5d09810,0x00000000d5d80000)
  to   space 1536K, 0% used [0x00000000d5a80000,0x00000000d5a80000,0x00000000d5c00000)
 ParOldGen       total 144896K, used 132836K [0x0000000080000000, 0x0000000088d80000, 0x00000000d5580000)
  object space 144896K, 91% used [0x0000000080000000,0x00000000881b91f0,0x0000000088d80000)
 Metaspace       used 58965K, committed 60416K, reserved 1114112K
  class space    used 6438K, committed 7040K, reserved 1048576K
}
Event: 3.235 GC heap after
{Heap after GC invocations=96 (full 3):
 PSYoungGen      total 6656K, used 1088K [0x00000000d5580000, 0x00000000d5d80000, 0x0000000100000000)
  eden space 5120K, 0% used [0x00000000d5580000,0x00000000d5580000,0x00000000d5a80000)
  from space 1536K, 70% used [0x00000000d5a80000,0x00000000d5b900e8,0x00000000d5c00000)
  to   space 1536K, 0% used [0x00000000d5c00000,0x00000000d5c00000,0x00000000d5d80000)
 ParOldGen       total 144896K, used 133780K [0x0000000080000000, 0x0000000088d80000, 0x00000000d5580000)
  object space 144896K, 92% used [0x0000000080000000,0x00000000882a5270,0x0000000088d80000)
 Metaspace       used 58965K, committed 60416K, reserved 1114112K
  class space    used 6438K, committed 7040K, reserved 1048576K
}
Event: 3.242 GC heap before
{Heap before GC invocations=97 (full 3):
 PSYoungGen      total 6656K, used 6208K [0x00000000d5580000, 0x00000000d5d80000, 0x0000000100000000)
  eden space 5120K, 100% used [0x00000000d5580000,0x00000000d5a80000,0x00000000d5a80000)
  from space 1536K, 70% used [0x00000000d5a80000,0x00000000d5b900e8,0x00000000d5c00000)
  to   space 1536K, 0% used [0x00000000d5c00000,0x00000000d5c00000,0x00000000d5d80000)
 ParOldGen       total 144896K, used 133780K [0x0000000080000000, 0x0000000088d80000, 0x00000000d5580000)
  object space 144896K, 92% used [0x0000000080000000,0x00000000882a5270,0x0000000088d80000)
 Metaspace       used 59068K, committed 60544K, reserved 1114112K
  class space    used 6450K, committed 7040K, reserved 1048576K
}
Event: 3.243 GC heap after
{Heap after GC invocations=97 (full 3):
 PSYoungGen      total 6656K, used 1118K [0x00000000d5580000, 0x00000000d5d80000, 0x0000000100000000)
  eden space 5120K, 0% used [0x00000000d5580000,0x00000000d5580000,0x00000000d5a80000)
  from space 1536K, 72% used [0x00000000d5c00000,0x00000000d5d17868,0x00000000d5d80000)
  to   space 1536K, 0% used [0x00000000d5a80000,0x00000000d5a80000,0x00000000d5c00000)
 ParOldGen       total 144896K, used 134724K [0x0000000080000000, 0x0000000088d80000, 0x00000000d5580000)
  object space 144896K, 92% used [0x0000000080000000,0x0000000088391280,0x0000000088d80000)
 Metaspace       used 59068K, committed 60544K, reserved 1114112K
  class space    used 6450K, committed 7040K, reserved 1048576K
}
Event: 3.251 GC heap before
{Heap before GC invocations=98 (full 3):
 PSYoungGen      total 6656K, used 6238K [0x00000000d5580000, 0x00000000d5d80000, 0x0000000100000000)
  eden space 5120K, 100% used [0x00000000d5580000,0x00000000d5a80000,0x00000000d5a80000)
  from space 1536K, 72% used [0x00000000d5c00000,0x00000000d5d17868,0x00000000d5d80000)
  to   space 1536K, 0% used [0x00000000d5a80000,0x00000000d5a80000,0x00000000d5c00000)
 ParOldGen       total 144896K, used 134724K [0x0000000080000000, 0x0000000088d80000, 0x00000000d5580000)
  object space 144896K, 92% used [0x0000000080000000,0x0000000088391280,0x0000000088d80000)
 Metaspace       used 59122K, committed 60608K, reserved 1114112K
  class space    used 6454K, committed 7040K, reserved 1048576K
}
Event: 3.252 GC heap after
{Heap after GC invocations=98 (full 3):
 PSYoungGen      total 6656K, used 1364K [0x00000000d5580000, 0x00000000d5d80000, 0x0000000100000000)
  eden space 5120K, 0% used [0x00000000d5580000,0x00000000d5580000,0x00000000d5a80000)
  from space 1536K, 88% used [0x00000000d5a80000,0x00000000d5bd5110,0x00000000d5c00000)
  to   space 1536K, 0% used [0x00000000d5c00000,0x00000000d5c00000,0x00000000d5d80000)
 ParOldGen       total 144896K, used 135707K [0x0000000080000000, 0x0000000088d80000, 0x00000000d5580000)
  object space 144896K, 93% used [0x0000000080000000,0x0000000088486fc8,0x0000000088d80000)
 Metaspace       used 59122K, committed 60608K, reserved 1114112K
  class space    used 6454K, committed 7040K, reserved 1048576K
}
Event: 3.261 GC heap before
{Heap before GC invocations=99 (full 3):
 PSYoungGen      total 6656K, used 6484K [0x00000000d5580000, 0x00000000d5d80000, 0x0000000100000000)
  eden space 5120K, 100% used [0x00000000d5580000,0x00000000d5a80000,0x00000000d5a80000)
  from space 1536K, 88% used [0x00000000d5a80000,0x00000000d5bd5110,0x00000000d5c00000)
  to   space 1536K, 0% used [0x00000000d5c00000,0x00000000d5c00000,0x00000000d5d80000)
 ParOldGen       total 144896K, used 135707K [0x0000000080000000, 0x0000000088d80000, 0x00000000d5580000)
  object space 144896K, 93% used [0x0000000080000000,0x0000000088486fc8,0x0000000088d80000)
 Metaspace       used 59164K, committed 60608K, reserved 1114112K
  class space    used 6456K, committed 7040K, reserved 1048576K
}
Event: 3.262 GC heap after
{Heap after GC invocations=99 (full 3):
 PSYoungGen      total 6656K, used 1253K [0x00000000d5580000, 0x00000000d5d80000, 0x0000000100000000)
  eden space 5120K, 0% used [0x00000000d5580000,0x00000000d5580000,0x00000000d5a80000)
  from space 1536K, 81% used [0x00000000d5c00000,0x00000000d5d39418,0x00000000d5d80000)
  to   space 1536K, 0% used [0x00000000d5a80000,0x00000000d5a80000,0x00000000d5c00000)
 ParOldGen       total 144896K, used 136698K [0x0000000080000000, 0x0000000088d80000, 0x00000000d5580000)
  object space 144896K, 94% used [0x0000000080000000,0x000000008857eb28,0x0000000088d80000)
 Metaspace       used 59164K, committed 60608K, reserved 1114112K
  class space    used 6456K, committed 7040K, reserved 1048576K
}
Event: 3.269 GC heap before
{Heap before GC invocations=100 (full 3):
 PSYoungGen      total 6656K, used 6373K [0x00000000d5580000, 0x00000000d5d80000, 0x0000000100000000)
  eden space 5120K, 100% used [0x00000000d5580000,0x00000000d5a80000,0x00000000d5a80000)
  from space 1536K, 81% used [0x00000000d5c00000,0x00000000d5d39418,0x00000000d5d80000)
  to   space 1536K, 0% used [0x00000000d5a80000,0x00000000d5a80000,0x00000000d5c00000)
 ParOldGen       total 144896K, used 136698K [0x0000000080000000, 0x0000000088d80000, 0x00000000d5580000)
  object space 144896K, 94% used [0x0000000080000000,0x000000008857eb28,0x0000000088d80000)
 Metaspace       used 59276K, committed 60736K, reserved 1114112K
  class space    used 6464K, committed 7040K, reserved 1048576K
}
Event: 3.270 GC heap after
{Heap after GC invocations=100 (full 3):
 PSYoungGen      total 6656K, used 1216K [0x00000000d5580000, 0x00000000d5d80000, 0x0000000100000000)
  eden space 5120K, 0% used [0x00000000d5580000,0x00000000d5580000,0x00000000d5a80000)
  from space 1536K, 79% used [0x00000000d5a80000,0x00000000d5bb0000,0x00000000d5c00000)
  to   space 1536K, 0% used [0x00000000d5c00000,0x00000000d5c00000,0x00000000d5d80000)
 ParOldGen       total 144896K, used 137757K [0x0000000080000000, 0x0000000088d80000, 0x00000000d5580000)
  object space 144896K, 95% used [0x0000000080000000,0x0000000088687760,0x0000000088d80000)
 Metaspace       used 59276K, committed 60736K, reserved 1114112K
  class space    used 6464K, committed 7040K, reserved 1048576K
}
Event: 3.277 GC heap before
{Heap before GC invocations=101 (full 3):
 PSYoungGen      total 6656K, used 6336K [0x00000000d5580000, 0x00000000d5d80000, 0x0000000100000000)
  eden space 5120K, 100% used [0x00000000d5580000,0x00000000d5a80000,0x00000000d5a80000)
  from space 1536K, 79% used [0x00000000d5a80000,0x00000000d5bb0000,0x00000000d5c00000)
  to   space 1536K, 0% used [0x00000000d5c00000,0x00000000d5c00000,0x00000000d5d80000)
 ParOldGen       total 144896K, used 137757K [0x0000000080000000, 0x0000000088d80000, 0x00000000d5580000)
  object space 144896K, 95% used [0x0000000080000000,0x0000000088687760,0x0000000088d80000)
 Metaspace       used 59377K, committed 60864K, reserved 1114112K
  class space    used 6471K, committed 7104K, reserved 1048576K
}
Event: 3.278 GC heap after
{Heap after GC invocations=101 (full 3):
 PSYoungGen      total 6656K, used 1239K [0x00000000d5580000, 0x00000000d5d80000, 0x0000000100000000)
  eden space 5120K, 0% used [0x00000000d5580000,0x00000000d5580000,0x00000000d5a80000)
  from space 1536K, 80% used [0x00000000d5c00000,0x00000000d5d35d08,0x00000000d5d80000)
  to   space 1536K, 0% used [0x00000000d5a80000,0x00000000d5a80000,0x00000000d5c00000)
 ParOldGen       total 144896K, used 138728K [0x0000000080000000, 0x0000000088d80000, 0x00000000d5580000)
  object space 144896K, 95% used [0x0000000080000000,0x000000008877a200,0x0000000088d80000)
 Metaspace       used 59377K, committed 60864K, reserved 1114112K
  class space    used 6471K, committed 7104K, reserved 1048576K
}
Event: 3.286 GC heap before
{Heap before GC invocations=102 (full 3):
 PSYoungGen      total 6656K, used 6357K [0x00000000d5580000, 0x00000000d5d80000, 0x0000000100000000)
  eden space 5120K, 99% used [0x00000000d5580000,0x00000000d5a7f878,0x00000000d5a80000)
  from space 1536K, 80% used [0x00000000d5c00000,0x00000000d5d35d08,0x00000000d5d80000)
  to   space 1536K, 0% used [0x00000000d5a80000,0x00000000d5a80000,0x00000000d5c00000)
 ParOldGen       total 144896K, used 138728K [0x0000000080000000, 0x0000000088d80000, 0x00000000d5580000)
  object space 144896K, 95% used [0x0000000080000000,0x000000008877a200,0x0000000088d80000)
 Metaspace       used 59527K, committed 61056K, reserved 1114112K
  class space    used 6483K, committed 7104K, reserved 1048576K
}
Event: 3.287 GC heap after
{Heap after GC invocations=102 (full 3):
 PSYoungGen      total 6656K, used 1350K [0x00000000d5580000, 0x00000000d5d80000, 0x0000000100000000)
  eden space 5120K, 0% used [0x00000000d5580000,0x00000000d5580000,0x00000000d5a80000)
  from space 1536K, 87% used [0x00000000d5a80000,0x00000000d5bd18c0,0x00000000d5c00000)
  to   space 1536K, 0% used [0x00000000d5c00000,0x00000000d5c00000,0x00000000d5d80000)
 ParOldGen       total 144896K, used 139727K [0x0000000080000000, 0x0000000088d80000, 0x00000000d5580000)
  object space 144896K, 96% used [0x0000000080000000,0x0000000088873d18,0x0000000088d80000)
 Metaspace       used 59527K, committed 61056K, reserved 1114112K
  class space    used 6483K, committed 7104K, reserved 1048576K
}
Event: 3.296 GC heap before
{Heap before GC invocations=103 (full 3):
 PSYoungGen      total 6656K, used 6470K [0x00000000d5580000, 0x00000000d5d80000, 0x0000000100000000)
  eden space 5120K, 100% used [0x00000000d5580000,0x00000000d5a80000,0x00000000d5a80000)
  from space 1536K, 87% used [0x00000000d5a80000,0x00000000d5bd18c0,0x00000000d5c00000)
  to   space 1536K, 0% used [0x00000000d5c00000,0x00000000d5c00000,0x00000000d5d80000)
 ParOldGen       total 144896K, used 139727K [0x0000000080000000, 0x0000000088d80000, 0x00000000d5580000)
  object space 144896K, 96% used [0x0000000080000000,0x0000000088873d18,0x0000000088d80000)
 Metaspace       used 59596K, committed 61056K, reserved 1114112K
  class space    used 6497K, committed 7104K, reserved 1048576K
}
Event: 3.297 GC heap after
{Heap after GC invocations=103 (full 3):
 PSYoungGen      total 6656K, used 1172K [0x00000000d5580000, 0x00000000d5d80000, 0x0000000100000000)
  eden space 5120K, 0% used [0x00000000d5580000,0x00000000d5580000,0x00000000d5a80000)
  from space 1536K, 76% used [0x00000000d5c00000,0x00000000d5d251f0,0x00000000d5d80000)
  to   space 1536K, 0% used [0x00000000d5a80000,0x00000000d5a80000,0x00000000d5c00000)
 ParOldGen       total 144896K, used 140844K [0x0000000080000000, 0x0000000088d80000, 0x00000000d5580000)
  object space 144896K, 97% used [0x0000000080000000,0x000000008898b060,0x0000000088d80000)
 Metaspace       used 59596K, committed 61056K, reserved 1114112K
  class space    used 6497K, committed 7104K, reserved 1048576K
}
Event: 3.305 GC heap before
{Heap before GC invocations=104 (full 3):
 PSYoungGen      total 6656K, used 6292K [0x00000000d5580000, 0x00000000d5d80000, 0x0000000100000000)
  eden space 5120K, 100% used [0x00000000d5580000,0x00000000d5a80000,0x00000000d5a80000)
  from space 1536K, 76% used [0x00000000d5c00000,0x00000000d5d251f0,0x00000000d5d80000)
  to   space 1536K, 0% used [0x00000000d5a80000,0x00000000d5a80000,0x00000000d5c00000)
 ParOldGen       total 144896K, used 140844K [0x0000000080000000, 0x0000000088d80000, 0x00000000d5580000)
  object space 144896K, 97% used [0x0000000080000000,0x000000008898b060,0x0000000088d80000)
 Metaspace       used 59646K, committed 61120K, reserved 1114112K
  class space    used 6504K, committed 7104K, reserved 1048576K
}
Event: 3.306 GC heap after
{Heap after GC invocations=104 (full 3):
 PSYoungGen      total 6656K, used 1129K [0x00000000d5580000, 0x00000000d5d80000, 0x0000000100000000)
  eden space 5120K, 0% used [0x00000000d5580000,0x00000000d5580000,0x00000000d5a80000)
  from space 1536K, 73% used [0x00000000d5a80000,0x00000000d5b9a7d8,0x00000000d5c00000)
  to   space 1536K, 0% used [0x00000000d5c00000,0x00000000d5c00000,0x00000000d5d80000)
 ParOldGen       total 144896K, used 141871K [0x0000000080000000, 0x0000000088d80000, 0x00000000d5580000)
  object space 144896K, 97% used [0x0000000080000000,0x0000000088a8bcd0,0x0000000088d80000)
 Metaspace       used 59646K, committed 61120K, reserved 1114112K
  class space    used 6504K, committed 7104K, reserved 1048576K
}
Event: 3.313 GC heap before
{Heap before GC invocations=105 (full 3):
 PSYoungGen      total 6656K, used 6249K [0x00000000d5580000, 0x00000000d5d80000, 0x0000000100000000)
  eden space 5120K, 100% used [0x00000000d5580000,0x00000000d5a80000,0x00000000d5a80000)
  from space 1536K, 73% used [0x00000000d5a80000,0x00000000d5b9a7d8,0x00000000d5c00000)
  to   space 1536K, 0% used [0x00000000d5c00000,0x00000000d5c00000,0x00000000d5d80000)
 ParOldGen       total 144896K, used 141871K [0x0000000080000000, 0x0000000088d80000, 0x00000000d5580000)
  object space 144896K, 97% used [0x0000000080000000,0x0000000088a8bcd0,0x0000000088d80000)
 Metaspace       used 59653K, committed 61120K, reserved 1114112K
  class space    used 6505K, committed 7104K, reserved 1048576K
}
Event: 3.314 GC heap after
{Heap after GC invocations=105 (full 3):
 PSYoungGen      total 6656K, used 1143K [0x00000000d5580000, 0x00000000d5d80000, 0x0000000100000000)
  eden space 5120K, 0% used [0x00000000d5580000,0x00000000d5580000,0x00000000d5a80000)
  from space 1536K, 74% used [0x00000000d5c00000,0x00000000d5d1dcf8,0x00000000d5d80000)
  to   space 1536K, 0% used [0x00000000d5a80000,0x00000000d5a80000,0x00000000d5c00000)
 ParOldGen       total 144896K, used 142817K [0x0000000080000000, 0x0000000088d80000, 0x00000000d5580000)
  object space 144896K, 98% used [0x0000000080000000,0x0000000088b78638,0x0000000088d80000)
 Metaspace       used 59653K, committed 61120K, reserved 1114112K
  class space    used 6505K, committed 7104K, reserved 1048576K
}

Dll operation events (10 events):
Event: 0.007 Loaded shared library c:\Users\12345\.vscode\extensions\redhat.java-1.46.0-win32-x64\jre\21.0.8-win32-x86_64\bin\java.dll
Event: 0.049 Loaded shared library c:\Users\12345\.vscode\extensions\redhat.java-1.46.0-win32-x64\jre\21.0.8-win32-x86_64\bin\zip.dll
Event: 0.062 Loaded shared library C:\Users\12345\.vscode\extensions\redhat.java-1.46.0-win32-x64\jre\21.0.8-win32-x86_64\bin\instrument.dll
Event: 0.065 Loaded shared library C:\Users\12345\.vscode\extensions\redhat.java-1.46.0-win32-x64\jre\21.0.8-win32-x86_64\bin\net.dll
Event: 0.066 Loaded shared library C:\Users\12345\.vscode\extensions\redhat.java-1.46.0-win32-x64\jre\21.0.8-win32-x86_64\bin\nio.dll
Event: 0.068 Loaded shared library C:\Users\12345\.vscode\extensions\redhat.java-1.46.0-win32-x64\jre\21.0.8-win32-x86_64\bin\zip.dll
Event: 0.078 Loaded shared library C:\Users\12345\.vscode\extensions\redhat.java-1.46.0-win32-x64\jre\21.0.8-win32-x86_64\bin\jimage.dll
Event: 0.117 Loaded shared library c:\Users\12345\.vscode\extensions\redhat.java-1.46.0-win32-x64\jre\21.0.8-win32-x86_64\bin\verify.dll
Event: 0.636 Loaded shared library C:\Users\12345\AppData\Roaming\Code\User\globalStorage\redhat.java\1.46.0\config_win\org.eclipse.equinox.launcher\org.eclipse.equinox.launcher.win32.win32.x86_64_1.2.1400.v20250801-0854\eclipse_11916.dll
Event: 1.201 Loaded shared library C:\Users\12345\AppData\Local\Temp\jna-46792755\jna4844880557175641168.dll

Deoptimization events (20 events):
Event: 3.271 Thread 0x000001866cb36160 Uncommon trap: trap_request=0xffffffde fr.pc=0x00000186593f63f4 relative=0x0000000000000594
Event: 3.271 Thread 0x000001866cb36160 Uncommon trap: reason=class_check action=maybe_recompile pc=0x00000186593f63f4 method=java.util.Spliterators$1Adapter.hasNext()Z @ 12 c2
Event: 3.271 Thread 0x000001866cb36160 DEOPT PACKING pc=0x00000186593f63f4 sp=0x0000006db36fed10
Event: 3.271 Thread 0x000001866cb36160 DEOPT UNPACKING pc=0x0000018658c46da2 sp=0x0000006db36fecc8 mode 2
Event: 3.272 Thread 0x000001866cb367f0 DEOPT PACKING pc=0x0000018652563a8b sp=0x0000006db35fec40
Event: 3.272 Thread 0x000001866cb367f0 DEOPT UNPACKING pc=0x0000018658c478e2 sp=0x0000006db35fe128 mode 0
Event: 3.280 Thread 0x000001866cb367f0 DEOPT PACKING pc=0x0000018652563a8b sp=0x0000006db35fec40
Event: 3.280 Thread 0x000001866cb367f0 DEOPT UNPACKING pc=0x0000018658c478e2 sp=0x0000006db35fe128 mode 0
Event: 3.290 Thread 0x000001866cb367f0 DEOPT PACKING pc=0x0000018652563a8b sp=0x0000006db35fec40
Event: 3.290 Thread 0x000001866cb367f0 DEOPT UNPACKING pc=0x0000018658c478e2 sp=0x0000006db35fe128 mode 0
Event: 3.298 Thread 0x000001866cb367f0 DEOPT PACKING pc=0x0000018652563a8b sp=0x0000006db35fec40
Event: 3.298 Thread 0x000001866cb367f0 DEOPT UNPACKING pc=0x0000018658c478e2 sp=0x0000006db35fe128 mode 0
Event: 3.309 Thread 0x000001866cb367f0 DEOPT PACKING pc=0x0000018652563a8b sp=0x0000006db35fec40
Event: 3.309 Thread 0x000001866cb367f0 DEOPT UNPACKING pc=0x0000018658c478e2 sp=0x0000006db35fe128 mode 0
Event: 3.311 Thread 0x000001866cb36160 DEOPT PACKING pc=0x0000018651b4f39f sp=0x0000006db36fe660
Event: 3.311 Thread 0x000001866cb36160 DEOPT UNPACKING pc=0x0000018658c478e2 sp=0x0000006db36fdb38 mode 0
Event: 3.315 Thread 0x000001866cb367f0 DEOPT PACKING pc=0x0000018652563a8b sp=0x0000006db35fec40
Event: 3.315 Thread 0x000001866cb367f0 DEOPT UNPACKING pc=0x0000018658c478e2 sp=0x0000006db35fe128 mode 0
Event: 3.317 Thread 0x000001866cb367f0 DEOPT PACKING pc=0x0000018652563a8b sp=0x0000006db35fec40
Event: 3.317 Thread 0x000001866cb367f0 DEOPT UNPACKING pc=0x0000018658c478e2 sp=0x0000006db35fe128 mode 0

Classes loaded (20 events):
Event: 3.187 Loading class java/util/concurrent/CompletionException
Event: 3.187 Loading class java/util/concurrent/CompletionException done
Event: 3.189 Loading class java/nio/file/FileTreeWalker$1
Event: 3.189 Loading class java/nio/file/FileTreeWalker$1 done
Event: 3.189 Loading class sun/nio/fs/Globs
Event: 3.189 Loading class sun/nio/fs/Globs done
Event: 3.189 Loading class java/util/regex/Pattern$SliceU
Event: 3.189 Loading class java/util/regex/Pattern$SliceU done
Event: 3.189 Loading class sun/nio/fs/WindowsFileSystem$2
Event: 3.190 Loading class java/nio/file/PathMatcher
Event: 3.190 Loading class java/nio/file/PathMatcher done
Event: 3.190 Loading class sun/nio/fs/WindowsFileSystem$2 done
Event: 3.214 Loading class java/util/Collections$SynchronizedRandomAccessList
Event: 3.214 Loading class java/util/Collections$SynchronizedList
Event: 3.215 Loading class java/util/Collections$SynchronizedList done
Event: 3.215 Loading class java/util/Collections$SynchronizedRandomAccessList done
Event: 3.242 Loading class java/util/concurrent/CompletableFuture$Signaller
Event: 3.242 Loading class java/util/concurrent/CompletableFuture$Signaller done
Event: 3.274 Loading class java/util/Hashtable$KeySet
Event: 3.274 Loading class java/util/Hashtable$KeySet done

Classes unloaded (8 events):
Event: 1.442 Thread 0x000001864e462c50 Unloading class 0x00000186011aec00 'java/lang/invoke/LambdaForm$MH+0x00000186011aec00'
Event: 1.442 Thread 0x000001864e462c50 Unloading class 0x00000186011ae800 'java/lang/invoke/LambdaForm$MH+0x00000186011ae800'
Event: 1.442 Thread 0x000001864e462c50 Unloading class 0x00000186011ae400 'java/lang/invoke/LambdaForm$MH+0x00000186011ae400'
Event: 1.442 Thread 0x000001864e462c50 Unloading class 0x00000186011ae000 'java/lang/invoke/LambdaForm$MH+0x00000186011ae000'
Event: 1.442 Thread 0x000001864e462c50 Unloading class 0x00000186011adc00 'java/lang/invoke/LambdaForm$BMH+0x00000186011adc00'
Event: 1.442 Thread 0x000001864e462c50 Unloading class 0x00000186011ad800 'java/lang/invoke/LambdaForm$DMH+0x00000186011ad800'
Event: 1.442 Thread 0x000001864e462c50 Unloading class 0x00000186011ac400 'java/lang/invoke/LambdaForm$DMH+0x00000186011ac400'
Event: 3.129 Thread 0x000001864e462c50 Unloading class 0x0000018601699400 'java/lang/invoke/LambdaForm$DMH+0x0000018601699400'

Classes redefined (0 events):
No events

Internal exceptions (20 events):
Event: 3.226 Thread 0x000001866ee365b0 Exception <a 'sun/nio/fs/WindowsException'{0x00000000d5826328}> (0x00000000d5826328) 
thrown [s\src\hotspot\share\prims\jni.cpp, line 520]
Event: 3.226 Thread 0x000001866ee365b0 Exception <a 'sun/nio/fs/WindowsException'{0x00000000d584d530}> (0x00000000d584d530) 
thrown [s\src\hotspot\share\prims\jni.cpp, line 520]
Event: 3.226 Thread 0x000001866ee365b0 Exception <a 'sun/nio/fs/WindowsException'{0x00000000d584e0a8}> (0x00000000d584e0a8) 
thrown [s\src\hotspot\share\prims\jni.cpp, line 520]
Event: 3.226 Thread 0x000001866ee365b0 Exception <a 'sun/nio/fs/WindowsException'{0x00000000d5868058}> (0x00000000d5868058) 
thrown [s\src\hotspot\share\prims\jni.cpp, line 520]
Event: 3.226 Thread 0x000001866ee365b0 Exception <a 'sun/nio/fs/WindowsException'{0x00000000d58800a0}> (0x00000000d58800a0) 
thrown [s\src\hotspot\share\prims\jni.cpp, line 520]
Event: 3.226 Thread 0x000001866ee365b0 Exception <a 'sun/nio/fs/WindowsException'{0x00000000d589de48}> (0x00000000d589de48) 
thrown [s\src\hotspot\share\prims\jni.cpp, line 520]
Event: 3.226 Thread 0x000001866ee365b0 Exception <a 'sun/nio/fs/WindowsException'{0x00000000d589e938}> (0x00000000d589e938) 
thrown [s\src\hotspot\share\prims\jni.cpp, line 520]
Event: 3.227 Thread 0x000001866ee365b0 Exception <a 'sun/nio/fs/WindowsException'{0x00000000d58b8678}> (0x00000000d58b8678) 
thrown [s\src\hotspot\share\prims\jni.cpp, line 520]
Event: 3.227 Thread 0x000001866ee365b0 Exception <a 'sun/nio/fs/WindowsException'{0x00000000d58b91a8}> (0x00000000d58b91a8) 
thrown [s\src\hotspot\share\prims\jni.cpp, line 520]
Event: 3.273 Thread 0x000001866ee365b0 Exception <a 'java/lang/IncompatibleClassChangeError'{0x00000000d57cbe28}: Found class java.lang.Object, but interface was expected> (0x00000000d57cbe28) 
thrown [s\src\hotspot\share\interpreter\linkResolver.cpp, line 840]
Event: 3.283 Thread 0x000001866cb36160 Exception <a 'sun/nio/fs/WindowsException'{0x00000000d5927dd0}> (0x00000000d5927dd0) 
thrown [s\src\hotspot\share\prims\jni.cpp, line 520]
Event: 3.283 Thread 0x000001866cb36160 Exception <a 'sun/nio/fs/WindowsException'{0x00000000d5928678}> (0x00000000d5928678) 
thrown [s\src\hotspot\share\prims\jni.cpp, line 520]
Event: 3.284 Thread 0x000001866cb36160 Exception <a 'sun/nio/fs/WindowsException'{0x00000000d5929b70}> (0x00000000d5929b70) 
thrown [s\src\hotspot\share\prims\jni.cpp, line 520]
Event: 3.284 Thread 0x000001866cb36160 Exception <a 'sun/nio/fs/WindowsException'{0x00000000d592a418}> (0x00000000d592a418) 
thrown [s\src\hotspot\share\prims\jni.cpp, line 520]
Event: 3.285 Thread 0x000001866cb36160 Exception <a 'java/io/FileNotFoundException'{0x00000000d596e380}> (0x00000000d596e380) 
thrown [s\src\hotspot\share\prims\jni.cpp, line 520]
Event: 3.285 Thread 0x000001866cb36160 Exception <a 'java/io/FileNotFoundException'{0x00000000d59cbb18}> (0x00000000d59cbb18) 
thrown [s\src\hotspot\share\prims\jni.cpp, line 520]
Event: 3.290 Thread 0x000001866cb36160 Exception <a 'sun/nio/fs/WindowsException'{0x00000000d56da8c0}> (0x00000000d56da8c0) 
thrown [s\src\hotspot\share\prims\jni.cpp, line 520]
Event: 3.290 Thread 0x000001866cb36160 Exception <a 'sun/nio/fs/WindowsException'{0x00000000d56db168}> (0x00000000d56db168) 
thrown [s\src\hotspot\share\prims\jni.cpp, line 520]
Event: 3.297 Thread 0x000001866cb36160 Exception <a 'sun/nio/fs/WindowsException'{0x00000000d5596908}> (0x00000000d5596908) 
thrown [s\src\hotspot\share\prims\jni.cpp, line 520]
Event: 3.297 Thread 0x000001866cb36160 Exception <a 'sun/nio/fs/WindowsException'{0x00000000d5597460}> (0x00000000d5597460) 
thrown [s\src\hotspot\share\prims\jni.cpp, line 520]

ZGC Phase Switch (0 events):
No events

VM Operations (20 events):
Event: 3.235 Executing VM operation: ParallelGCFailedAllocation (Allocation Failure)
Event: 3.235 Executing VM operation: ParallelGCFailedAllocation (Allocation Failure) done
Event: 3.242 Executing VM operation: ParallelGCFailedAllocation (Allocation Failure)
Event: 3.243 Executing VM operation: ParallelGCFailedAllocation (Allocation Failure) done
Event: 3.251 Executing VM operation: ParallelGCFailedAllocation (Allocation Failure)
Event: 3.252 Executing VM operation: ParallelGCFailedAllocation (Allocation Failure) done
Event: 3.261 Executing VM operation: ParallelGCFailedAllocation (Allocation Failure)
Event: 3.262 Executing VM operation: ParallelGCFailedAllocation (Allocation Failure) done
Event: 3.269 Executing VM operation: ParallelGCFailedAllocation (Allocation Failure)
Event: 3.270 Executing VM operation: ParallelGCFailedAllocation (Allocation Failure) done
Event: 3.277 Executing VM operation: ParallelGCFailedAllocation (Allocation Failure)
Event: 3.278 Executing VM operation: ParallelGCFailedAllocation (Allocation Failure) done
Event: 3.286 Executing VM operation: ParallelGCFailedAllocation (Allocation Failure)
Event: 3.287 Executing VM operation: ParallelGCFailedAllocation (Allocation Failure) done
Event: 3.296 Executing VM operation: ParallelGCFailedAllocation (Allocation Failure)
Event: 3.297 Executing VM operation: ParallelGCFailedAllocation (Allocation Failure) done
Event: 3.305 Executing VM operation: ParallelGCFailedAllocation (Allocation Failure)
Event: 3.306 Executing VM operation: ParallelGCFailedAllocation (Allocation Failure) done
Event: 3.313 Executing VM operation: ParallelGCFailedAllocation (Allocation Failure)
Event: 3.314 Executing VM operation: ParallelGCFailedAllocation (Allocation Failure) done

Memory protections (0 events):
No events

Nmethod flushes (20 events):
Event: 3.139 Thread 0x000001864e462c50 flushing  nmethod 0x0000018651e60390
Event: 3.139 Thread 0x000001864e462c50 flushing  nmethod 0x0000018651e61090
Event: 3.139 Thread 0x000001864e462c50 flushing  nmethod 0x0000018651e80b90
Event: 3.139 Thread 0x000001864e462c50 flushing osr nmethod 0x0000018651ebe810
Event: 3.139 Thread 0x000001864e462c50 flushing  nmethod 0x0000018651ee9310
Event: 3.139 Thread 0x000001864e462c50 flushing  nmethod 0x0000018651ee9c90
Event: 3.139 Thread 0x000001864e462c50 flushing  nmethod 0x0000018651eeaa90
Event: 3.139 Thread 0x000001864e462c50 flushing  nmethod 0x0000018651ef0690
Event: 3.139 Thread 0x000001864e462c50 flushing  nmethod 0x0000018651ef0a10
Event: 3.139 Thread 0x000001864e462c50 flushing  nmethod 0x0000018651efcc90
Event: 3.139 Thread 0x000001864e462c50 flushing  nmethod 0x0000018651f50510
Event: 3.139 Thread 0x000001864e462c50 flushing  nmethod 0x0000018651f51c90
Event: 3.139 Thread 0x000001864e462c50 flushing  nmethod 0x0000018651f52290
Event: 3.139 Thread 0x000001864e462c50 flushing  nmethod 0x0000018651f52f90
Event: 3.139 Thread 0x000001864e462c50 flushing  nmethod 0x0000018651f5a710
Event: 3.139 Thread 0x000001864e462c50 flushing  nmethod 0x0000018651fabe10
Event: 3.139 Thread 0x000001864e462c50 flushing  nmethod 0x0000018651fad910
Event: 3.139 Thread 0x000001864e462c50 flushing  nmethod 0x0000018651faf210
Event: 3.139 Thread 0x000001864e462c50 flushing  nmethod 0x0000018651fb4310
Event: 3.139 Thread 0x000001864e462c50 flushing  nmethod 0x0000018651fba990

Events (20 events):
Event: 2.864 Thread 0x000001866cb36160 Thread added: 0x000001866cf15b30
Event: 2.864 Thread 0x000001866cb36160 Thread added: 0x000001866cf105e0
Event: 2.890 Thread 0x000001866cb36160 Thread added: 0x000001866cf0eba0
Event: 2.890 Thread 0x000001866cb36160 Thread added: 0x000001866cf126b0
Event: 2.890 Thread 0x000001866cb36160 Thread added: 0x000001866cf11300
Event: 2.899 Thread 0x000001866cf15b30 Thread exited: 0x000001866cf15b30
Event: 2.899 Thread 0x000001866cf11300 Thread exited: 0x000001866cf11300
Event: 2.899 Thread 0x000001866cf0eba0 Thread exited: 0x000001866cf0eba0
Event: 2.899 Thread 0x000001866cf105e0 Thread exited: 0x000001866cf105e0
Event: 2.899 Thread 0x000001866cf126b0 Thread exited: 0x000001866cf126b0
Event: 2.997 Thread 0x000001866cb36160 Thread added: 0x000001866cf15b30
Event: 2.998 Thread 0x000001866cb36160 Thread added: 0x000001866cf105e0
Event: 2.998 Thread 0x000001866cb36160 Thread added: 0x000001866cf0eba0
Event: 2.998 Thread 0x000001866cb36160 Thread added: 0x000001866cf126b0
Event: 2.998 Thread 0x000001866cb36160 Thread added: 0x000001866cf12020
Event: 3.015 Thread 0x000001866cf15b30 Thread exited: 0x000001866cf15b30
Event: 3.015 Thread 0x000001866cf105e0 Thread exited: 0x000001866cf105e0
Event: 3.015 Thread 0x000001866cf126b0 Thread exited: 0x000001866cf126b0
Event: 3.015 Thread 0x000001866cf12020 Thread exited: 0x000001866cf12020
Event: 3.015 Thread 0x000001866cf0eba0 Thread exited: 0x000001866cf0eba0


Dynamic libraries:
0x00007ff6881c0000 - 0x00007ff6881ce000 	c:\Users\12345\.vscode\extensions\redhat.java-1.46.0-win32-x64\jre\21.0.8-win32-x86_64\bin\java.exe
0x00007ffe7ddb0000 - 0x00007ffe7dfc7000 	C:\WINDOWS\SYSTEM32\ntdll.dll
0x00007ffe7c4e0000 - 0x00007ffe7c5a4000 	C:\WINDOWS\System32\KERNEL32.DLL
0x00007ffe7b320000 - 0x00007ffe7b6f2000 	C:\WINDOWS\System32\KERNELBASE.dll
0x00007ffe75270000 - 0x00007ffe75307000 	C:\WINDOWS\SYSTEM32\apphelp.dll
0x00007ffe7b140000 - 0x00007ffe7b251000 	C:\WINDOWS\System32\ucrtbase.dll
0x00007ffe55bc0000 - 0x00007ffe55bd8000 	c:\Users\12345\.vscode\extensions\redhat.java-1.46.0-win32-x64\jre\21.0.8-win32-x86_64\bin\jli.dll
0x00007ffe55c00000 - 0x00007ffe55c1e000 	c:\Users\12345\.vscode\extensions\redhat.java-1.46.0-win32-x64\jre\21.0.8-win32-x86_64\bin\VCRUNTIME140.dll
0x00007ffe7da50000 - 0x00007ffe7dc01000 	C:\WINDOWS\System32\USER32.dll
0x00007ffe69470000 - 0x00007ffe6970b000 	C:\WINDOWS\WinSxS\amd64_microsoft.windows.common-controls_6595b64144ccf1df_6.0.22621.5697_none_27154c497380d676\COMCTL32.dll
0x00007ffe7ba10000 - 0x00007ffe7ba36000 	C:\WINDOWS\System32\win32u.dll
0x00007ffe7d720000 - 0x00007ffe7d7c7000 	C:\WINDOWS\System32\msvcrt.dll
0x00007ffe7ba40000 - 0x00007ffe7ba69000 	C:\WINDOWS\System32\GDI32.dll
0x00007ffe7b010000 - 0x00007ffe7b133000 	C:\WINDOWS\System32\gdi32full.dll
0x00007ffe7b830000 - 0x00007ffe7b8ca000 	C:\WINDOWS\System32\msvcp_win.dll
0x00007ffe7dc10000 - 0x00007ffe7dc41000 	C:\WINDOWS\System32\IMM32.DLL
0x00007ffe74ef0000 - 0x00007ffe74efc000 	c:\Users\12345\.vscode\extensions\redhat.java-1.46.0-win32-x64\jre\21.0.8-win32-x86_64\bin\vcruntime140_1.dll
0x00007ffe648f0000 - 0x00007ffe6497d000 	c:\Users\12345\.vscode\extensions\redhat.java-1.46.0-win32-x64\jre\21.0.8-win32-x86_64\bin\msvcp140.dll
0x00007ffde9d40000 - 0x00007ffdeaad7000 	c:\Users\12345\.vscode\extensions\redhat.java-1.46.0-win32-x64\jre\21.0.8-win32-x86_64\bin\server\jvm.dll
0x00007ffe7c670000 - 0x00007ffe7c721000 	C:\WINDOWS\System32\ADVAPI32.dll
0x00007ffe7c5c0000 - 0x00007ffe7c668000 	C:\WINDOWS\System32\sechost.dll
0x00007ffe7b800000 - 0x00007ffe7b828000 	C:\WINDOWS\System32\bcrypt.dll
0x00007ffe7dc50000 - 0x00007ffe7dd67000 	C:\WINDOWS\System32\RPCRT4.dll
0x00007ffe7c130000 - 0x00007ffe7c1a1000 	C:\WINDOWS\System32\WS2_32.dll
0x00007ffe70ef0000 - 0x00007ffe70f24000 	C:\WINDOWS\SYSTEM32\WINMM.dll
0x00007ffe73a30000 - 0x00007ffe73a3a000 	C:\WINDOWS\SYSTEM32\VERSION.dll
0x00007ffe79c90000 - 0x00007ffe79cdd000 	C:\WINDOWS\SYSTEM32\POWRPROF.dll
0x00007ffe79c70000 - 0x00007ffe79c83000 	C:\WINDOWS\SYSTEM32\UMPDC.dll
0x00007ffe79f30000 - 0x00007ffe79f48000 	C:\WINDOWS\SYSTEM32\kernel.appcore.dll
0x00007ffe72f30000 - 0x00007ffe72f3a000 	c:\Users\12345\.vscode\extensions\redhat.java-1.46.0-win32-x64\jre\21.0.8-win32-x86_64\bin\jimage.dll
0x00007ffe78300000 - 0x00007ffe78533000 	C:\WINDOWS\SYSTEM32\DBGHELP.DLL
0x00007ffe7c890000 - 0x00007ffe7cc22000 	C:\WINDOWS\System32\combase.dll
0x00007ffe7d7d0000 - 0x00007ffe7d8a8000 	C:\WINDOWS\System32\OLEAUT32.dll
0x00007ffe641e0000 - 0x00007ffe64212000 	C:\WINDOWS\SYSTEM32\dbgcore.DLL
0x00007ffe7b780000 - 0x00007ffe7b7fb000 	C:\WINDOWS\System32\bcryptPrimitives.dll
0x00007ffe6a9e0000 - 0x00007ffe6a9ef000 	c:\Users\12345\.vscode\extensions\redhat.java-1.46.0-win32-x64\jre\21.0.8-win32-x86_64\bin\instrument.dll
0x00007ffe6a950000 - 0x00007ffe6a96f000 	c:\Users\12345\.vscode\extensions\redhat.java-1.46.0-win32-x64\jre\21.0.8-win32-x86_64\bin\java.dll
0x00007ffe7ce00000 - 0x00007ffe7d6a1000 	C:\WINDOWS\System32\SHELL32.dll
0x00007ffe7b8d0000 - 0x00007ffe7ba0f000 	C:\WINDOWS\System32\wintypes.dll
0x00007ffe78d40000 - 0x00007ffe7965a000 	C:\WINDOWS\SYSTEM32\windows.storage.dll
0x00007ffe7ba70000 - 0x00007ffe7bb7b000 	C:\WINDOWS\System32\SHCORE.dll
0x00007ffe7c0b0000 - 0x00007ffe7c119000 	C:\WINDOWS\System32\shlwapi.dll
0x00007ffe7add0000 - 0x00007ffe7adfb000 	C:\WINDOWS\SYSTEM32\profapi.dll
0x00007ffe55000000 - 0x00007ffe55018000 	c:\Users\12345\.vscode\extensions\redhat.java-1.46.0-win32-x64\jre\21.0.8-win32-x86_64\bin\zip.dll
0x00007ffe6a8d0000 - 0x00007ffe6a8e0000 	C:\Users\12345\.vscode\extensions\redhat.java-1.46.0-win32-x64\jre\21.0.8-win32-x86_64\bin\net.dll
0x00007ffe75f30000 - 0x00007ffe7605c000 	C:\WINDOWS\SYSTEM32\WINHTTP.dll
0x00007ffe7a3f0000 - 0x00007ffe7a459000 	C:\WINDOWS\system32\mswsock.dll
0x00007ffe54fe0000 - 0x00007ffe54ff6000 	C:\Users\12345\.vscode\extensions\redhat.java-1.46.0-win32-x64\jre\21.0.8-win32-x86_64\bin\nio.dll
0x00007ffe6a4e0000 - 0x00007ffe6a4f0000 	c:\Users\12345\.vscode\extensions\redhat.java-1.46.0-win32-x64\jre\21.0.8-win32-x86_64\bin\verify.dll
0x00007ffe54ce0000 - 0x00007ffe54d24000 	C:\Users\12345\AppData\Roaming\Code\User\globalStorage\redhat.java\1.46.0\config_win\org.eclipse.equinox.launcher\org.eclipse.equinox.launcher.win32.win32.x86_64_1.2.1400.v20250801-0854\eclipse_11916.dll
0x00007ffe7d8b0000 - 0x00007ffe7da50000 	C:\WINDOWS\System32\ole32.dll
0x00007ffe7a630000 - 0x00007ffe7a64b000 	C:\WINDOWS\SYSTEM32\CRYPTSP.dll
0x00007ffe79e90000 - 0x00007ffe79ec7000 	C:\WINDOWS\system32\rsaenh.dll
0x00007ffe7a4a0000 - 0x00007ffe7a4c8000 	C:\WINDOWS\SYSTEM32\USERENV.dll
0x00007ffe7a620000 - 0x00007ffe7a62c000 	C:\WINDOWS\SYSTEM32\CRYPTBASE.dll
0x00007ffe79970000 - 0x00007ffe7999d000 	C:\WINDOWS\SYSTEM32\IPHLPAPI.DLL
0x00007ffe7c310000 - 0x00007ffe7c319000 	C:\WINDOWS\System32\NSI.dll
0x00007ffe484f0000 - 0x00007ffe48539000 	C:\Users\12345\AppData\Local\Temp\jna-46792755\jna4844880557175641168.dll
0x00007ffe7c120000 - 0x00007ffe7c128000 	C:\WINDOWS\System32\PSAPI.DLL
0x00007ffe75d70000 - 0x00007ffe75d89000 	C:\WINDOWS\SYSTEM32\dhcpcsvc6.DLL
0x00007ffe75d00000 - 0x00007ffe75d1f000 	C:\WINDOWS\SYSTEM32\dhcpcsvc.DLL
0x00007ffe7a040000 - 0x00007ffe7a074000 	C:\WINDOWS\SYSTEM32\ntmarta.dll

JVMTI agents:
c:\Users\12345\.vscode\extensions\redhat.java-1.46.0-win32-x64\lombok\lombok-1.18.39-4050.jar path:c:\Users\12345\.vscode\extensions\redhat.java-1.46.0-win32-x64\jre\21.0.8-win32-x86_64\bin\instrument.dll, loaded, initialized, instrumentlib options:none

dbghelp: loaded successfully - version: 4.0.5 - missing functions: none
symbol engine: initialized successfully - sym options: 0x614 - pdb path: .;c:\Users\12345\.vscode\extensions\redhat.java-1.46.0-win32-x64\jre\21.0.8-win32-x86_64\bin;C:\WINDOWS\SYSTEM32;C:\WINDOWS\WinSxS\amd64_microsoft.windows.common-controls_6595b64144ccf1df_6.0.22621.5697_none_27154c497380d676;c:\Users\12345\.vscode\extensions\redhat.java-1.46.0-win32-x64\jre\21.0.8-win32-x86_64\bin\server;C:\Users\12345\AppData\Roaming\Code\User\globalStorage\redhat.java\1.46.0\config_win\org.eclipse.equinox.launcher\org.eclipse.equinox.launcher.win32.win32.x86_64_1.2.1400.v20250801-0854;C:\Users\12345\AppData\Local\Temp\jna-46792755

VM Arguments:
jvm_args: --add-modules=ALL-SYSTEM --add-opens=java.base/java.util=ALL-UNNAMED --add-opens=java.base/java.lang=ALL-UNNAMED --add-opens=java.base/sun.nio.fs=ALL-UNNAMED -Declipse.application=org.eclipse.jdt.ls.core.id1 -Dosgi.bundles.defaultStartLevel=4 -Declipse.product=org.eclipse.jdt.ls.core.product -Djava.import.generatesMetadataFilesAtProjectRoot=false -DDetectVMInstallationsJob.disabled=true -Dfile.encoding=utf8 -XX:+UseParallelGC -XX:GCTimeRatio=4 -XX:AdaptiveSizePolicyWeight=90 -Dsun.zip.disableMemoryMapping=true -Xmx2G -Xms100m -Xlog:disable -javaagent:c:\Users\12345\.vscode\extensions\redhat.java-1.46.0-win32-x64\lombok\lombok-1.18.39-4050.jar -XX:+HeapDumpOnOutOfMemoryError -XX:HeapDumpPath=c:\Users\12345\AppData\Roaming\Code\User\workspaceStorage\676b7cd3ff3015699f0f15c4871616e0\redhat.java -Daether.dependencyCollector.impl=bf 
java_command: c:\Users\12345\.vscode\extensions\redhat.java-1.46.0-win32-x64\server\plugins\org.eclipse.equinox.launcher_1.7.0.v20250519-0528.jar -configuration c:\Users\12345\AppData\Roaming\Code\User\globalStorage\redhat.java\1.46.0\config_win -data c:\Users\12345\AppData\Roaming\Code\User\workspaceStorage\676b7cd3ff3015699f0f15c4871616e0\redhat.java\jdt_ws --pipe=\\.\pipe\lsp-bb593cc024ff43acbfc578b9c3fd14aa-sock
java_class_path (initial): c:\Users\12345\.vscode\extensions\redhat.java-1.46.0-win32-x64\server\plugins\org.eclipse.equinox.launcher_1.7.0.v20250519-0528.jar
Launcher Type: SUN_STANDARD

[Global flags]
    uintx AdaptiveSizePolicyWeight                 = 90                                        {product} {command line}
     intx CICompilerCount                          = 4                                         {product} {ergonomic}
    uintx GCTimeRatio                              = 4                                         {product} {command line}
     bool HeapDumpOnOutOfMemoryError               = true                                   {manageable} {command line}
    ccstr HeapDumpPath                             = c:\Users\12345\AppData\Roaming\Code\User\workspaceStorage\676b7cd3ff3015699f0f15c4871616e0\redhat.java         {manageable} {command line}
   size_t InitialHeapSize                          = 104857600                                 {product} {command line}
   size_t MaxHeapSize                              = 2147483648                                {product} {command line}
   size_t MaxNewSize                               = 715653120                                 {product} {ergonomic}
   size_t MinHeapDeltaBytes                        = 524288                                    {product} {ergonomic}
   size_t MinHeapSize                              = 104857600                                 {product} {command line}
   size_t NewSize                                  = 34603008                                  {product} {ergonomic}
    uintx NonNMethodCodeHeapSize                   = 5839372                                {pd product} {ergonomic}
    uintx NonProfiledCodeHeapSize                  = 122909434                              {pd product} {ergonomic}
   size_t OldSize                                  = 70254592                                  {product} {ergonomic}
    uintx ProfiledCodeHeapSize                     = 122909434                              {pd product} {ergonomic}
    uintx ReservedCodeCacheSize                    = 251658240                              {pd product} {ergonomic}
     bool SegmentedCodeCache                       = true                                      {product} {ergonomic}
   size_t SoftMaxHeapSize                          = 2147483648                             {manageable} {ergonomic}
     bool UseCompressedOops                        = true                           {product lp64_product} {ergonomic}
     bool UseLargePagesIndividualAllocation        = false                                  {pd product} {ergonomic}
     bool UseParallelGC                            = true                                      {product} {command line}

Logging:
Log output configuration:
 #0: stdout all=off uptime,level,tags foldmultilines=false
 #1: stderr all=off uptime,level,tags foldmultilines=false

Environment Variables:
PATH=C:\Program Files (x86)\Razer Chroma SDK\bin;C:\Program Files\Razer Chroma SDK\bin;C:\Program Files (x86)\Common Files\Oracle\Java\javapath;C:\Program Files (x86)\Common Files\Intel\Shared Libraries\redist\intel64\compiler;C:\WINDOWS\system32;C:\WINDOWS;C:\WINDOWS\System32\Wbem;C:\WINDOWS\System32\WindowsPowerShell\v1.0\;C:\WINDOWS\System32\OpenSSH\;C:\Program Files\NVIDIA Corporation\NVIDIA app\NvDLISR;C:\Program Files (x86)\NVIDIA Corporation\PhysX\Common;C:\WINDOWS\system32\config\systemprofile\AppData\Local\Microsoft\WindowsApps;C:\Program Files (x86)\Razer\ChromaBroadcast\bin;C:\Program Files\Razer\ChromaBroadcast\bin;C:\Users\12345\AppData\Local\Microsoft\WindowsApps;C:\Users\12345\AppData\Local\spicetify;C:\Program Files\nodejs\;C:\WINDOWS\system32;C:\WINDOWS;C:\WINDOWS\System32\Wbem;C:\WINDOWS\System32\WindowsPowerShell\v1.0\;C:\WINDOWS\System32\OpenSSH\;C:\Program Files\dotnet\;C:\Program Files\Cloudflare\Cloudflare WARP\;C:\Program Files\Git\cmd;C:\Users\12345\AppData\Local\Microsoft\WindowsApps;C:\Users\12345\AppData\Local\spicetify;G:\program files\Microsoft VS Code\bin;C:\Users\12345\AppData\Roaming\npm;C:\Users\12345\AppData\Local\Programs\Windsurf\bin;C:\Users\12345\AppData\Local\Microsoft\WindowsApps;D:\flutter\flutter\bin
USERNAME=12345
OS=Windows_NT
PROCESSOR_IDENTIFIER=AMD64 Family 25 Model 97 Stepping 2, AuthenticAMD
TMP=C:\Users\12345\AppData\Local\Temp
TEMP=C:\Users\12345\AppData\Local\Temp




Periodic native trim disabled

---------------  S Y S T E M  ---------------

OS:
 Windows 11 , 64 bit Build 22621 (10.0.22621.5415)
OS uptime: 0 days 0:25 hours
Hyper-V role detected

CPU: total 12 (initial active 12) (12 cores per cpu, 2 threads per core) family 25 model 97 stepping 2 microcode 0x0, cx8, cmov, fxsr, ht, mmx, 3dnowpref, sse, sse2, sse3, ssse3, sse4a, sse4.1, sse4.2, popcnt, lzcnt, tsc, tscinvbit, avx, avx2, aes, erms, clmul, bmi1, bmi2, adx, avx512f, avx512dq, avx512cd, avx512bw, avx512vl, sha, fma, vzeroupper, avx512_vpopcntdq, avx512_vpclmulqdq, avx512_vaes, avx512_vnni, clflush, clflushopt, avx512_vbmi2, avx512_vbmi, hv, rdtscp, rdpid, fsrm, gfni, avx512_bitalg, f16c, cet_ss, avx512_ifma
Processor Information for the first 12 processors :
  Max Mhz: 3801, Current Mhz: 3801, Mhz Limit: 3801

Memory: 4k page, system-wide physical 15400M (4292M free)
TotalPageFile size 15400M (AvailPageFile size 5M)
current process WorkingSet (physical memory assigned to process): 423M, peak: 424M
current process commit charge ("private bytes"): 453M, peak: 455M

vm_info: OpenJDK 64-Bit Server VM (21.0.8+9-LTS) for windows-amd64 JRE (21.0.8+9-LTS), built on 2025-07-15T00:00:00Z by "admin" with MS VC++ 17.7 (VS2022)

END.
